

Microchip Technology PIC LITE Macro Assembler V1.33 build 59893 
                                                                                               Sat Oct 17 18:11:53 2015

Microchip Technology Omniscient Code Generator (Lite mode) build 59893
     1                           	processor	16F1829
     2                           	opt	pw 120
     3                           	opt	lm
     4                           	psect	text0,local,class=CODE,merge=1,delta=2
     5                           	psect	cinit,global,class=CODE,merge=1,delta=2
     6                           	psect	bssCOMMON,global,class=COMMON,space=1,delta=1
     7                           	psect	cstackCOMMON,global,class=COMMON,space=1,delta=1
     8                           	psect	maintext,global,class=CODE,merge=1,split=1,delta=2
     9                           	psect	text1,local,class=CODE,merge=1,delta=2
    10                           	psect	text2,local,class=CODE,merge=1,delta=2
    11                           	psect	text3,local,class=CODE,merge=1,delta=2
    12                           	psect	text4,local,class=CODE,merge=1,delta=2
    13                           	psect	text5,local,class=CODE,merge=1,delta=2
    14                           	psect	intentry,global,class=CODE,delta=2
    15                           	psect	text7,local,class=CODE,merge=1,delta=2
    16                           	psect	text8,local,class=CODE,merge=1,delta=2
    17                           	psect	text9,local,class=CODE,merge=1,delta=2
    18                           	psect	text10,local,class=CODE,merge=1,delta=2
    19                           	psect	text11,local,class=CODE,merge=1,delta=2
    20                           	psect	text12,local,class=CODE,merge=1,delta=2
    21                           	dabs	1,0x7E,2
    22  0000                     	;# 
    23  0001                     	;# 
    24  0002                     	;# 
    25  0003                     	;# 
    26  0004                     	;# 
    27  0005                     	;# 
    28  0006                     	;# 
    29  0007                     	;# 
    30  0008                     	;# 
    31  0009                     	;# 
    32  000A                     	;# 
    33  000B                     	;# 
    34  000C                     	;# 
    35  000D                     	;# 
    36  000E                     	;# 
    37  0011                     	;# 
    38  0012                     	;# 
    39  0013                     	;# 
    40  0014                     	;# 
    41  0015                     	;# 
    42  0016                     	;# 
    43  0016                     	;# 
    44  0017                     	;# 
    45  0018                     	;# 
    46  0019                     	;# 
    47  001A                     	;# 
    48  001B                     	;# 
    49  001C                     	;# 
    50  001E                     	;# 
    51  001F                     	;# 
    52  008C                     	;# 
    53  008D                     	;# 
    54  008E                     	;# 
    55  0091                     	;# 
    56  0092                     	;# 
    57  0093                     	;# 
    58  0094                     	;# 
    59  0095                     	;# 
    60  0096                     	;# 
    61  0097                     	;# 
    62  0098                     	;# 
    63  0099                     	;# 
    64  009A                     	;# 
    65  009B                     	;# 
    66  009B                     	;# 
    67  009C                     	;# 
    68  009D                     	;# 
    69  009E                     	;# 
    70  010C                     	;# 
    71  010D                     	;# 
    72  010E                     	;# 
    73  0111                     	;# 
    74  0112                     	;# 
    75  0113                     	;# 
    76  0114                     	;# 
    77  0115                     	;# 
    78  0116                     	;# 
    79  0117                     	;# 
    80  0118                     	;# 
    81  0119                     	;# 
    82  011A                     	;# 
    83  011B                     	;# 
    84  011D                     	;# 
    85  011E                     	;# 
    86  018C                     	;# 
    87  018D                     	;# 
    88  018E                     	;# 
    89  0191                     	;# 
    90  0191                     	;# 
    91  0192                     	;# 
    92  0193                     	;# 
    93  0193                     	;# 
    94  0193                     	;# 
    95  0194                     	;# 
    96  0195                     	;# 
    97  0196                     	;# 
    98  0199                     	;# 
    99  019A                     	;# 
   100  019B                     	;# 
   101  019B                     	;# 
   102  019C                     	;# 
   103  019D                     	;# 
   104  019E                     	;# 
   105  019F                     	;# 
   106  020C                     	;# 
   107  020D                     	;# 
   108  020E                     	;# 
   109  0211                     	;# 
   110  0211                     	;# 
   111  0212                     	;# 
   112  0212                     	;# 
   113  0213                     	;# 
   114  0213                     	;# 
   115  0214                     	;# 
   116  0214                     	;# 
   117  0215                     	;# 
   118  0215                     	;# 
   119  0215                     	;# 
   120  0216                     	;# 
   121  0216                     	;# 
   122  0217                     	;# 
   123  0217                     	;# 
   124  0219                     	;# 
   125  021A                     	;# 
   126  021B                     	;# 
   127  021C                     	;# 
   128  021D                     	;# 
   129  021E                     	;# 
   130  021F                     	;# 
   131  0291                     	;# 
   132  0291                     	;# 
   133  0292                     	;# 
   134  0293                     	;# 
   135  0294                     	;# 
   136  0295                     	;# 
   137  0295                     	;# 
   138  0296                     	;# 
   139  0298                     	;# 
   140  0298                     	;# 
   141  0299                     	;# 
   142  029A                     	;# 
   143  029B                     	;# 
   144  029C                     	;# 
   145  029D                     	;# 
   146  029E                     	;# 
   147  0311                     	;# 
   148  0311                     	;# 
   149  0312                     	;# 
   150  0313                     	;# 
   151  0318                     	;# 
   152  0318                     	;# 
   153  0319                     	;# 
   154  031A                     	;# 
   155  038C                     	;# 
   156  038D                     	;# 
   157  038E                     	;# 
   158  0391                     	;# 
   159  0392                     	;# 
   160  0393                     	;# 
   161  0394                     	;# 
   162  0395                     	;# 
   163  0396                     	;# 
   164  039A                     	;# 
   165  039C                     	;# 
   166  039D                     	;# 
   167  039E                     	;# 
   168  039F                     	;# 
   169  0415                     	;# 
   170  0416                     	;# 
   171  0417                     	;# 
   172  041C                     	;# 
   173  041D                     	;# 
   174  041E                     	;# 
   175  0FE4                     	;# 
   176  0FE5                     	;# 
   177  0FE6                     	;# 
   178  0FE7                     	;# 
   179  0FE8                     	;# 
   180  0FE9                     	;# 
   181  0FEA                     	;# 
   182  0FEB                     	;# 
   183  0FED                     	;# 
   184  0FEE                     	;# 
   185  0FEF                     	;# 
   186  0000                     	;# 
   187  0001                     	;# 
   188  0002                     	;# 
   189  0003                     	;# 
   190  0004                     	;# 
   191  0005                     	;# 
   192  0006                     	;# 
   193  0007                     	;# 
   194  0008                     	;# 
   195  0009                     	;# 
   196  000A                     	;# 
   197  000B                     	;# 
   198  000C                     	;# 
   199  000D                     	;# 
   200  000E                     	;# 
   201  0011                     	;# 
   202  0012                     	;# 
   203  0013                     	;# 
   204  0014                     	;# 
   205  0015                     	;# 
   206  0016                     	;# 
   207  0016                     	;# 
   208  0017                     	;# 
   209  0018                     	;# 
   210  0019                     	;# 
   211  001A                     	;# 
   212  001B                     	;# 
   213  001C                     	;# 
   214  001E                     	;# 
   215  001F                     	;# 
   216  008C                     	;# 
   217  008D                     	;# 
   218  008E                     	;# 
   219  0091                     	;# 
   220  0092                     	;# 
   221  0093                     	;# 
   222  0094                     	;# 
   223  0095                     	;# 
   224  0096                     	;# 
   225  0097                     	;# 
   226  0098                     	;# 
   227  0099                     	;# 
   228  009A                     	;# 
   229  009B                     	;# 
   230  009B                     	;# 
   231  009C                     	;# 
   232  009D                     	;# 
   233  009E                     	;# 
   234  010C                     	;# 
   235  010D                     	;# 
   236  010E                     	;# 
   237  0111                     	;# 
   238  0112                     	;# 
   239  0113                     	;# 
   240  0114                     	;# 
   241  0115                     	;# 
   242  0116                     	;# 
   243  0117                     	;# 
   244  0118                     	;# 
   245  0119                     	;# 
   246  011A                     	;# 
   247  011B                     	;# 
   248  011D                     	;# 
   249  011E                     	;# 
   250  018C                     	;# 
   251  018D                     	;# 
   252  018E                     	;# 
   253  0191                     	;# 
   254  0191                     	;# 
   255  0192                     	;# 
   256  0193                     	;# 
   257  0193                     	;# 
   258  0193                     	;# 
   259  0194                     	;# 
   260  0195                     	;# 
   261  0196                     	;# 
   262  0199                     	;# 
   263  019A                     	;# 
   264  019B                     	;# 
   265  019B                     	;# 
   266  019C                     	;# 
   267  019D                     	;# 
   268  019E                     	;# 
   269  019F                     	;# 
   270  020C                     	;# 
   271  020D                     	;# 
   272  020E                     	;# 
   273  0211                     	;# 
   274  0211                     	;# 
   275  0212                     	;# 
   276  0212                     	;# 
   277  0213                     	;# 
   278  0213                     	;# 
   279  0214                     	;# 
   280  0214                     	;# 
   281  0215                     	;# 
   282  0215                     	;# 
   283  0215                     	;# 
   284  0216                     	;# 
   285  0216                     	;# 
   286  0217                     	;# 
   287  0217                     	;# 
   288  0219                     	;# 
   289  021A                     	;# 
   290  021B                     	;# 
   291  021C                     	;# 
   292  021D                     	;# 
   293  021E                     	;# 
   294  021F                     	;# 
   295  0291                     	;# 
   296  0291                     	;# 
   297  0292                     	;# 
   298  0293                     	;# 
   299  0294                     	;# 
   300  0295                     	;# 
   301  0295                     	;# 
   302  0296                     	;# 
   303  0298                     	;# 
   304  0298                     	;# 
   305  0299                     	;# 
   306  029A                     	;# 
   307  029B                     	;# 
   308  029C                     	;# 
   309  029D                     	;# 
   310  029E                     	;# 
   311  0311                     	;# 
   312  0311                     	;# 
   313  0312                     	;# 
   314  0313                     	;# 
   315  0318                     	;# 
   316  0318                     	;# 
   317  0319                     	;# 
   318  031A                     	;# 
   319  038C                     	;# 
   320  038D                     	;# 
   321  038E                     	;# 
   322  0391                     	;# 
   323  0392                     	;# 
   324  0393                     	;# 
   325  0394                     	;# 
   326  0395                     	;# 
   327  0396                     	;# 
   328  039A                     	;# 
   329  039C                     	;# 
   330  039D                     	;# 
   331  039E                     	;# 
   332  039F                     	;# 
   333  0415                     	;# 
   334  0416                     	;# 
   335  0417                     	;# 
   336  041C                     	;# 
   337  041D                     	;# 
   338  041E                     	;# 
   339  0FE4                     	;# 
   340  0FE5                     	;# 
   341  0FE6                     	;# 
   342  0FE7                     	;# 
   343  0FE8                     	;# 
   344  0FE9                     	;# 
   345  0FEA                     	;# 
   346  0FEB                     	;# 
   347  0FED                     	;# 
   348  0FEE                     	;# 
   349  0FEF                     	;# 
   350  0000                     	;# 
   351  0001                     	;# 
   352  0002                     	;# 
   353  0003                     	;# 
   354  0004                     	;# 
   355  0005                     	;# 
   356  0006                     	;# 
   357  0007                     	;# 
   358  0008                     	;# 
   359  0009                     	;# 
   360  000A                     	;# 
   361  000B                     	;# 
   362  000C                     	;# 
   363  000D                     	;# 
   364  000E                     	;# 
   365  0011                     	;# 
   366  0012                     	;# 
   367  0013                     	;# 
   368  0014                     	;# 
   369  0015                     	;# 
   370  0016                     	;# 
   371  0016                     	;# 
   372  0017                     	;# 
   373  0018                     	;# 
   374  0019                     	;# 
   375  001A                     	;# 
   376  001B                     	;# 
   377  001C                     	;# 
   378  001E                     	;# 
   379  001F                     	;# 
   380  008C                     	;# 
   381  008D                     	;# 
   382  008E                     	;# 
   383  0091                     	;# 
   384  0092                     	;# 
   385  0093                     	;# 
   386  0094                     	;# 
   387  0095                     	;# 
   388  0096                     	;# 
   389  0097                     	;# 
   390  0098                     	;# 
   391  0099                     	;# 
   392  009A                     	;# 
   393  009B                     	;# 
   394  009B                     	;# 
   395  009C                     	;# 
   396  009D                     	;# 
   397  009E                     	;# 
   398  010C                     	;# 
   399  010D                     	;# 
   400  010E                     	;# 
   401  0111                     	;# 
   402  0112                     	;# 
   403  0113                     	;# 
   404  0114                     	;# 
   405  0115                     	;# 
   406  0116                     	;# 
   407  0117                     	;# 
   408  0118                     	;# 
   409  0119                     	;# 
   410  011A                     	;# 
   411  011B                     	;# 
   412  011D                     	;# 
   413  011E                     	;# 
   414  018C                     	;# 
   415  018D                     	;# 
   416  018E                     	;# 
   417  0191                     	;# 
   418  0191                     	;# 
   419  0192                     	;# 
   420  0193                     	;# 
   421  0193                     	;# 
   422  0193                     	;# 
   423  0194                     	;# 
   424  0195                     	;# 
   425  0196                     	;# 
   426  0199                     	;# 
   427  019A                     	;# 
   428  019B                     	;# 
   429  019B                     	;# 
   430  019C                     	;# 
   431  019D                     	;# 
   432  019E                     	;# 
   433  019F                     	;# 
   434  020C                     	;# 
   435  020D                     	;# 
   436  020E                     	;# 
   437  0211                     	;# 
   438  0211                     	;# 
   439  0212                     	;# 
   440  0212                     	;# 
   441  0213                     	;# 
   442  0213                     	;# 
   443  0214                     	;# 
   444  0214                     	;# 
   445  0215                     	;# 
   446  0215                     	;# 
   447  0215                     	;# 
   448  0216                     	;# 
   449  0216                     	;# 
   450  0217                     	;# 
   451  0217                     	;# 
   452  0219                     	;# 
   453  021A                     	;# 
   454  021B                     	;# 
   455  021C                     	;# 
   456  021D                     	;# 
   457  021E                     	;# 
   458  021F                     	;# 
   459  0291                     	;# 
   460  0291                     	;# 
   461  0292                     	;# 
   462  0293                     	;# 
   463  0294                     	;# 
   464  0295                     	;# 
   465  0295                     	;# 
   466  0296                     	;# 
   467  0298                     	;# 
   468  0298                     	;# 
   469  0299                     	;# 
   470  029A                     	;# 
   471  029B                     	;# 
   472  029C                     	;# 
   473  029D                     	;# 
   474  029E                     	;# 
   475  0311                     	;# 
   476  0311                     	;# 
   477  0312                     	;# 
   478  0313                     	;# 
   479  0318                     	;# 
   480  0318                     	;# 
   481  0319                     	;# 
   482  031A                     	;# 
   483  038C                     	;# 
   484  038D                     	;# 
   485  038E                     	;# 
   486  0391                     	;# 
   487  0392                     	;# 
   488  0393                     	;# 
   489  0394                     	;# 
   490  0395                     	;# 
   491  0396                     	;# 
   492  039A                     	;# 
   493  039C                     	;# 
   494  039D                     	;# 
   495  039E                     	;# 
   496  039F                     	;# 
   497  0415                     	;# 
   498  0416                     	;# 
   499  0417                     	;# 
   500  041C                     	;# 
   501  041D                     	;# 
   502  041E                     	;# 
   503  0FE4                     	;# 
   504  0FE5                     	;# 
   505  0FE6                     	;# 
   506  0FE7                     	;# 
   507  0FE8                     	;# 
   508  0FE9                     	;# 
   509  0FEA                     	;# 
   510  0FEB                     	;# 
   511  0FED                     	;# 
   512  0FEE                     	;# 
   513  0FEF                     	;# 
   514  0000                     	;# 
   515  0001                     	;# 
   516  0002                     	;# 
   517  0003                     	;# 
   518  0004                     	;# 
   519  0005                     	;# 
   520  0006                     	;# 
   521  0007                     	;# 
   522  0008                     	;# 
   523  0009                     	;# 
   524  000A                     	;# 
   525  000B                     	;# 
   526  000C                     	;# 
   527  000D                     	;# 
   528  000E                     	;# 
   529  0011                     	;# 
   530  0012                     	;# 
   531  0013                     	;# 
   532  0014                     	;# 
   533  0015                     	;# 
   534  0016                     	;# 
   535  0016                     	;# 
   536  0017                     	;# 
   537  0018                     	;# 
   538  0019                     	;# 
   539  001A                     	;# 
   540  001B                     	;# 
   541  001C                     	;# 
   542  001E                     	;# 
   543  001F                     	;# 
   544  008C                     	;# 
   545  008D                     	;# 
   546  008E                     	;# 
   547  0091                     	;# 
   548  0092                     	;# 
   549  0093                     	;# 
   550  0094                     	;# 
   551  0095                     	;# 
   552  0096                     	;# 
   553  0097                     	;# 
   554  0098                     	;# 
   555  0099                     	;# 
   556  009A                     	;# 
   557  009B                     	;# 
   558  009B                     	;# 
   559  009C                     	;# 
   560  009D                     	;# 
   561  009E                     	;# 
   562  010C                     	;# 
   563  010D                     	;# 
   564  010E                     	;# 
   565  0111                     	;# 
   566  0112                     	;# 
   567  0113                     	;# 
   568  0114                     	;# 
   569  0115                     	;# 
   570  0116                     	;# 
   571  0117                     	;# 
   572  0118                     	;# 
   573  0119                     	;# 
   574  011A                     	;# 
   575  011B                     	;# 
   576  011D                     	;# 
   577  011E                     	;# 
   578  018C                     	;# 
   579  018D                     	;# 
   580  018E                     	;# 
   581  0191                     	;# 
   582  0191                     	;# 
   583  0192                     	;# 
   584  0193                     	;# 
   585  0193                     	;# 
   586  0193                     	;# 
   587  0194                     	;# 
   588  0195                     	;# 
   589  0196                     	;# 
   590  0199                     	;# 
   591  019A                     	;# 
   592  019B                     	;# 
   593  019B                     	;# 
   594  019C                     	;# 
   595  019D                     	;# 
   596  019E                     	;# 
   597  019F                     	;# 
   598  020C                     	;# 
   599  020D                     	;# 
   600  020E                     	;# 
   601  0211                     	;# 
   602  0211                     	;# 
   603  0212                     	;# 
   604  0212                     	;# 
   605  0213                     	;# 
   606  0213                     	;# 
   607  0214                     	;# 
   608  0214                     	;# 
   609  0215                     	;# 
   610  0215                     	;# 
   611  0215                     	;# 
   612  0216                     	;# 
   613  0216                     	;# 
   614  0217                     	;# 
   615  0217                     	;# 
   616  0219                     	;# 
   617  021A                     	;# 
   618  021B                     	;# 
   619  021C                     	;# 
   620  021D                     	;# 
   621  021E                     	;# 
   622  021F                     	;# 
   623  0291                     	;# 
   624  0291                     	;# 
   625  0292                     	;# 
   626  0293                     	;# 
   627  0294                     	;# 
   628  0295                     	;# 
   629  0295                     	;# 
   630  0296                     	;# 
   631  0298                     	;# 
   632  0298                     	;# 
   633  0299                     	;# 
   634  029A                     	;# 
   635  029B                     	;# 
   636  029C                     	;# 
   637  029D                     	;# 
   638  029E                     	;# 
   639  0311                     	;# 
   640  0311                     	;# 
   641  0312                     	;# 
   642  0313                     	;# 
   643  0318                     	;# 
   644  0318                     	;# 
   645  0319                     	;# 
   646  031A                     	;# 
   647  038C                     	;# 
   648  038D                     	;# 
   649  038E                     	;# 
   650  0391                     	;# 
   651  0392                     	;# 
   652  0393                     	;# 
   653  0394                     	;# 
   654  0395                     	;# 
   655  0396                     	;# 
   656  039A                     	;# 
   657  039C                     	;# 
   658  039D                     	;# 
   659  039E                     	;# 
   660  039F                     	;# 
   661  0415                     	;# 
   662  0416                     	;# 
   663  0417                     	;# 
   664  041C                     	;# 
   665  041D                     	;# 
   666  041E                     	;# 
   667  0FE4                     	;# 
   668  0FE5                     	;# 
   669  0FE6                     	;# 
   670  0FE7                     	;# 
   671  0FE8                     	;# 
   672  0FE9                     	;# 
   673  0FEA                     	;# 
   674  0FEB                     	;# 
   675  0FED                     	;# 
   676  0FEE                     	;# 
   677  0FEF                     	;# 
   678  000C                     _PORTA	set	12
   679  000D                     _PORTB	set	13
   680  000E                     _PORTC	set	14
   681  001B                     _PR2	set	27
   682  001C                     _T2CON	set	28
   683  001A                     _TMR2	set	26
   684  005F                     _GIE	set	95
   685  005E                     _PEIE	set	94
   686  0060                     _RA0	set	96
   687  0061                     _RA1	set	97
   688  0062                     _RA2	set	98
   689  0063                     _RA3	set	99
   690  0064                     _RA4	set	100
   691  0065                     _RA5	set	101
   692  006D                     _RB5	set	109
   693  006F                     _RB7	set	111
   694  0070                     _RC0	set	112
   695  0071                     _RC1	set	113
   696  0072                     _RC2	set	114
   697  0073                     _RC3	set	115
   698  0074                     _RC4	set	116
   699  0075                     _RC5	set	117
   700  008B                     _SSP1IF	set	139
   701  00E2                     _TMR2ON	set	226
   702  0099                     _OSCCON	set	153
   703  008C                     _TRISA	set	140
   704  008D                     _TRISB	set	141
   705  008E                     _TRISC	set	142
   706  048B                     _SSP1IE	set	1163
   707  08F2                     _P1CSEL	set	2290
   708  08F3                     _P1DSEL	set	2291
   709  018C                     _ANSELA	set	396
   710  018D                     _ANSELB	set	397
   711  018E                     _ANSELC	set	398
   712  0211                     _SSP1BUF	set	529
   713  0215                     _SSP1CON1	set	533
   714  0214                     _SSP1STAT	set	532
   715  0214                     _SSP1STATbits	set	532
   716  0293                     _CCP1CON	set	659
   717  0292                     _CCPR1H	set	658
   718  0291                     _CCPR1L	set	657
   719  029E                     _CCPTMRS	set	670
   720  0296                     _PSTR1CON	set	662
   721                           
   722                           	psect	text0
   723  0000                     __ptext0:	
   724                           ; #config settings
   725                           
   726                           
   727                           ;psect for function i1_stop
   728  0000                     
   729                           	psect	cinit
   730  002F                     start_initialization:	
   731  002F                     __initialization:	
   732                           
   733                           ; Clear objects allocated to COMMON
   734  002F  01F5               	clrf	__pbssCOMMON& (0+127)
   735  0030                     end_of_initialization:	
   736                           ;End of C runtime variable initialization code
   737                           
   738  0030                     __end_of__initialization:	
   739  0030  107E               	bcf	pic14e$flags,0	;clear compiler interrupt flag
   740  0031  0020               	movlb	0
   741  0032  3180  28B5         	ljmp	_main	;jump to C main() function
   742                           
   743                           	psect	bssCOMMON
   744  0075                     __pbssCOMMON:	
   745  0075                     _r_data:	
   746  0075                     	ds	1
   747                           
   748                           	psect	cstackCOMMON
   749  0070                     __pcstackCOMMON:	
   750  0070                     ?_keep:	
   751  0070                     ?_right:	
   752                           ; 0 bytes @ 0x0
   753                           
   754  0070                     ??_right:	
   755                           ; 0 bytes @ 0x0
   756                           
   757  0070                     ?_speed:	
   758                           ; 0 bytes @ 0x0
   759                           
   760  0070                     ??_speed:	
   761                           ; 0 bytes @ 0x0
   762                           
   763  0070                     ?_left:	
   764                           ; 0 bytes @ 0x0
   765                           
   766  0070                     ??_left:	
   767                           ; 0 bytes @ 0x0
   768                           
   769  0070                     ?_pic_reg:	
   770                           ; 0 bytes @ 0x0
   771                           
   772  0070                     ?_pwm_reg:	
   773                           ; 0 bytes @ 0x0
   774                           
   775  0070                     ?_slave_reg:	
   776                           ; 0 bytes @ 0x0
   777                           
   778  0070                     ?_inter:	
   779                           ; 0 bytes @ 0x0
   780                           
   781  0070                     ?_main:	
   782                           ; 0 bytes @ 0x0
   783                           
   784  0070                     ?_stop:	
   785                           ; 0 bytes @ 0x0
   786                           
   787  0070                     ?i1_stop:	
   788                           ; 0 bytes @ 0x0
   789                           
   790  0070                     ??i1_stop:	
   791                           ; 0 bytes @ 0x0
   792                           
   793  0070                     ?i1_keep:	
   794                           ; 0 bytes @ 0x0
   795                           
   796  0070                     ??i1_keep:	
   797                           ; 0 bytes @ 0x0
   798                           
   799  0070                     ?_slave_read:	
   800                           ; 0 bytes @ 0x0
   801                           
   802  0070                     speed@ration:	
   803                           ; 2 bytes @ 0x0
   804                           
   805                           
   806                           ; 1 bytes @ 0x0
   807  0070                     	ds	2
   808  0072                     ??_slave_read:	
   809                           
   810                           ; 0 bytes @ 0x2
   811  0072                     	ds	1
   812  0073                     ??_inter:	
   813                           
   814                           ; 0 bytes @ 0x3
   815  0073                     	ds	1
   816  0074                     ??_keep:	
   817  0074                     ??_pic_reg:	
   818                           ; 0 bytes @ 0x4
   819                           
   820  0074                     ??_pwm_reg:	
   821                           ; 0 bytes @ 0x4
   822                           
   823  0074                     ??_slave_reg:	
   824                           ; 0 bytes @ 0x4
   825                           
   826  0074                     ??_stop:	
   827                           ; 0 bytes @ 0x4
   828                           
   829                           
   830                           ; 0 bytes @ 0x4
   831  0074                     	ds	1
   832  0075                     ??_main:	
   833                           
   834                           	psect	maintext
   835  00B5                     __pmaintext:	
   836                           ; 0 bytes @ 0x5
   837 ;;
   838 ;;Main: autosize = 0, tempsize = 0, incstack = 0, save=0
   839 ;;
   840 ;; *************** function _main *****************
   841 ;; Defined at:
   842 ;;		line 27 in file "main.c"
   843 ;; Parameters:    Size  Location     Type
   844 ;;		None
   845 ;; Auto vars:     Size  Location     Type
   846 ;;		None
   847 ;; Return value:  Size  Location     Type
   848 ;;		None               void
   849 ;; Registers used:
   850 ;;		wreg, status,2, status,0, pclath, cstack
   851 ;; Tracked objects:
   852 ;;		On entry : 17F/0
   853 ;;		On exit  : 0/0
   854 ;;		Unchanged: 0/0
   855 ;; Data sizes:     COMMON   BANK0   BANK1   BANK2   BANK3   BANK4   BANK5   BANK6   BANK7   BANK8   BANK9  BANK10  BANK1
      +1  BANK12
   856 ;;      Params:         0       0       0       0       0       0       0       0       0       0       0       0       
      +0       0
   857 ;;      Locals:         0       0       0       0       0       0       0       0       0       0       0       0       
      +0       0
   858 ;;      Temps:          0       0       0       0       0       0       0       0       0       0       0       0       
      +0       0
   859 ;;      Totals:         0       0       0       0       0       0       0       0       0       0       0       0       
      +0       0
   860 ;;Total ram usage:        0 bytes
   861 ;; Hardware stack levels required when called:    5
   862 ;; This function calls:
   863 ;;		_keep
   864 ;;		_pic_reg
   865 ;;		_pwm_reg
   866 ;;		_slave_reg
   867 ;; This function is called by:
   868 ;;		Startup code after reset
   869 ;; This function uses a non-reentrant model
   870 ;;
   871                           
   872                           
   873                           ;psect for function _main
   874  00B5                     _main:	
   875                           
   876                           ;main.c: 29: pic_reg();
   877                           
   878                           ;incstack = 0
   879                           ; Regs used in _main: [wreg+status,2+status,0+pclath+cstack]
   880  00B5  3180  2060  3180   	fcall	_pic_reg
   881                           
   882                           ;main.c: 30: pwm_reg();
   883  00B8  3180  2034  3180   	fcall	_pwm_reg
   884                           
   885                           ;main.c: 31: keep();
   886  00BB  3180  2071  3180   	fcall	_keep
   887                           
   888                           ;main.c: 33: slave_reg();
   889  00BE  3180  20D1  3180   	fcall	_slave_reg
   890                           
   891                           ;main.c: 35: PEIE = 1;
   892  00C1  170B               	bsf	11,6	;volatile
   893                           
   894                           ;main.c: 36: GIE = 1;
   895  00C2  178B               	bsf	11,7	;volatile
   896  00C3                     l34:	
   897                           ;main.c: 38: while(1);
   898                           
   899  00C3  28C3               	goto	l34
   900  00C4                     __end_of_main:	
   901                           
   902                           	psect	text1
   903  00D1                     __ptext1:	
   904 ;; *************** function _slave_reg *****************
   905 ;; Defined at:
   906 ;;		line 15 in file "spi.c"
   907 ;; Parameters:    Size  Location     Type
   908 ;;		None
   909 ;; Auto vars:     Size  Location     Type
   910 ;;		None
   911 ;; Return value:  Size  Location     Type
   912 ;;		None               void
   913 ;; Registers used:
   914 ;;		wreg, status,2
   915 ;; Tracked objects:
   916 ;;		On entry : 0/0
   917 ;;		On exit  : 0/0
   918 ;;		Unchanged: 0/0
   919 ;; Data sizes:     COMMON   BANK0   BANK1   BANK2   BANK3   BANK4   BANK5   BANK6   BANK7   BANK8   BANK9  BANK10  BANK1
      +1  BANK12
   920 ;;      Params:         0       0       0       0       0       0       0       0       0       0       0       0       
      +0       0
   921 ;;      Locals:         0       0       0       0       0       0       0       0       0       0       0       0       
      +0       0
   922 ;;      Temps:          0       0       0       0       0       0       0       0       0       0       0       0       
      +0       0
   923 ;;      Totals:         0       0       0       0       0       0       0       0       0       0       0       0       
      +0       0
   924 ;;Total ram usage:        0 bytes
   925 ;; Hardware stack levels used:    1
   926 ;; Hardware stack levels required when called:    3
   927 ;; This function calls:
   928 ;;		Nothing
   929 ;; This function is called by:
   930 ;;		_main
   931 ;; This function uses a non-reentrant model
   932 ;;
   933                           
   934                           
   935                           ;psect for function _slave_reg
   936  00D1                     _slave_reg:	
   937                           
   938                           ;spi.c: 25: SSP1CON1 = 0b00100100;
   939                           
   940                           ;incstack = 0
   941                           ; Regs used in _slave_reg: [wreg+status,2]
   942  00D1  3024               	movlw	36
   943  00D2  0024               	movlb	4	; select bank4
   944  00D3  0095               	movwf	21	;volatile
   945                           
   946                           ;spi.c: 26: SSP1STAT = 0b00000000;
   947  00D4  0194               	clrf	20	;volatile
   948                           
   949                           ;spi.c: 29: SSP1IF = 0;
   950  00D5  0020               	movlb	0	; select bank0
   951  00D6  1191               	bcf	17,3	;volatile
   952                           
   953                           ;spi.c: 30: SSP1IE = 1;
   954  00D7  0021               	movlb	1	; select bank1
   955  00D8  1591               	bsf	17,3	;volatile
   956  00D9  0008               	return
   957  00DA                     __end_of_slave_reg:	
   958                           
   959                           	psect	text2
   960  0034                     __ptext2:	
   961 ;; *************** function _pwm_reg *****************
   962 ;; Defined at:
   963 ;;		line 5 in file "pwm.c"
   964 ;; Parameters:    Size  Location     Type
   965 ;;		None
   966 ;; Auto vars:     Size  Location     Type
   967 ;;		None
   968 ;; Return value:  Size  Location     Type
   969 ;;		None               void
   970 ;; Registers used:
   971 ;;		wreg, status,2
   972 ;; Tracked objects:
   973 ;;		On entry : 0/0
   974 ;;		On exit  : 0/0
   975 ;;		Unchanged: 0/0
   976 ;; Data sizes:     COMMON   BANK0   BANK1   BANK2   BANK3   BANK4   BANK5   BANK6   BANK7   BANK8   BANK9  BANK10  BANK1
      +1  BANK12
   977 ;;      Params:         0       0       0       0       0       0       0       0       0       0       0       0       
      +0       0
   978 ;;      Locals:         0       0       0       0       0       0       0       0       0       0       0       0       
      +0       0
   979 ;;      Temps:          0       0       0       0       0       0       0       0       0       0       0       0       
      +0       0
   980 ;;      Totals:         0       0       0       0       0       0       0       0       0       0       0       0       
      +0       0
   981 ;;Total ram usage:        0 bytes
   982 ;; Hardware stack levels used:    1
   983 ;; Hardware stack levels required when called:    3
   984 ;; This function calls:
   985 ;;		Nothing
   986 ;; This function is called by:
   987 ;;		_main
   988 ;; This function uses a non-reentrant model
   989 ;;
   990                           
   991                           
   992                           ;psect for function _pwm_reg
   993  0034                     _pwm_reg:	
   994                           
   995                           ;pwm.c: 8: CCPTMRS = 0x00;
   996                           
   997                           ;incstack = 0
   998                           ; Regs used in _pwm_reg: [wreg+status,2]
   999  0034  0025               	movlb	5	; select bank5
  1000  0035  019E               	clrf	30	;volatile
  1001                           
  1002                           ;pwm.c: 9: CCP1CON = 0xCC;
  1003  0036  30CC               	movlw	204
  1004  0037  0093               	movwf	19	;volatile
  1005                           
  1006                           ;pwm.c: 10: PSTR1CON = 0x0A;
  1007  0038  300A               	movlw	10
  1008  0039  0096               	movwf	22	;volatile
  1009                           
  1010                           ;pwm.c: 11: CCPR1L = 0;
  1011  003A  0191               	clrf	17	;volatile
  1012                           
  1013                           ;pwm.c: 12: P1CSEL = 0;
  1014  003B  0022               	movlb	2	; select bank2
  1015  003C  111E               	bcf	30,2	;volatile
  1016                           
  1017                           ;pwm.c: 13: P1DSEL = 0;
  1018  003D  119E               	bcf	30,3	;volatile
  1019                           
  1020                           ;pwm.c: 14: T2CON = 0x02;
  1021  003E  3002               	movlw	2
  1022  003F  0020               	movlb	0	; select bank0
  1023  0040  009C               	movwf	28	;volatile
  1024                           
  1025                           ;pwm.c: 15: PR2 = 124;
  1026  0041  307C               	movlw	124
  1027  0042  009B               	movwf	27	;volatile
  1028                           
  1029                           ;pwm.c: 16: CCPR1L = 0;
  1030  0043  0025               	movlb	5	; select bank5
  1031  0044  0191               	clrf	17	;volatile
  1032                           
  1033                           ;pwm.c: 17: CCPR1H = 0;
  1034  0045  0192               	clrf	18	;volatile
  1035                           
  1036                           ;pwm.c: 18: TMR2 = 0;
  1037  0046  0020               	movlb	0	; select bank0
  1038  0047  019A               	clrf	26	;volatile
  1039                           
  1040                           ;pwm.c: 19: TMR2ON = 1;
  1041  0048  151C               	bsf	28,2	;volatile
  1042  0049  0008               	return
  1043  004A                     __end_of_pwm_reg:	
  1044                           
  1045                           	psect	text3
  1046  0060                     __ptext3:	
  1047 ;; *************** function _pic_reg *****************
  1048 ;; Defined at:
  1049 ;;		line 3 in file "pic16f1829_config.c"
  1050 ;; Parameters:    Size  Location     Type
  1051 ;;		None
  1052 ;; Auto vars:     Size  Location     Type
  1053 ;;		None
  1054 ;; Return value:  Size  Location     Type
  1055 ;;		None               void
  1056 ;; Registers used:
  1057 ;;		wreg, status,2
  1058 ;; Tracked objects:
  1059 ;;		On entry : 0/0
  1060 ;;		On exit  : 0/0
  1061 ;;		Unchanged: 0/0
  1062 ;; Data sizes:     COMMON   BANK0   BANK1   BANK2   BANK3   BANK4   BANK5   BANK6   BANK7   BANK8   BANK9  BANK10  BANK1
      +1  BANK12
  1063 ;;      Params:         0       0       0       0       0       0       0       0       0       0       0       0       
      +0       0
  1064 ;;      Locals:         0       0       0       0       0       0       0       0       0       0       0       0       
      +0       0
  1065 ;;      Temps:          0       0       0       0       0       0       0       0       0       0       0       0       
      +0       0
  1066 ;;      Totals:         0       0       0       0       0       0       0       0       0       0       0       0       
      +0       0
  1067 ;;Total ram usage:        0 bytes
  1068 ;; Hardware stack levels used:    1
  1069 ;; Hardware stack levels required when called:    3
  1070 ;; This function calls:
  1071 ;;		Nothing
  1072 ;; This function is called by:
  1073 ;;		_main
  1074 ;; This function uses a non-reentrant model
  1075 ;;
  1076                           
  1077                           
  1078                           ;psect for function _pic_reg
  1079  0060                     _pic_reg:	
  1080                           
  1081                           ;pic16f1829_config.c: 6: OSCCON = 0x72;
  1082                           
  1083                           ;incstack = 0
  1084                           ; Regs used in _pic_reg: [wreg+status,2]
  1085  0060  3072               	movlw	114
  1086  0061  0021               	movlb	1	; select bank1
  1087  0062  0099               	movwf	25	;volatile
  1088                           
  1089                           ;pic16f1829_config.c: 7: TRISA = 0x00;
  1090  0063  018C               	clrf	12	;volatile
  1091                           
  1092                           ;pic16f1829_config.c: 8: TRISB = 0x50;
  1093  0064  3050               	movlw	80
  1094  0065  008D               	movwf	13	;volatile
  1095                           
  1096                           ;pic16f1829_config.c: 9: TRISC = 0x40;
  1097  0066  3040               	movlw	64
  1098  0067  008E               	movwf	14	;volatile
  1099                           
  1100                           ;pic16f1829_config.c: 10: PORTA = 0x00;
  1101  0068  0020               	movlb	0	; select bank0
  1102  0069  018C               	clrf	12	;volatile
  1103                           
  1104                           ;pic16f1829_config.c: 11: PORTB = 0x00;
  1105  006A  018D               	clrf	13	;volatile
  1106                           
  1107                           ;pic16f1829_config.c: 12: PORTC = 0x00;
  1108  006B  018E               	clrf	14	;volatile
  1109                           
  1110                           ;pic16f1829_config.c: 13: ANSELA = 0x00;
  1111  006C  0023               	movlb	3	; select bank3
  1112  006D  018C               	clrf	12	;volatile
  1113                           
  1114                           ;pic16f1829_config.c: 14: ANSELB = 0x00;
  1115  006E  018D               	clrf	13	;volatile
  1116                           
  1117                           ;pic16f1829_config.c: 15: ANSELC = 0x00;
  1118  006F  018E               	clrf	14	;volatile
  1119  0070  0008               	return
  1120  0071                     __end_of_pic_reg:	
  1121                           
  1122                           	psect	text4
  1123  0071                     __ptext4:	
  1124 ;; *************** function _keep *****************
  1125 ;; Defined at:
  1126 ;;		line 29 in file "pwm.c"
  1127 ;; Parameters:    Size  Location     Type
  1128 ;;		None
  1129 ;; Auto vars:     Size  Location     Type
  1130 ;;		None
  1131 ;; Return value:  Size  Location     Type
  1132 ;;		None               void
  1133 ;; Registers used:
  1134 ;;		wreg, status,2, status,0, pclath, cstack
  1135 ;; Tracked objects:
  1136 ;;		On entry : 0/0
  1137 ;;		On exit  : 0/0
  1138 ;;		Unchanged: 0/0
  1139 ;; Data sizes:     COMMON   BANK0   BANK1   BANK2   BANK3   BANK4   BANK5   BANK6   BANK7   BANK8   BANK9  BANK10  BANK1
      +1  BANK12
  1140 ;;      Params:         0       0       0       0       0       0       0       0       0       0       0       0       
      +0       0
  1141 ;;      Locals:         0       0       0       0       0       0       0       0       0       0       0       0       
      +0       0
  1142 ;;      Temps:          1       0       0       0       0       0       0       0       0       0       0       0       
      +0       0
  1143 ;;      Totals:         1       0       0       0       0       0       0       0       0       0       0       0       
      +0       0
  1144 ;;Total ram usage:        1 bytes
  1145 ;; Hardware stack levels used:    1
  1146 ;; Hardware stack levels required when called:    4
  1147 ;; This function calls:
  1148 ;;		_stop
  1149 ;; This function is called by:
  1150 ;;		_main
  1151 ;; This function uses a non-reentrant model
  1152 ;;
  1153                           
  1154                           
  1155                           ;psect for function _keep
  1156  0071                     _keep:	
  1157                           
  1158                           ;pwm.c: 30: if(CCP1CON != 0x00){
  1159                           
  1160                           ;incstack = 0
  1161                           ; Regs used in _keep: [wreg+status,2+status,0+pclath+cstack]
  1162  0071  0025               	movlb	5	; select bank5
  1163  0072  0813               	movf	19,w	;volatile
  1164  0073  1903               	btfsc	3,2
  1165  0074  287E               	goto	l713
  1166                           
  1167                           ;pwm.c: 31: stop();
  1168  0075  3180  20DA  3180   	fcall	_stop
  1169                           
  1170                           ;pwm.c: 32: _delay((unsigned long)((100)*(8000000/4000000.0)));
  1171  0078  3042               	movlw	66
  1172  0079  00F4               	movwf	??_keep
  1173  007A                     u407:	
  1174  007A  0BF4               	decfsz	??_keep,f
  1175  007B  287A               	goto	u407
  1176  007C  0000               	nop
  1177  007D  0025               	movlb	5	; select bank5
  1178  007E                     l713:	
  1179                           
  1180                           ;pwm.c: 33: }
  1181                           ;pwm.c: 34: PORTC = 0x14;
  1182  007E  3014               	movlw	20
  1183  007F  0020               	movlb	0	; select bank0
  1184  0080  008E               	movwf	14	;volatile
  1185  0081  0008               	return
  1186  0082                     __end_of_keep:	
  1187                           
  1188                           	psect	text5
  1189  00DA                     __ptext5:	
  1190 ;; *************** function _stop *****************
  1191 ;; Defined at:
  1192 ;;		line 24 in file "pwm.c"
  1193 ;; Parameters:    Size  Location     Type
  1194 ;;		None
  1195 ;; Auto vars:     Size  Location     Type
  1196 ;;		None
  1197 ;; Return value:  Size  Location     Type
  1198 ;;		None               void
  1199 ;; Registers used:
  1200 ;;		status,2
  1201 ;; Tracked objects:
  1202 ;;		On entry : 0/0
  1203 ;;		On exit  : 0/0
  1204 ;;		Unchanged: 0/0
  1205 ;; Data sizes:     COMMON   BANK0   BANK1   BANK2   BANK3   BANK4   BANK5   BANK6   BANK7   BANK8   BANK9  BANK10  BANK1
      +1  BANK12
  1206 ;;      Params:         0       0       0       0       0       0       0       0       0       0       0       0       
      +0       0
  1207 ;;      Locals:         0       0       0       0       0       0       0       0       0       0       0       0       
      +0       0
  1208 ;;      Temps:          0       0       0       0       0       0       0       0       0       0       0       0       
      +0       0
  1209 ;;      Totals:         0       0       0       0       0       0       0       0       0       0       0       0       
      +0       0
  1210 ;;Total ram usage:        0 bytes
  1211 ;; Hardware stack levels used:    1
  1212 ;; Hardware stack levels required when called:    3
  1213 ;; This function calls:
  1214 ;;		Nothing
  1215 ;; This function is called by:
  1216 ;;		_keep
  1217 ;; This function uses a non-reentrant model
  1218 ;;
  1219                           
  1220                           
  1221                           ;psect for function _stop
  1222  00DA                     _stop:	
  1223                           
  1224                           ;pwm.c: 25: PORTC = 0x00;
  1225                           
  1226                           ;incstack = 0
  1227                           ; Regs used in _stop: [status,2]
  1228  00DA  0020               	movlb	0	; select bank0
  1229  00DB  018E               	clrf	14	;volatile
  1230                           
  1231                           ;pwm.c: 26: CCP1CON = 0x00;
  1232  00DC  0025               	movlb	5	; select bank5
  1233  00DD  0193               	clrf	19	;volatile
  1234  00DE  0008               	return
  1235  00DF                     __end_of_stop:	
  1236                           
  1237                           	psect	intentry
  1238  0004                     __pintentry:	
  1239 ;; *************** function _inter *****************
  1240 ;; Defined at:
  1241 ;;		line 7 in file "main.c"
  1242 ;; Parameters:    Size  Location     Type
  1243 ;;		None
  1244 ;; Auto vars:     Size  Location     Type
  1245 ;;		None
  1246 ;; Return value:  Size  Location     Type
  1247 ;;		None               void
  1248 ;; Registers used:
  1249 ;;		wreg, status,2, status,0, pclath, cstack
  1250 ;; Tracked objects:
  1251 ;;		On entry : 0/0
  1252 ;;		On exit  : 0/0
  1253 ;;		Unchanged: 0/0
  1254 ;; Data sizes:     COMMON   BANK0   BANK1   BANK2   BANK3   BANK4   BANK5   BANK6   BANK7   BANK8   BANK9  BANK10  BANK1
      +1  BANK12
  1255 ;;      Params:         0       0       0       0       0       0       0       0       0       0       0       0       
      +0       0
  1256 ;;      Locals:         0       0       0       0       0       0       0       0       0       0       0       0       
      +0       0
  1257 ;;      Temps:          1       0       0       0       0       0       0       0       0       0       0       0       
      +0       0
  1258 ;;      Totals:         1       0       0       0       0       0       0       0       0       0       0       0       
      +0       0
  1259 ;;Total ram usage:        1 bytes
  1260 ;; Hardware stack levels used:    1
  1261 ;; Hardware stack levels required when called:    2
  1262 ;; This function calls:
  1263 ;;		_left
  1264 ;;		_right
  1265 ;;		_slave_read
  1266 ;;		_speed
  1267 ;;		i1_keep
  1268 ;; This function is called by:
  1269 ;;		Interrupt level 1
  1270 ;; This function uses a non-reentrant model
  1271 ;;
  1272                           
  1273  0004                     _inter:	
  1274                           
  1275                           ;incstack = 0
  1276                           ; Regs used in _inter: [wreg+status,2+status,0+pclath+cstack]
  1277  0004  147E               	bsf	126,0	;set compiler interrupt flag
  1278  0005  3180               	pagesel	$
  1279  0006  0020               	movlb	0	; select bank0
  1280  0007  087F               	movf	127,w
  1281  0008  00F3               	movwf	??_inter
  1282                           
  1283                           ;main.c: 9: if((slave_read()) == 0){
  1284  0009  3180  204A  3180   	fcall	_slave_read
  1285  000C  0871               	movf	?_slave_read+1,w
  1286  000D  0470               	iorwf	?_slave_read,w
  1287  000E  1D03               	skipz
  1288  000F  2827               	goto	i1l799
  1289                           
  1290                           ;main.c: 11: if((r_data & 0x7F) == 0x00){
  1291  0010  0875               	movf	_r_data,w
  1292  0011  397F               	andlw	127
  1293  0012  1D03               	btfss	3,2
  1294  0013  2818               	goto	i1l26
  1295                           
  1296                           ;main.c: 12: keep();
  1297  0014  3180  2082  3180   	fcall	i1_keep
  1298                           
  1299                           ;main.c: 13: }else if((r_data & 0x80) == 0x80){
  1300  0017  2827               	goto	i1l799
  1301  0018                     i1l26:	
  1302  0018  1FF5               	btfss	_r_data,7
  1303  0019  281E               	goto	i1l28
  1304                           
  1305                           ;main.c: 14: right();
  1306  001A  3180  2093  3180   	fcall	_right
  1307  001D  2823               	goto	L1
  1308  001E                     i1l28:	
  1309                           ;main.c: 16: }else if((r_data & 0x80) == 0x00){
  1310                           
  1311                           ;main.c: 15: speed(r_data & 0x7E);
  1312                           
  1313  001E  1BF5               	btfsc	_r_data,7
  1314  001F  2827               	goto	i1l799
  1315                           
  1316                           ;main.c: 17: left();
  1317  0020  3180  20A4  3180   	fcall	_left
  1318  0023                     L1:	
  1319                           
  1320                           ;main.c: 18: speed(r_data & 0x7E);
  1321  0023  0875               	movf	_r_data,w
  1322  0024  397E               	andlw	126
  1323  0025  3180  20C4         	fcall	_speed
  1324  0027                     i1l799:	
  1325                           
  1326                           ;main.c: 19: }
  1327                           ;main.c: 21: }
  1328                           ;main.c: 23: GIE = 1;
  1329  0027  178B               	bsf	11,7	;volatile
  1330  0028  0873               	movf	??_inter,w
  1331  0029  0020               	movlb	0	; select bank0
  1332  002A  00FF               	movwf	127
  1333  002B  107E               	bcf	126,0	;clear compiler interrupt flag
  1334  002C  0009               	retfie
  1335  002D                     __end_of_inter:	
  1336                           
  1337                           	psect	text7
  1338  0082                     __ptext7:	
  1339 ;; *************** function i1_keep *****************
  1340 ;; Defined at:
  1341 ;;		line 29 in file "pwm.c"
  1342 ;; Parameters:    Size  Location     Type
  1343 ;;		None
  1344 ;; Auto vars:     Size  Location     Type
  1345 ;;		None
  1346 ;; Return value:  Size  Location     Type
  1347 ;;		None               void
  1348 ;; Registers used:
  1349 ;;		wreg, status,2, status,0, pclath, cstack
  1350 ;; Tracked objects:
  1351 ;;		On entry : 0/0
  1352 ;;		On exit  : 0/0
  1353 ;;		Unchanged: 0/0
  1354 ;; Data sizes:     COMMON   BANK0   BANK1   BANK2   BANK3   BANK4   BANK5   BANK6   BANK7   BANK8   BANK9  BANK10  BANK1
      +1  BANK12
  1355 ;;      Params:         0       0       0       0       0       0       0       0       0       0       0       0       
      +0       0
  1356 ;;      Locals:         0       0       0       0       0       0       0       0       0       0       0       0       
      +0       0
  1357 ;;      Temps:          1       0       0       0       0       0       0       0       0       0       0       0       
      +0       0
  1358 ;;      Totals:         1       0       0       0       0       0       0       0       0       0       0       0       
      +0       0
  1359 ;;Total ram usage:        1 bytes
  1360 ;; Hardware stack levels used:    1
  1361 ;; Hardware stack levels required when called:    1
  1362 ;; This function calls:
  1363 ;;		i1_stop
  1364 ;; This function is called by:
  1365 ;;		_inter
  1366 ;; This function uses a non-reentrant model
  1367 ;;
  1368                           
  1369                           
  1370                           ;psect for function i1_keep
  1371  0082                     i1_keep:	
  1372                           
  1373                           ;pwm.c: 30: if(CCP1CON != 0x00){
  1374                           
  1375                           ;incstack = 0
  1376                           ; Regs used in i1_keep: [wreg+status,2+status,0+pclath+cstack]
  1377  0082  0025               	movlb	5	; select bank5
  1378  0083  0813               	movf	19,w	;volatile
  1379  0084  1903               	btfsc	3,2
  1380  0085  288F               	goto	i1l787
  1381                           
  1382                           ;pwm.c: 31: stop();
  1383  0086  3180  20DF  3180   	fcall	i1_stop
  1384                           
  1385                           ;pwm.c: 32: _delay((unsigned long)((100)*(8000000/4000000.0)));
  1386  0089  3042               	movlw	66
  1387  008A  00F0               	movwf	??i1_keep
  1388  008B                     u41_27:	
  1389  008B  0BF0               	decfsz	??i1_keep,f
  1390  008C  288B               	goto	u41_27
  1391  008D  0000               	nop
  1392  008E  0025               	movlb	5	; select bank5
  1393  008F                     i1l787:	
  1394                           
  1395                           ;pwm.c: 33: }
  1396                           ;pwm.c: 34: PORTC = 0x14;
  1397  008F  3014               	movlw	20
  1398  0090  0020               	movlb	0	; select bank0
  1399  0091  008E               	movwf	14	;volatile
  1400  0092  0008               	return
  1401  0093                     __end_ofi1_keep:	
  1402                           
  1403                           	psect	text8
  1404  00C4                     __ptext8:	
  1405 ;; *************** function _speed *****************
  1406 ;; Defined at:
  1407 ;;		line 53 in file "pwm.c"
  1408 ;; Parameters:    Size  Location     Type
  1409 ;;  ration          1    wreg     unsigned char 
  1410 ;; Auto vars:     Size  Location     Type
  1411 ;;  ration          1    0[COMMON] unsigned char 
  1412 ;; Return value:  Size  Location     Type
  1413 ;;		None               void
  1414 ;; Registers used:
  1415 ;;		wreg
  1416 ;; Tracked objects:
  1417 ;;		On entry : 0/0
  1418 ;;		On exit  : 0/0
  1419 ;;		Unchanged: 0/0
  1420 ;; Data sizes:     COMMON   BANK0   BANK1   BANK2   BANK3   BANK4   BANK5   BANK6   BANK7   BANK8   BANK9  BANK10  BANK1
      +1  BANK12
  1421 ;;      Params:         0       0       0       0       0       0       0       0       0       0       0       0       
      +0       0
  1422 ;;      Locals:         1       0       0       0       0       0       0       0       0       0       0       0       
      +0       0
  1423 ;;      Temps:          0       0       0       0       0       0       0       0       0       0       0       0       
      +0       0
  1424 ;;      Totals:         1       0       0       0       0       0       0       0       0       0       0       0       
      +0       0
  1425 ;;Total ram usage:        1 bytes
  1426 ;; Hardware stack levels used:    1
  1427 ;; This function calls:
  1428 ;;		Nothing
  1429 ;; This function is called by:
  1430 ;;		_inter
  1431 ;; This function uses a non-reentrant model
  1432 ;;
  1433                           
  1434                           
  1435                           ;psect for function _speed
  1436  00C4                     _speed:	
  1437                           
  1438                           ;incstack = 0
  1439                           ; Regs used in _speed: [wreg]
  1440                           ;speed@ration stored from wreg
  1441  00C4  00F0               	movwf	speed@ration
  1442                           
  1443                           ;pwm.c: 54: if(ration >= 124){
  1444  00C5  307C               	movlw	124
  1445  00C6  0270               	subwf	speed@ration,w
  1446  00C7  1C03               	skipc
  1447  00C8  28CD               	goto	i1l727
  1448                           
  1449                           ;pwm.c: 55: CCPR1L = 124;
  1450  00C9  307C               	movlw	124
  1451  00CA  0025               	movlb	5	; select bank5
  1452  00CB  0091               	movwf	17	;volatile
  1453                           
  1454                           ;pwm.c: 56: }else{
  1455  00CC  0008               	return
  1456  00CD                     i1l727:	
  1457                           
  1458                           ;pwm.c: 57: CCPR1L = ration;
  1459  00CD  0870               	movf	speed@ration,w
  1460  00CE  0025               	movlb	5	; select bank5
  1461  00CF  0091               	movwf	17	;volatile
  1462  00D0  0008               	return
  1463  00D1                     __end_of_speed:	
  1464                           
  1465                           	psect	text9
  1466  004A                     __ptext9:	
  1467 ;; *************** function _slave_read *****************
  1468 ;; Defined at:
  1469 ;;		line 38 in file "spi.c"
  1470 ;; Parameters:    Size  Location     Type
  1471 ;;		None
  1472 ;; Auto vars:     Size  Location     Type
  1473 ;;		None
  1474 ;; Return value:  Size  Location     Type
  1475 ;;                  2    0[COMMON] int 
  1476 ;; Registers used:
  1477 ;;		wreg, status,2
  1478 ;; Tracked objects:
  1479 ;;		On entry : 0/0
  1480 ;;		On exit  : 0/0
  1481 ;;		Unchanged: 0/0
  1482 ;; Data sizes:     COMMON   BANK0   BANK1   BANK2   BANK3   BANK4   BANK5   BANK6   BANK7   BANK8   BANK9  BANK10  BANK1
      +1  BANK12
  1483 ;;      Params:         2       0       0       0       0       0       0       0       0       0       0       0       
      +0       0
  1484 ;;      Locals:         0       0       0       0       0       0       0       0       0       0       0       0       
      +0       0
  1485 ;;      Temps:          1       0       0       0       0       0       0       0       0       0       0       0       
      +0       0
  1486 ;;      Totals:         3       0       0       0       0       0       0       0       0       0       0       0       
      +0       0
  1487 ;;Total ram usage:        3 bytes
  1488 ;; Hardware stack levels used:    1
  1489 ;; This function calls:
  1490 ;;		Nothing
  1491 ;; This function is called by:
  1492 ;;		_inter
  1493 ;; This function uses a non-reentrant model
  1494 ;;
  1495                           
  1496                           
  1497                           ;psect for function _slave_read
  1498  004A                     _slave_read:	
  1499                           
  1500                           ;spi.c: 41: if((SSP1IF == 1) && (SSP1STATbits.BF != 0)){
  1501                           
  1502                           ;incstack = 0
  1503                           ; Regs used in _slave_read: [wreg+status,2]
  1504  004A  0020               	movlb	0	; select bank0
  1505  004B  1D91               	btfss	17,3	;volatile
  1506  004C  285B               	goto	i1l703
  1507  004D  0024               	movlb	4	; select bank4
  1508  004E  1C14               	btfss	20,0	;volatile
  1509  004F  285B               	goto	i1l703
  1510                           
  1511                           ;spi.c: 42: SSP1IF = 0;
  1512  0050  0020               	movlb	0	; select bank0
  1513  0051  1191               	bcf	17,3	;volatile
  1514                           
  1515                           ;spi.c: 43: GIE = 0;
  1516  0052  138B               	bcf	11,7	;volatile
  1517                           
  1518                           ;spi.c: 44: r_data = SSP1BUF;
  1519  0053  0024               	movlb	4	; select bank4
  1520  0054  0811               	movf	17,w	;volatile
  1521  0055  00F2               	movwf	??_slave_read
  1522  0056  0872               	movf	??_slave_read,w
  1523  0057  00F5               	movwf	_r_data
  1524                           
  1525                           ;spi.c: 46: return 0;
  1526  0058  01F0               	clrf	?_slave_read
  1527  0059  01F1               	clrf	?_slave_read+1
  1528  005A  0008               	return
  1529  005B                     i1l703:	
  1530                           
  1531                           ;spi.c: 47: }
  1532                           ;spi.c: 49: return 1;
  1533  005B  3001               	movlw	1
  1534  005C  00F0               	movwf	?_slave_read
  1535  005D  3000               	movlw	0
  1536  005E  00F1               	movwf	?_slave_read+1
  1537  005F  0008               	return
  1538  0060                     __end_of_slave_read:	
  1539                           
  1540                           	psect	text10
  1541  0093                     __ptext10:	
  1542 ;; *************** function _right *****************
  1543 ;; Defined at:
  1544 ;;		line 37 in file "pwm.c"
  1545 ;; Parameters:    Size  Location     Type
  1546 ;;		None
  1547 ;; Auto vars:     Size  Location     Type
  1548 ;;		None
  1549 ;; Return value:  Size  Location     Type
  1550 ;;		None               void
  1551 ;; Registers used:
  1552 ;;		wreg, status,2, status,0, pclath, cstack
  1553 ;; Tracked objects:
  1554 ;;		On entry : 0/0
  1555 ;;		On exit  : 0/0
  1556 ;;		Unchanged: 0/0
  1557 ;; Data sizes:     COMMON   BANK0   BANK1   BANK2   BANK3   BANK4   BANK5   BANK6   BANK7   BANK8   BANK9  BANK10  BANK1
      +1  BANK12
  1558 ;;      Params:         0       0       0       0       0       0       0       0       0       0       0       0       
      +0       0
  1559 ;;      Locals:         0       0       0       0       0       0       0       0       0       0       0       0       
      +0       0
  1560 ;;      Temps:          1       0       0       0       0       0       0       0       0       0       0       0       
      +0       0
  1561 ;;      Totals:         1       0       0       0       0       0       0       0       0       0       0       0       
      +0       0
  1562 ;;Total ram usage:        1 bytes
  1563 ;; Hardware stack levels used:    1
  1564 ;; Hardware stack levels required when called:    1
  1565 ;; This function calls:
  1566 ;;		i1_stop
  1567 ;; This function is called by:
  1568 ;;		_inter
  1569 ;; This function uses a non-reentrant model
  1570 ;;
  1571                           
  1572                           
  1573                           ;psect for function _right
  1574  0093                     _right:	
  1575                           
  1576                           ;pwm.c: 38: if(CCP1CON != 0x4C){
  1577                           
  1578                           ;incstack = 0
  1579                           ; Regs used in _right: [wreg+status,2+status,0+pclath+cstack]
  1580  0093  0025               	movlb	5	; select bank5
  1581  0094  0813               	movf	19,w	;volatile
  1582  0095  3A4C               	xorlw	76
  1583  0096  1903               	skipnz
  1584  0097  28A0               	goto	i1l721
  1585                           
  1586                           ;pwm.c: 39: stop();
  1587  0098  3180  20DF  3180   	fcall	i1_stop
  1588                           
  1589                           ;pwm.c: 40: _delay((unsigned long)((100)*(8000000/4000000.0)));
  1590  009B  3042               	movlw	66
  1591  009C  00F0               	movwf	??_right
  1592  009D                     u42_27:	
  1593  009D  0BF0               	decfsz	??_right,f
  1594  009E  289D               	goto	u42_27
  1595  009F  0000               	nop
  1596  00A0                     i1l721:	
  1597                           
  1598                           ;pwm.c: 41: }
  1599                           ;pwm.c: 42: CCP1CON = 0x4C;
  1600  00A0  304C               	movlw	76
  1601  00A1  0025               	movlb	5	; select bank5
  1602  00A2  0093               	movwf	19	;volatile
  1603  00A3  0008               	return
  1604  00A4                     __end_of_right:	
  1605                           
  1606                           	psect	text11
  1607  00A4                     __ptext11:	
  1608 ;; *************** function _left *****************
  1609 ;; Defined at:
  1610 ;;		line 45 in file "pwm.c"
  1611 ;; Parameters:    Size  Location     Type
  1612 ;;		None
  1613 ;; Auto vars:     Size  Location     Type
  1614 ;;		None
  1615 ;; Return value:  Size  Location     Type
  1616 ;;		None               void
  1617 ;; Registers used:
  1618 ;;		wreg, status,2, status,0, pclath, cstack
  1619 ;; Tracked objects:
  1620 ;;		On entry : 0/0
  1621 ;;		On exit  : 0/0
  1622 ;;		Unchanged: 0/0
  1623 ;; Data sizes:     COMMON   BANK0   BANK1   BANK2   BANK3   BANK4   BANK5   BANK6   BANK7   BANK8   BANK9  BANK10  BANK1
      +1  BANK12
  1624 ;;      Params:         0       0       0       0       0       0       0       0       0       0       0       0       
      +0       0
  1625 ;;      Locals:         0       0       0       0       0       0       0       0       0       0       0       0       
      +0       0
  1626 ;;      Temps:          1       0       0       0       0       0       0       0       0       0       0       0       
      +0       0
  1627 ;;      Totals:         1       0       0       0       0       0       0       0       0       0       0       0       
      +0       0
  1628 ;;Total ram usage:        1 bytes
  1629 ;; Hardware stack levels used:    1
  1630 ;; Hardware stack levels required when called:    1
  1631 ;; This function calls:
  1632 ;;		i1_stop
  1633 ;; This function is called by:
  1634 ;;		_inter
  1635 ;; This function uses a non-reentrant model
  1636 ;;
  1637                           
  1638                           
  1639                           ;psect for function _left
  1640  00A4                     _left:	
  1641                           
  1642                           ;pwm.c: 46: if(CCP1CON != 0xCC){
  1643                           
  1644                           ;incstack = 0
  1645                           ; Regs used in _left: [wreg+status,2+status,0+pclath+cstack]
  1646  00A4  0025               	movlb	5	; select bank5
  1647  00A5  0813               	movf	19,w	;volatile
  1648  00A6  3ACC               	xorlw	204
  1649  00A7  1903               	skipnz
  1650  00A8  28B1               	goto	i1l735
  1651                           
  1652                           ;pwm.c: 47: stop();
  1653  00A9  3180  20DF  3180   	fcall	i1_stop
  1654                           
  1655                           ;pwm.c: 48: _delay((unsigned long)((100)*(8000000/4000000.0)));
  1656  00AC  3042               	movlw	66
  1657  00AD  00F0               	movwf	??_left
  1658  00AE                     u43_27:	
  1659  00AE  0BF0               	decfsz	??_left,f
  1660  00AF  28AE               	goto	u43_27
  1661  00B0  0000               	nop
  1662  00B1                     i1l735:	
  1663                           
  1664                           ;pwm.c: 49: }
  1665                           ;pwm.c: 50: CCP1CON = 0xCC;
  1666  00B1  30CC               	movlw	204
  1667  00B2  0025               	movlb	5	; select bank5
  1668  00B3  0093               	movwf	19	;volatile
  1669  00B4  0008               	return
  1670  00B5                     __end_of_left:	
  1671                           
  1672                           	psect	text12
  1673  00DF                     __ptext12:	
  1674 ;; *************** function i1_stop *****************
  1675 ;; Defined at:
  1676 ;;		line 24 in file "pwm.c"
  1677 ;; Parameters:    Size  Location     Type
  1678 ;;		None
  1679 ;; Auto vars:     Size  Location     Type
  1680 ;;		None
  1681 ;; Return value:  Size  Location     Type
  1682 ;;		None               void
  1683 ;; Registers used:
  1684 ;;		status,2
  1685 ;; Tracked objects:
  1686 ;;		On entry : 0/0
  1687 ;;		On exit  : 0/0
  1688 ;;		Unchanged: 0/0
  1689 ;; Data sizes:     COMMON   BANK0   BANK1   BANK2   BANK3   BANK4   BANK5   BANK6   BANK7   BANK8   BANK9  BANK10  BANK1
      +1  BANK12
  1690 ;;      Params:         0       0       0       0       0       0       0       0       0       0       0       0       
      +0       0
  1691 ;;      Locals:         0       0       0       0       0       0       0       0       0       0       0       0       
      +0       0
  1692 ;;      Temps:          0       0       0       0       0       0       0       0       0       0       0       0       
      +0       0
  1693 ;;      Totals:         0       0       0       0       0       0       0       0       0       0       0       0       
      +0       0
  1694 ;;Total ram usage:        0 bytes
  1695 ;; Hardware stack levels used:    1
  1696 ;; This function calls:
  1697 ;;		Nothing
  1698 ;; This function is called by:
  1699 ;;		_right
  1700 ;;		_left
  1701 ;;		i1_keep
  1702 ;; This function uses a non-reentrant model
  1703 ;;
  1704                           
  1705                           
  1706                           ;psect for function i1_stop
  1707  00DF                     i1_stop:	
  1708                           
  1709                           ;pwm.c: 25: PORTC = 0x00;
  1710                           
  1711                           ;incstack = 0
  1712                           ; Regs used in i1_stop: [status,2]
  1713  00DF  0020               	movlb	0	; select bank0
  1714  00E0  018E               	clrf	14	;volatile
  1715                           
  1716                           ;pwm.c: 26: CCP1CON = 0x00;
  1717  00E1  0025               	movlb	5	; select bank5
  1718  00E2  0193               	clrf	19	;volatile
  1719  00E3  0008               	return
  1720  00E4                     __end_ofi1_stop:	
  1721  007E                     btemp	set	126	;btemp
  1722  007E                     pic14e$flags	set	126
  1723  007E                     wtemp	set	126
  1724  007E                     wtemp0	set	126
  1725  0080                     wtemp1	set	128
  1726  0082                     wtemp2	set	130
  1727  0084                     wtemp3	set	132
  1728  0086                     wtemp4	set	134
  1729  0088                     wtemp5	set	136
  1730  007F                     wtemp6	set	127
  1731  007E                     ttemp	set	126
  1732  007E                     ttemp0	set	126
  1733  0081                     ttemp1	set	129
  1734  0084                     ttemp2	set	132
  1735  0087                     ttemp3	set	135
  1736  007F                     ttemp4	set	127
  1737  007E                     ltemp	set	126
  1738  007E                     ltemp0	set	126
  1739  0082                     ltemp1	set	130
  1740  0086                     ltemp2	set	134
  1741  0080                     ltemp3	set	128


Data Sizes:
    Strings     0
    Constant    0
    Data        0
    BSS         1
    Persistent  0
    Stack       0

Auto Spaces:
    Space          Size  Autos    Used
    COMMON           14      5       6
    BANK0            80      0       0
    BANK1            80      0       0
    BANK2            80      0       0
    BANK3            80      0       0
    BANK4            80      0       0
    BANK5            80      0       0
    BANK6            80      0       0
    BANK7            80      0       0
    BANK8            80      0       0
    BANK9            80      0       0
    BANK10           80      0       0
    BANK11           80      0       0
    BANK12           48      0       0

Pointer List with Targets:

    None.

Critical Paths under _main in COMMON

    _main->_keep

Critical Paths under _inter in COMMON

    _inter->_slave_read

Critical Paths under _main in BANK0

    None.

Critical Paths under _inter in BANK0

    None.

Critical Paths under _main in BANK1

    None.

Critical Paths under _inter in BANK1

    None.

Critical Paths under _main in BANK2

    None.

Critical Paths under _inter in BANK2

    None.

Critical Paths under _main in BANK3

    None.

Critical Paths under _inter in BANK3

    None.

Critical Paths under _main in BANK4

    None.

Critical Paths under _inter in BANK4

    None.

Critical Paths under _main in BANK5

    None.

Critical Paths under _inter in BANK5

    None.

Critical Paths under _main in BANK6

    None.

Critical Paths under _inter in BANK6

    None.

Critical Paths under _main in BANK7

    None.

Critical Paths under _inter in BANK7

    None.

Critical Paths under _main in BANK8

    None.

Critical Paths under _inter in BANK8

    None.

Critical Paths under _main in BANK9

    None.

Critical Paths under _inter in BANK9

    None.

Critical Paths under _main in BANK10

    None.

Critical Paths under _inter in BANK10

    None.

Critical Paths under _main in BANK11

    None.

Critical Paths under _inter in BANK11

    None.

Critical Paths under _main in BANK12

    None.

Critical Paths under _inter in BANK12

    None.

Call Graph Tables:

 ---------------------------------------------------------------------------------
 (Depth) Function   	        Calls       Base Space   Used Autos Params    Refs
 ---------------------------------------------------------------------------------
 (0) _main                                                 0     0      0       0
                               _keep
                            _pic_reg
                            _pwm_reg
                          _slave_reg
 ---------------------------------------------------------------------------------
 (1) _slave_reg                                            0     0      0       0
 ---------------------------------------------------------------------------------
 (1) _pwm_reg                                              0     0      0       0
 ---------------------------------------------------------------------------------
 (1) _pic_reg                                              0     0      0       0
 ---------------------------------------------------------------------------------
 (1) _keep                                                 1     1      0       0
                                              4 COMMON     1     1      0
                               _stop
 ---------------------------------------------------------------------------------
 (2) _stop                                                 0     0      0       0
 ---------------------------------------------------------------------------------
 Estimated maximum stack depth 2
 ---------------------------------------------------------------------------------
 (Depth) Function   	        Calls       Base Space   Used Autos Params    Refs
 ---------------------------------------------------------------------------------
 (3) _inter                                                1     1      0      30
                                              3 COMMON     1     1      0
                               _left
                              _right
                         _slave_read
                              _speed
                             i1_keep
 ---------------------------------------------------------------------------------
 (4) i1_keep                                               1     1      0       0
                                              0 COMMON     1     1      0
                             i1_stop
 ---------------------------------------------------------------------------------
 (4) _speed                                                1     1      0      30
                                              0 COMMON     1     1      0
 ---------------------------------------------------------------------------------
 (4) _slave_read                                           3     1      2       0
                                              0 COMMON     3     1      2
 ---------------------------------------------------------------------------------
 (4) _right                                                1     1      0       0
                                              0 COMMON     1     1      0
                             i1_stop
 ---------------------------------------------------------------------------------
 (4) _left                                                 1     1      0       0
                                              0 COMMON     1     1      0
                             i1_stop
 ---------------------------------------------------------------------------------
 (5) i1_stop                                               0     0      0       0
 ---------------------------------------------------------------------------------
 Estimated maximum stack depth 5
 ---------------------------------------------------------------------------------

 Call Graph Graphs:

 _main (ROOT)
   _keep
     _stop
   _pic_reg
   _pwm_reg
   _slave_reg

 _inter (ROOT)
   _left
     i1_stop
   _right
     i1_stop
   _slave_read
   _speed
   i1_keep
     i1_stop

 Address spaces:
Name               Size   Autos  Total    Cost      Usage
BIGRAM             3F0      0       0       0        0.0%
EEDATA             100      0       0       0        0.0%
NULL                 0      0       0       0        0.0%
CODE                 0      0       0       0        0.0%
BITCOMMON            E      0       0       1        0.0%
BITSFR0              0      0       0       1        0.0%
SFR0                 0      0       0       1        0.0%
COMMON               E      5       6       2       42.9%
BITSFR1              0      0       0       2        0.0%
SFR1                 0      0       0       2        0.0%
BITSFR2              0      0       0       3        0.0%
SFR2                 0      0       0       3        0.0%
STACK                0      0       0       3        0.0%
BITBANK0            50      0       0       4        0.0%
BITSFR3              0      0       0       4        0.0%
SFR3                 0      0       0       4        0.0%
BANK0               50      0       0       5        0.0%
BITSFR4              0      0       0       5        0.0%
SFR4                 0      0       0       5        0.0%
BITBANK1            50      0       0       6        0.0%
BITSFR5              0      0       0       6        0.0%
SFR5                 0      0       0       6        0.0%
BANK1               50      0       0       7        0.0%
BITSFR6              0      0       0       7        0.0%
SFR6                 0      0       0       7        0.0%
BITBANK2            50      0       0       8        0.0%
BITSFR7              0      0       0       8        0.0%
SFR7                 0      0       0       8        0.0%
BANK2               50      0       0       9        0.0%
BITSFR8              0      0       0       9        0.0%
SFR8                 0      0       0       9        0.0%
BITBANK3            50      0       0      10        0.0%
BITSFR9              0      0       0      10        0.0%
SFR9                 0      0       0      10        0.0%
BANK3               50      0       0      11        0.0%
BITSFR10             0      0       0      11        0.0%
SFR10                0      0       0      11        0.0%
BITBANK4            50      0       0      12        0.0%
BITSFR11             0      0       0      12        0.0%
SFR11                0      0       0      12        0.0%
BANK4               50      0       0      13        0.0%
BITSFR12             0      0       0      13        0.0%
SFR12                0      0       0      13        0.0%
BITBANK5            50      0       0      14        0.0%
BITSFR13             0      0       0      14        0.0%
SFR13                0      0       0      14        0.0%
BANK5               50      0       0      15        0.0%
BITSFR14             0      0       0      15        0.0%
SFR14                0      0       0      15        0.0%
BITBANK6            50      0       0      16        0.0%
BITSFR15             0      0       0      16        0.0%
SFR15                0      0       0      16        0.0%
BANK6               50      0       0      17        0.0%
BITSFR16             0      0       0      17        0.0%
SFR16                0      0       0      17        0.0%
BITBANK7            50      0       0      18        0.0%
BITSFR17             0      0       0      18        0.0%
SFR17                0      0       0      18        0.0%
BANK7               50      0       0      19        0.0%
BITSFR18             0      0       0      19        0.0%
SFR18                0      0       0      19        0.0%
BITSFR19             0      0       0      20        0.0%
SFR19                0      0       0      20        0.0%
ABS                  0      0       6      20        0.0%
BITBANK8            50      0       0      21        0.0%
BITSFR20             0      0       0      21        0.0%
SFR20                0      0       0      21        0.0%
BANK8               50      0       0      22        0.0%
BITSFR21             0      0       0      22        0.0%
SFR21                0      0       0      22        0.0%
BITBANK9            50      0       0      23        0.0%
BITSFR22             0      0       0      23        0.0%
SFR22                0      0       0      23        0.0%
BANK9               50      0       0      24        0.0%
BITSFR23             0      0       0      24        0.0%
SFR23                0      0       0      24        0.0%
BITBANK10           50      0       0      25        0.0%
BITSFR24             0      0       0      25        0.0%
SFR24                0      0       0      25        0.0%
BANK10              50      0       0      26        0.0%
BITSFR25             0      0       0      26        0.0%
SFR25                0      0       0      26        0.0%
BITBANK11           50      0       0      27        0.0%
BITSFR26             0      0       0      27        0.0%
SFR26                0      0       0      27        0.0%
BANK11              50      0       0      28        0.0%
BITSFR27             0      0       0      28        0.0%
SFR27                0      0       0      28        0.0%
BITBANK12           30      0       0      29        0.0%
BITSFR28             0      0       0      29        0.0%
SFR28                0      0       0      29        0.0%
BANK12              30      0       0      30        0.0%
BITSFR29             0      0       0      30        0.0%
SFR29                0      0       0      30        0.0%
BITSFR30             0      0       0      31        0.0%
SFR30                0      0       0      31        0.0%
DATA                 0      0       6      31        0.0%
BITSFR31             0      0       0      32        0.0%
SFR31                0      0       0      32        0.0%


Microchip Technology PIC Macro Assembler V1.33 build 59893 
Symbol Table                                                                                   Sat Oct 17 18:11:53 2015

            __CFG_CP$OFF 0000                       l34 00C3                      l713 007E  
                    _GIE 005F                      _RA0 0060                      _RA1 0061  
                    _RA2 0062                      _RA3 0063                      _RC0 0070  
                    _RA4 0064                      _RC1 0071                      _RA5 0065  
                    _RC2 0072                      _RC3 0073                      _RB5 006D  
                    _RC4 0074                      _RC5 0075                      _RB7 006F  
                    _PR2 001B                      u407 007A             __CFG_CPD$OFF 0000  
           __CFG_BORV$LO 0000             __CFG_LVP$OFF 0000                     _PEIE 005E  
                   i1l26 0018                     i1l28 001E                     _TMR2 001A  
           __CFG_WRT$OFF 0000                     _keep 0071                     _main 00B5  
                   _left 00A4                     btemp 007E                     _stop 00DA  
                   ltemp 007E                     start 002D                     ttemp 007E  
                   wtemp 007E            __CFG_IESO$OFF 0000                    ?_keep 0070  
                  ?_main 0070                    ?_left 0070            __CFG_WDTE$OFF 0000  
                  ?_stop 0070                    _T2CON 001C                    i1l703 005B  
                  i1l721 00A0                    i1l735 00B1                    i1l727 00CD  
                  i1l787 008F                    i1l799 0027                    u41_27 008B  
                  u42_27 009D                    _PORTA 000C                    _PORTB 000D  
                  _PORTC 000E                    u43_27 00AE                    _TRISA 008C  
                  _TRISB 008D                    _TRISC 008E           __CFG_FCMEN$OFF 0000  
                  _inter 0004                    _right 0093          __end_of_pic_reg 0071  
                  _speed 00C4           __CFG_BOREN$OFF 0000                    ltemp0 007E  
                  ltemp1 0082                    ltemp2 0086                    ltemp3 0080  
        __end_of_pwm_reg 004A                    ttemp0 007E                    ttemp1 0081  
                  ttemp2 0084                    ttemp3 0087                    ttemp4 007F  
                  status 0003                    wtemp0 007E                    wtemp1 0080  
                  wtemp2 0082                    wtemp3 0084                    wtemp4 0086  
                  wtemp5 0088                    wtemp6 007F           __CFG_MCLRE$OFF 0000  
        __initialization 002F             __end_of_keep 0082             __end_of_main 00C4  
           __end_of_left 00B5             __end_of_stop 00DF                   ??_keep 0074  
                 ??_main 0075                   ??_left 0070                   ??_stop 0074  
         __CFG_PLLEN$OFF 0000                   ?_inter 0070                   _CCPR1H 0292  
                 _CCPR1L 0291                   ?_right 0070                   _P1CSEL 08F2  
                 ?_speed 0070                   _P1DSEL 08F3                   _ANSELA 018C  
                 _ANSELB 018D                   _ANSELC 018E                   _OSCCON 0099  
                 _TMR2ON 00E2                   _SSP1IE 048B                   _SSP1IF 008B  
                 i1_keep 0082                   i1_stop 00DF           __CFG_PWRTE$OFF 0000  
                 _r_data 0075                ??_pic_reg 0074                ??_pwm_reg 0074  
__end_of__initialization 0030           __pcstackCOMMON 0070            __end_of_inter 002D  
          __end_of_right 00A4            __end_of_speed 00D1                  ??_inter 0073  
                ??_right 0070                  ??_speed 0070                  ?i1_keep 0070  
                ?i1_stop 0070               __pmaintext 00B5               __pintentry 0004  
                _CCP1CON 0293                  _CCPTMRS 029E       __size_of_slave_reg 0009  
                _SSP1BUF 0211          __size_ofi1_keep 0011          __size_ofi1_stop 0005  
        __CFG_STVREN$OFF 0000                  __ptext0 0000                  __ptext1 00D1  
                __ptext2 0034                  __ptext3 0060                  __ptext4 0071  
                __ptext5 00DA                  __ptext7 0082                  __ptext8 00C4  
                __ptext9 004A                  _pic_reg 0060                  _pwm_reg 0034  
   end_of_initialization 0030        __end_of_slave_reg 00DA              speed@ration 0070  
             _slave_read 004A         __CFG_FOSC$INTOSC 0000           __end_ofi1_keep 0093  
         __end_ofi1_stop 00E4      start_initialization 002F                 ??i1_keep 0070  
               ??i1_stop 0070              ?_slave_read 0070              __pbssCOMMON 0075  
              ___latbits 0002                 ?_pic_reg 0070                 ?_pwm_reg 0070  
         __size_of_inter 0029           __size_of_right 0011           __size_of_speed 000D  
    __size_of_slave_read 0016                _slave_reg 00D1                 _SSP1CON1 0215  
               _PSTR1CON 0296                 _SSP1STAT 0214               ?_slave_reg 0070  
       __size_of_pic_reg 0011                 __ptext10 0093                 __ptext11 00A4  
               __ptext12 00DF         __size_of_pwm_reg 0016            __size_of_keep 0011  
          __size_of_main 000F            __size_of_left 0011            __size_of_stop 0005  
           ??_slave_read 0072             _SSP1STATbits 0214              pic14e$flags 007E  
               intlevel1 0000       __end_of_slave_read 0060        __CFG_CLKOUTEN$OFF 0000  
            ??_slave_reg 0074  
