

Microchip Technology PIC LITE Macro Assembler V1.33 build 59893 
                                                                                               Thu Sep 24 12:20:06 2015

Microchip Technology Omniscient Code Generator (Lite mode) build 59893
     1                           	processor	16F1829
     2                           	opt	pw 120
     3                           	opt	lm
     4                           	psect	text0,local,class=CODE,merge=1,delta=2
     5                           	psect	cinit,global,class=CODE,merge=1,delta=2
     6                           	psect	bssCOMMON,global,class=COMMON,space=1,delta=1
     7                           	psect	cstackCOMMON,global,class=COMMON,space=1,delta=1
     8                           	psect	maintext,global,class=CODE,merge=1,split=1,delta=2
     9                           	psect	text1,local,class=CODE,merge=1,delta=2
    10                           	psect	text2,local,class=CODE,merge=1,delta=2
    11                           	psect	text3,local,class=CODE,merge=1,delta=2
    12                           	psect	text4,local,class=CODE,merge=1,delta=2
    13                           	psect	intentry,global,class=CODE,delta=2
    14                           	psect	text6,local,class=CODE,merge=1,delta=2
    15                           	psect	text7,local,class=CODE,merge=1,delta=2
    16                           	psect	text8,local,class=CODE,merge=1,delta=2
    17                           	psect	text9,local,class=CODE,merge=1,delta=2
    18                           	psect	text10,local,class=CODE,merge=1,delta=2
    19                           	psect	text11,local,class=CODE,merge=1,delta=2
    20                           	dabs	1,0x7E,2
    21  0000                     	;# 
    22  0001                     	;# 
    23  0002                     	;# 
    24  0003                     	;# 
    25  0004                     	;# 
    26  0005                     	;# 
    27  0006                     	;# 
    28  0007                     	;# 
    29  0008                     	;# 
    30  0009                     	;# 
    31  000A                     	;# 
    32  000B                     	;# 
    33  000C                     	;# 
    34  000D                     	;# 
    35  000E                     	;# 
    36  0011                     	;# 
    37  0012                     	;# 
    38  0013                     	;# 
    39  0014                     	;# 
    40  0015                     	;# 
    41  0016                     	;# 
    42  0016                     	;# 
    43  0017                     	;# 
    44  0018                     	;# 
    45  0019                     	;# 
    46  001A                     	;# 
    47  001B                     	;# 
    48  001C                     	;# 
    49  001E                     	;# 
    50  001F                     	;# 
    51  008C                     	;# 
    52  008D                     	;# 
    53  008E                     	;# 
    54  0091                     	;# 
    55  0092                     	;# 
    56  0093                     	;# 
    57  0094                     	;# 
    58  0095                     	;# 
    59  0096                     	;# 
    60  0097                     	;# 
    61  0098                     	;# 
    62  0099                     	;# 
    63  009A                     	;# 
    64  009B                     	;# 
    65  009B                     	;# 
    66  009C                     	;# 
    67  009D                     	;# 
    68  009E                     	;# 
    69  010C                     	;# 
    70  010D                     	;# 
    71  010E                     	;# 
    72  0111                     	;# 
    73  0112                     	;# 
    74  0113                     	;# 
    75  0114                     	;# 
    76  0115                     	;# 
    77  0116                     	;# 
    78  0117                     	;# 
    79  0118                     	;# 
    80  0119                     	;# 
    81  011A                     	;# 
    82  011B                     	;# 
    83  011D                     	;# 
    84  011E                     	;# 
    85  018C                     	;# 
    86  018D                     	;# 
    87  018E                     	;# 
    88  0191                     	;# 
    89  0191                     	;# 
    90  0192                     	;# 
    91  0193                     	;# 
    92  0193                     	;# 
    93  0193                     	;# 
    94  0194                     	;# 
    95  0195                     	;# 
    96  0196                     	;# 
    97  0199                     	;# 
    98  019A                     	;# 
    99  019B                     	;# 
   100  019B                     	;# 
   101  019C                     	;# 
   102  019D                     	;# 
   103  019E                     	;# 
   104  019F                     	;# 
   105  020C                     	;# 
   106  020D                     	;# 
   107  020E                     	;# 
   108  0211                     	;# 
   109  0211                     	;# 
   110  0212                     	;# 
   111  0212                     	;# 
   112  0213                     	;# 
   113  0213                     	;# 
   114  0214                     	;# 
   115  0214                     	;# 
   116  0215                     	;# 
   117  0215                     	;# 
   118  0215                     	;# 
   119  0216                     	;# 
   120  0216                     	;# 
   121  0217                     	;# 
   122  0217                     	;# 
   123  0219                     	;# 
   124  021A                     	;# 
   125  021B                     	;# 
   126  021C                     	;# 
   127  021D                     	;# 
   128  021E                     	;# 
   129  021F                     	;# 
   130  0291                     	;# 
   131  0291                     	;# 
   132  0292                     	;# 
   133  0293                     	;# 
   134  0294                     	;# 
   135  0295                     	;# 
   136  0295                     	;# 
   137  0296                     	;# 
   138  0298                     	;# 
   139  0298                     	;# 
   140  0299                     	;# 
   141  029A                     	;# 
   142  029B                     	;# 
   143  029C                     	;# 
   144  029D                     	;# 
   145  029E                     	;# 
   146  0311                     	;# 
   147  0311                     	;# 
   148  0312                     	;# 
   149  0313                     	;# 
   150  0318                     	;# 
   151  0318                     	;# 
   152  0319                     	;# 
   153  031A                     	;# 
   154  038C                     	;# 
   155  038D                     	;# 
   156  038E                     	;# 
   157  0391                     	;# 
   158  0392                     	;# 
   159  0393                     	;# 
   160  0394                     	;# 
   161  0395                     	;# 
   162  0396                     	;# 
   163  039A                     	;# 
   164  039C                     	;# 
   165  039D                     	;# 
   166  039E                     	;# 
   167  039F                     	;# 
   168  0415                     	;# 
   169  0416                     	;# 
   170  0417                     	;# 
   171  041C                     	;# 
   172  041D                     	;# 
   173  041E                     	;# 
   174  0FE4                     	;# 
   175  0FE5                     	;# 
   176  0FE6                     	;# 
   177  0FE7                     	;# 
   178  0FE8                     	;# 
   179  0FE9                     	;# 
   180  0FEA                     	;# 
   181  0FEB                     	;# 
   182  0FED                     	;# 
   183  0FEE                     	;# 
   184  0FEF                     	;# 
   185  0000                     	;# 
   186  0001                     	;# 
   187  0002                     	;# 
   188  0003                     	;# 
   189  0004                     	;# 
   190  0005                     	;# 
   191  0006                     	;# 
   192  0007                     	;# 
   193  0008                     	;# 
   194  0009                     	;# 
   195  000A                     	;# 
   196  000B                     	;# 
   197  000C                     	;# 
   198  000D                     	;# 
   199  000E                     	;# 
   200  0011                     	;# 
   201  0012                     	;# 
   202  0013                     	;# 
   203  0014                     	;# 
   204  0015                     	;# 
   205  0016                     	;# 
   206  0016                     	;# 
   207  0017                     	;# 
   208  0018                     	;# 
   209  0019                     	;# 
   210  001A                     	;# 
   211  001B                     	;# 
   212  001C                     	;# 
   213  001E                     	;# 
   214  001F                     	;# 
   215  008C                     	;# 
   216  008D                     	;# 
   217  008E                     	;# 
   218  0091                     	;# 
   219  0092                     	;# 
   220  0093                     	;# 
   221  0094                     	;# 
   222  0095                     	;# 
   223  0096                     	;# 
   224  0097                     	;# 
   225  0098                     	;# 
   226  0099                     	;# 
   227  009A                     	;# 
   228  009B                     	;# 
   229  009B                     	;# 
   230  009C                     	;# 
   231  009D                     	;# 
   232  009E                     	;# 
   233  010C                     	;# 
   234  010D                     	;# 
   235  010E                     	;# 
   236  0111                     	;# 
   237  0112                     	;# 
   238  0113                     	;# 
   239  0114                     	;# 
   240  0115                     	;# 
   241  0116                     	;# 
   242  0117                     	;# 
   243  0118                     	;# 
   244  0119                     	;# 
   245  011A                     	;# 
   246  011B                     	;# 
   247  011D                     	;# 
   248  011E                     	;# 
   249  018C                     	;# 
   250  018D                     	;# 
   251  018E                     	;# 
   252  0191                     	;# 
   253  0191                     	;# 
   254  0192                     	;# 
   255  0193                     	;# 
   256  0193                     	;# 
   257  0193                     	;# 
   258  0194                     	;# 
   259  0195                     	;# 
   260  0196                     	;# 
   261  0199                     	;# 
   262  019A                     	;# 
   263  019B                     	;# 
   264  019B                     	;# 
   265  019C                     	;# 
   266  019D                     	;# 
   267  019E                     	;# 
   268  019F                     	;# 
   269  020C                     	;# 
   270  020D                     	;# 
   271  020E                     	;# 
   272  0211                     	;# 
   273  0211                     	;# 
   274  0212                     	;# 
   275  0212                     	;# 
   276  0213                     	;# 
   277  0213                     	;# 
   278  0214                     	;# 
   279  0214                     	;# 
   280  0215                     	;# 
   281  0215                     	;# 
   282  0215                     	;# 
   283  0216                     	;# 
   284  0216                     	;# 
   285  0217                     	;# 
   286  0217                     	;# 
   287  0219                     	;# 
   288  021A                     	;# 
   289  021B                     	;# 
   290  021C                     	;# 
   291  021D                     	;# 
   292  021E                     	;# 
   293  021F                     	;# 
   294  0291                     	;# 
   295  0291                     	;# 
   296  0292                     	;# 
   297  0293                     	;# 
   298  0294                     	;# 
   299  0295                     	;# 
   300  0295                     	;# 
   301  0296                     	;# 
   302  0298                     	;# 
   303  0298                     	;# 
   304  0299                     	;# 
   305  029A                     	;# 
   306  029B                     	;# 
   307  029C                     	;# 
   308  029D                     	;# 
   309  029E                     	;# 
   310  0311                     	;# 
   311  0311                     	;# 
   312  0312                     	;# 
   313  0313                     	;# 
   314  0318                     	;# 
   315  0318                     	;# 
   316  0319                     	;# 
   317  031A                     	;# 
   318  038C                     	;# 
   319  038D                     	;# 
   320  038E                     	;# 
   321  0391                     	;# 
   322  0392                     	;# 
   323  0393                     	;# 
   324  0394                     	;# 
   325  0395                     	;# 
   326  0396                     	;# 
   327  039A                     	;# 
   328  039C                     	;# 
   329  039D                     	;# 
   330  039E                     	;# 
   331  039F                     	;# 
   332  0415                     	;# 
   333  0416                     	;# 
   334  0417                     	;# 
   335  041C                     	;# 
   336  041D                     	;# 
   337  041E                     	;# 
   338  0FE4                     	;# 
   339  0FE5                     	;# 
   340  0FE6                     	;# 
   341  0FE7                     	;# 
   342  0FE8                     	;# 
   343  0FE9                     	;# 
   344  0FEA                     	;# 
   345  0FEB                     	;# 
   346  0FED                     	;# 
   347  0FEE                     	;# 
   348  0FEF                     	;# 
   349  0000                     	;# 
   350  0001                     	;# 
   351  0002                     	;# 
   352  0003                     	;# 
   353  0004                     	;# 
   354  0005                     	;# 
   355  0006                     	;# 
   356  0007                     	;# 
   357  0008                     	;# 
   358  0009                     	;# 
   359  000A                     	;# 
   360  000B                     	;# 
   361  000C                     	;# 
   362  000D                     	;# 
   363  000E                     	;# 
   364  0011                     	;# 
   365  0012                     	;# 
   366  0013                     	;# 
   367  0014                     	;# 
   368  0015                     	;# 
   369  0016                     	;# 
   370  0016                     	;# 
   371  0017                     	;# 
   372  0018                     	;# 
   373  0019                     	;# 
   374  001A                     	;# 
   375  001B                     	;# 
   376  001C                     	;# 
   377  001E                     	;# 
   378  001F                     	;# 
   379  008C                     	;# 
   380  008D                     	;# 
   381  008E                     	;# 
   382  0091                     	;# 
   383  0092                     	;# 
   384  0093                     	;# 
   385  0094                     	;# 
   386  0095                     	;# 
   387  0096                     	;# 
   388  0097                     	;# 
   389  0098                     	;# 
   390  0099                     	;# 
   391  009A                     	;# 
   392  009B                     	;# 
   393  009B                     	;# 
   394  009C                     	;# 
   395  009D                     	;# 
   396  009E                     	;# 
   397  010C                     	;# 
   398  010D                     	;# 
   399  010E                     	;# 
   400  0111                     	;# 
   401  0112                     	;# 
   402  0113                     	;# 
   403  0114                     	;# 
   404  0115                     	;# 
   405  0116                     	;# 
   406  0117                     	;# 
   407  0118                     	;# 
   408  0119                     	;# 
   409  011A                     	;# 
   410  011B                     	;# 
   411  011D                     	;# 
   412  011E                     	;# 
   413  018C                     	;# 
   414  018D                     	;# 
   415  018E                     	;# 
   416  0191                     	;# 
   417  0191                     	;# 
   418  0192                     	;# 
   419  0193                     	;# 
   420  0193                     	;# 
   421  0193                     	;# 
   422  0194                     	;# 
   423  0195                     	;# 
   424  0196                     	;# 
   425  0199                     	;# 
   426  019A                     	;# 
   427  019B                     	;# 
   428  019B                     	;# 
   429  019C                     	;# 
   430  019D                     	;# 
   431  019E                     	;# 
   432  019F                     	;# 
   433  020C                     	;# 
   434  020D                     	;# 
   435  020E                     	;# 
   436  0211                     	;# 
   437  0211                     	;# 
   438  0212                     	;# 
   439  0212                     	;# 
   440  0213                     	;# 
   441  0213                     	;# 
   442  0214                     	;# 
   443  0214                     	;# 
   444  0215                     	;# 
   445  0215                     	;# 
   446  0215                     	;# 
   447  0216                     	;# 
   448  0216                     	;# 
   449  0217                     	;# 
   450  0217                     	;# 
   451  0219                     	;# 
   452  021A                     	;# 
   453  021B                     	;# 
   454  021C                     	;# 
   455  021D                     	;# 
   456  021E                     	;# 
   457  021F                     	;# 
   458  0291                     	;# 
   459  0291                     	;# 
   460  0292                     	;# 
   461  0293                     	;# 
   462  0294                     	;# 
   463  0295                     	;# 
   464  0295                     	;# 
   465  0296                     	;# 
   466  0298                     	;# 
   467  0298                     	;# 
   468  0299                     	;# 
   469  029A                     	;# 
   470  029B                     	;# 
   471  029C                     	;# 
   472  029D                     	;# 
   473  029E                     	;# 
   474  0311                     	;# 
   475  0311                     	;# 
   476  0312                     	;# 
   477  0313                     	;# 
   478  0318                     	;# 
   479  0318                     	;# 
   480  0319                     	;# 
   481  031A                     	;# 
   482  038C                     	;# 
   483  038D                     	;# 
   484  038E                     	;# 
   485  0391                     	;# 
   486  0392                     	;# 
   487  0393                     	;# 
   488  0394                     	;# 
   489  0395                     	;# 
   490  0396                     	;# 
   491  039A                     	;# 
   492  039C                     	;# 
   493  039D                     	;# 
   494  039E                     	;# 
   495  039F                     	;# 
   496  0415                     	;# 
   497  0416                     	;# 
   498  0417                     	;# 
   499  041C                     	;# 
   500  041D                     	;# 
   501  041E                     	;# 
   502  0FE4                     	;# 
   503  0FE5                     	;# 
   504  0FE6                     	;# 
   505  0FE7                     	;# 
   506  0FE8                     	;# 
   507  0FE9                     	;# 
   508  0FEA                     	;# 
   509  0FEB                     	;# 
   510  0FED                     	;# 
   511  0FEE                     	;# 
   512  0FEF                     	;# 
   513  000C                     _PORTA	set	12
   514  000D                     _PORTB	set	13
   515  000E                     _PORTC	set	14
   516  001B                     _PR2	set	27
   517  001C                     _T2CON	set	28
   518  001A                     _TMR2	set	26
   519  005F                     _GIE	set	95
   520  005E                     _PEIE	set	94
   521  0060                     _RA0	set	96
   522  0061                     _RA1	set	97
   523  0062                     _RA2	set	98
   524  0063                     _RA3	set	99
   525  0064                     _RA4	set	100
   526  0065                     _RA5	set	101
   527  006D                     _RB5	set	109
   528  006F                     _RB7	set	111
   529  0070                     _RC0	set	112
   530  0071                     _RC1	set	113
   531  0072                     _RC2	set	114
   532  0073                     _RC3	set	115
   533  0074                     _RC4	set	116
   534  0075                     _RC5	set	117
   535  008B                     _SSP1IF	set	139
   536  00E2                     _TMR2ON	set	226
   537  0099                     _OSCCON	set	153
   538  008C                     _TRISA	set	140
   539  008D                     _TRISB	set	141
   540  008E                     _TRISC	set	142
   541  048B                     _SSP1IE	set	1163
   542  08F2                     _P1CSEL	set	2290
   543  08F3                     _P1DSEL	set	2291
   544  018C                     _ANSELA	set	396
   545  018D                     _ANSELB	set	397
   546  018E                     _ANSELC	set	398
   547  0211                     _SSP1BUF	set	529
   548  0215                     _SSP1CON1	set	533
   549  0214                     _SSP1STAT	set	532
   550  0214                     _SSP1STATbits	set	532
   551  0293                     _CCP1CON	set	659
   552  0292                     _CCPR1H	set	658
   553  0291                     _CCPR1L	set	657
   554  029E                     _CCPTMRS	set	670
   555  0296                     _PSTR1CON	set	662
   556                           
   557                           	psect	text0
   558  0000                     __ptext0:	
   559                           ; #config settings
   560                           
   561                           
   562                           ;psect for function i1_stop
   563  0000                     
   564                           	psect	cinit
   565  002F                     start_initialization:	
   566  002F                     __initialization:	
   567                           
   568                           ; Clear objects allocated to COMMON
   569  002F  01F5               	clrf	__pbssCOMMON& (0+127)
   570  0030                     end_of_initialization:	
   571                           ;End of C runtime variable initialization code
   572                           
   573  0030                     __end_of__initialization:	
   574  0030  107E               	bcf	pic14e$flags,0	;clear compiler interrupt flag
   575  0031  0020               	movlb	0
   576  0032  3180  2834         	ljmp	_main	;jump to C main() function
   577                           
   578                           	psect	bssCOMMON
   579  0075                     __pbssCOMMON:	
   580  0075                     _r_data:	
   581  0075                     	ds	1
   582                           
   583                           	psect	cstackCOMMON
   584  0070                     __pcstackCOMMON:	
   585  0070                     ?_keep:	
   586  0070                     ?_right:	
   587                           ; 0 bytes @ 0x0
   588                           
   589  0070                     ??_right:	
   590                           ; 0 bytes @ 0x0
   591                           
   592  0070                     ?_speed:	
   593                           ; 0 bytes @ 0x0
   594                           
   595  0070                     ??_speed:	
   596                           ; 0 bytes @ 0x0
   597                           
   598  0070                     ?_left:	
   599                           ; 0 bytes @ 0x0
   600                           
   601  0070                     ??_left:	
   602                           ; 0 bytes @ 0x0
   603                           
   604  0070                     ?_pic_reg:	
   605                           ; 0 bytes @ 0x0
   606                           
   607  0070                     ?_slave_reg:	
   608                           ; 0 bytes @ 0x0
   609                           
   610  0070                     ?_inter:	
   611                           ; 0 bytes @ 0x0
   612                           
   613  0070                     ?_main:	
   614                           ; 0 bytes @ 0x0
   615                           
   616  0070                     ?_stop:	
   617                           ; 0 bytes @ 0x0
   618                           
   619  0070                     ?i1_stop:	
   620                           ; 0 bytes @ 0x0
   621                           
   622  0070                     ??i1_stop:	
   623                           ; 0 bytes @ 0x0
   624                           
   625  0070                     ?i1_keep:	
   626                           ; 0 bytes @ 0x0
   627                           
   628  0070                     ??i1_keep:	
   629                           ; 0 bytes @ 0x0
   630                           
   631  0070                     ?_slave_read:	
   632                           ; 0 bytes @ 0x0
   633                           
   634  0070                     speed@ration:	
   635                           ; 2 bytes @ 0x0
   636                           
   637                           
   638                           ; 1 bytes @ 0x0
   639  0070                     	ds	2
   640  0072                     ??_slave_read:	
   641                           
   642                           ; 0 bytes @ 0x2
   643  0072                     	ds	1
   644  0073                     ??_inter:	
   645                           
   646                           ; 0 bytes @ 0x3
   647  0073                     	ds	1
   648  0074                     ??_keep:	
   649  0074                     ??_pic_reg:	
   650                           ; 0 bytes @ 0x4
   651                           
   652  0074                     ??_slave_reg:	
   653                           ; 0 bytes @ 0x4
   654                           
   655  0074                     ??_stop:	
   656                           ; 0 bytes @ 0x4
   657                           
   658                           
   659                           ; 0 bytes @ 0x4
   660  0074                     	ds	1
   661  0075                     ??_main:	
   662                           
   663                           	psect	maintext
   664  0034                     __pmaintext:	
   665                           ; 0 bytes @ 0x5
   666 ;;
   667 ;;Main: autosize = 0, tempsize = 0, incstack = 0, save=0
   668 ;;
   669 ;; *************** function _main *****************
   670 ;; Defined at:
   671 ;;		line 32 in file "main.c"
   672 ;; Parameters:    Size  Location     Type
   673 ;;		None
   674 ;; Auto vars:     Size  Location     Type
   675 ;;		None
   676 ;; Return value:  Size  Location     Type
   677 ;;		None               void
   678 ;; Registers used:
   679 ;;		wreg, status,2, status,0, pclath, cstack
   680 ;; Tracked objects:
   681 ;;		On entry : 17F/0
   682 ;;		On exit  : 0/0
   683 ;;		Unchanged: 0/0
   684 ;; Data sizes:     COMMON   BANK0   BANK1   BANK2   BANK3   BANK4   BANK5   BANK6   BANK7   BANK8   BANK9  BANK10  BANK1
      +1  BANK12
   685 ;;      Params:         0       0       0       0       0       0       0       0       0       0       0       0       
      +0       0
   686 ;;      Locals:         0       0       0       0       0       0       0       0       0       0       0       0       
      +0       0
   687 ;;      Temps:          0       0       0       0       0       0       0       0       0       0       0       0       
      +0       0
   688 ;;      Totals:         0       0       0       0       0       0       0       0       0       0       0       0       
      +0       0
   689 ;;Total ram usage:        0 bytes
   690 ;; Hardware stack levels required when called:    5
   691 ;; This function calls:
   692 ;;		_keep
   693 ;;		_pic_reg
   694 ;;		_slave_reg
   695 ;; This function is called by:
   696 ;;		Startup code after reset
   697 ;; This function uses a non-reentrant model
   698 ;;
   699                           
   700                           
   701                           ;psect for function _main
   702  0034                     _main:	
   703                           
   704                           ;main.c: 34: pic_reg();
   705                           
   706                           ;incstack = 0
   707                           ; Regs used in _main: [wreg+status,2+status,0+pclath+cstack]
   708  0034  3180  206B  3180   	fcall	_pic_reg
   709                           
   710                           ;main.c: 37: CCPTMRS = 0x00;
   711  0037  0025               	movlb	5	; select bank5
   712  0038  019E               	clrf	30	;volatile
   713                           
   714                           ;main.c: 38: CCP1CON = 0xCC;
   715  0039  30CC               	movlw	204
   716  003A  0093               	movwf	19	;volatile
   717                           
   718                           ;main.c: 39: PSTR1CON = 0x0A;
   719  003B  300A               	movlw	10
   720  003C  0096               	movwf	22	;volatile
   721                           
   722                           ;main.c: 40: CCPR1L = 0;
   723  003D  0191               	clrf	17	;volatile
   724                           
   725                           ;main.c: 41: P1CSEL = 0;
   726  003E  0022               	movlb	2	; select bank2
   727  003F  111E               	bcf	30,2	;volatile
   728                           
   729                           ;main.c: 42: P1DSEL = 0;
   730  0040  119E               	bcf	30,3	;volatile
   731                           
   732                           ;main.c: 43: T2CON = 0x02;
   733  0041  3002               	movlw	2
   734  0042  0020               	movlb	0	; select bank0
   735  0043  009C               	movwf	28	;volatile
   736                           
   737                           ;main.c: 44: PR2 = 124;
   738  0044  307C               	movlw	124
   739  0045  009B               	movwf	27	;volatile
   740                           
   741                           ;main.c: 45: CCPR1L = 0;
   742  0046  0025               	movlb	5	; select bank5
   743  0047  0191               	clrf	17	;volatile
   744                           
   745                           ;main.c: 46: CCPR1H = 0;
   746  0048  0192               	clrf	18	;volatile
   747                           
   748                           ;main.c: 47: TMR2 = 0;
   749  0049  0020               	movlb	0	; select bank0
   750  004A  019A               	clrf	26	;volatile
   751                           
   752                           ;main.c: 48: TMR2ON = 1;
   753  004B  151C               	bsf	28,2	;volatile
   754                           
   755                           ;main.c: 50: keep();
   756  004C  3180  207C  3180   	fcall	_keep
   757                           
   758                           ;main.c: 52: slave_reg();
   759  004F  3180  20C9  3180   	fcall	_slave_reg
   760                           
   761                           ;main.c: 54: PEIE = 1;
   762  0052  170B               	bsf	11,6	;volatile
   763                           
   764                           ;main.c: 55: GIE = 1;
   765  0053  178B               	bsf	11,7	;volatile
   766  0054                     l58:	
   767                           ;main.c: 57: while(1);
   768                           
   769  0054  2854               	goto	l58
   770  0055                     __end_of_main:	
   771                           
   772                           	psect	text1
   773  00C9                     __ptext1:	
   774 ;; *************** function _slave_reg *****************
   775 ;; Defined at:
   776 ;;		line 15 in file "spi.c"
   777 ;; Parameters:    Size  Location     Type
   778 ;;		None
   779 ;; Auto vars:     Size  Location     Type
   780 ;;		None
   781 ;; Return value:  Size  Location     Type
   782 ;;		None               void
   783 ;; Registers used:
   784 ;;		wreg, status,2
   785 ;; Tracked objects:
   786 ;;		On entry : 0/0
   787 ;;		On exit  : 0/0
   788 ;;		Unchanged: 0/0
   789 ;; Data sizes:     COMMON   BANK0   BANK1   BANK2   BANK3   BANK4   BANK5   BANK6   BANK7   BANK8   BANK9  BANK10  BANK1
      +1  BANK12
   790 ;;      Params:         0       0       0       0       0       0       0       0       0       0       0       0       
      +0       0
   791 ;;      Locals:         0       0       0       0       0       0       0       0       0       0       0       0       
      +0       0
   792 ;;      Temps:          0       0       0       0       0       0       0       0       0       0       0       0       
      +0       0
   793 ;;      Totals:         0       0       0       0       0       0       0       0       0       0       0       0       
      +0       0
   794 ;;Total ram usage:        0 bytes
   795 ;; Hardware stack levels used:    1
   796 ;; Hardware stack levels required when called:    3
   797 ;; This function calls:
   798 ;;		Nothing
   799 ;; This function is called by:
   800 ;;		_main
   801 ;; This function uses a non-reentrant model
   802 ;;
   803                           
   804                           
   805                           ;psect for function _slave_reg
   806  00C9                     _slave_reg:	
   807                           
   808                           ;spi.c: 25: SSP1CON1 = 0b00100100;
   809                           
   810                           ;incstack = 0
   811                           ; Regs used in _slave_reg: [wreg+status,2]
   812  00C9  3024               	movlw	36
   813  00CA  0024               	movlb	4	; select bank4
   814  00CB  0095               	movwf	21	;volatile
   815                           
   816                           ;spi.c: 26: SSP1STAT = 0b00000000;
   817  00CC  0194               	clrf	20	;volatile
   818                           
   819                           ;spi.c: 29: SSP1IF = 0;
   820  00CD  0020               	movlb	0	; select bank0
   821  00CE  1191               	bcf	17,3	;volatile
   822                           
   823                           ;spi.c: 30: SSP1IE = 1;
   824  00CF  0021               	movlb	1	; select bank1
   825  00D0  1591               	bsf	17,3	;volatile
   826  00D1  0008               	return
   827  00D2                     __end_of_slave_reg:	
   828                           
   829                           	psect	text2
   830  006B                     __ptext2:	
   831 ;; *************** function _pic_reg *****************
   832 ;; Defined at:
   833 ;;		line 3 in file "pic16f1829_config.c"
   834 ;; Parameters:    Size  Location     Type
   835 ;;		None
   836 ;; Auto vars:     Size  Location     Type
   837 ;;		None
   838 ;; Return value:  Size  Location     Type
   839 ;;		None               void
   840 ;; Registers used:
   841 ;;		wreg, status,2
   842 ;; Tracked objects:
   843 ;;		On entry : 0/0
   844 ;;		On exit  : 0/0
   845 ;;		Unchanged: 0/0
   846 ;; Data sizes:     COMMON   BANK0   BANK1   BANK2   BANK3   BANK4   BANK5   BANK6   BANK7   BANK8   BANK9  BANK10  BANK1
      +1  BANK12
   847 ;;      Params:         0       0       0       0       0       0       0       0       0       0       0       0       
      +0       0
   848 ;;      Locals:         0       0       0       0       0       0       0       0       0       0       0       0       
      +0       0
   849 ;;      Temps:          0       0       0       0       0       0       0       0       0       0       0       0       
      +0       0
   850 ;;      Totals:         0       0       0       0       0       0       0       0       0       0       0       0       
      +0       0
   851 ;;Total ram usage:        0 bytes
   852 ;; Hardware stack levels used:    1
   853 ;; Hardware stack levels required when called:    3
   854 ;; This function calls:
   855 ;;		Nothing
   856 ;; This function is called by:
   857 ;;		_main
   858 ;; This function uses a non-reentrant model
   859 ;;
   860                           
   861                           
   862                           ;psect for function _pic_reg
   863  006B                     _pic_reg:	
   864                           
   865                           ;pic16f1829_config.c: 6: OSCCON = 0x72;
   866                           
   867                           ;incstack = 0
   868                           ; Regs used in _pic_reg: [wreg+status,2]
   869  006B  3072               	movlw	114
   870  006C  0021               	movlb	1	; select bank1
   871  006D  0099               	movwf	25	;volatile
   872                           
   873                           ;pic16f1829_config.c: 7: TRISA = 0x00;
   874  006E  018C               	clrf	12	;volatile
   875                           
   876                           ;pic16f1829_config.c: 8: TRISB = 0x50;
   877  006F  3050               	movlw	80
   878  0070  008D               	movwf	13	;volatile
   879                           
   880                           ;pic16f1829_config.c: 9: TRISC = 0x40;
   881  0071  3040               	movlw	64
   882  0072  008E               	movwf	14	;volatile
   883                           
   884                           ;pic16f1829_config.c: 10: PORTA = 0x00;
   885  0073  0020               	movlb	0	; select bank0
   886  0074  018C               	clrf	12	;volatile
   887                           
   888                           ;pic16f1829_config.c: 11: PORTB = 0x00;
   889  0075  018D               	clrf	13	;volatile
   890                           
   891                           ;pic16f1829_config.c: 12: PORTC = 0x00;
   892  0076  018E               	clrf	14	;volatile
   893                           
   894                           ;pic16f1829_config.c: 13: ANSELA = 0x00;
   895  0077  0023               	movlb	3	; select bank3
   896  0078  018C               	clrf	12	;volatile
   897                           
   898                           ;pic16f1829_config.c: 14: ANSELB = 0x00;
   899  0079  018D               	clrf	13	;volatile
   900                           
   901                           ;pic16f1829_config.c: 15: ANSELC = 0x00;
   902  007A  018E               	clrf	14	;volatile
   903  007B  0008               	return
   904  007C                     __end_of_pic_reg:	
   905                           
   906                           	psect	text3
   907  007C                     __ptext3:	
   908 ;; *************** function _keep *****************
   909 ;; Defined at:
   910 ;;		line 66 in file "main.c"
   911 ;; Parameters:    Size  Location     Type
   912 ;;		None
   913 ;; Auto vars:     Size  Location     Type
   914 ;;		None
   915 ;; Return value:  Size  Location     Type
   916 ;;		None               void
   917 ;; Registers used:
   918 ;;		wreg, status,2, status,0, pclath, cstack
   919 ;; Tracked objects:
   920 ;;		On entry : 0/0
   921 ;;		On exit  : 0/0
   922 ;;		Unchanged: 0/0
   923 ;; Data sizes:     COMMON   BANK0   BANK1   BANK2   BANK3   BANK4   BANK5   BANK6   BANK7   BANK8   BANK9  BANK10  BANK1
      +1  BANK12
   924 ;;      Params:         0       0       0       0       0       0       0       0       0       0       0       0       
      +0       0
   925 ;;      Locals:         0       0       0       0       0       0       0       0       0       0       0       0       
      +0       0
   926 ;;      Temps:          1       0       0       0       0       0       0       0       0       0       0       0       
      +0       0
   927 ;;      Totals:         1       0       0       0       0       0       0       0       0       0       0       0       
      +0       0
   928 ;;Total ram usage:        1 bytes
   929 ;; Hardware stack levels used:    1
   930 ;; Hardware stack levels required when called:    4
   931 ;; This function calls:
   932 ;;		_stop
   933 ;; This function is called by:
   934 ;;		_main
   935 ;; This function uses a non-reentrant model
   936 ;;
   937                           
   938                           
   939                           ;psect for function _keep
   940  007C                     _keep:	
   941                           
   942                           ;main.c: 67: if(CCP1CON != 0x00){
   943                           
   944                           ;incstack = 0
   945                           ; Regs used in _keep: [wreg+status,2+status,0+pclath+cstack]
   946  007C  0025               	movlb	5	; select bank5
   947  007D  0813               	movf	19,w	;volatile
   948  007E  1903               	btfsc	3,2
   949  007F  2888               	goto	l708
   950                           
   951                           ;main.c: 68: stop();
   952  0080  3180  20D2  3180   	fcall	_stop
   953                           
   954                           ;main.c: 69: _delay((unsigned long)((50)*(8000000/4000000.0)));
   955  0083  3021               	movlw	33
   956  0084  00F4               	movwf	??_keep
   957  0085                     u407:	
   958  0085  0BF4               	decfsz	??_keep,f
   959  0086  2885               	goto	u407
   960  0087  0025               	movlb	5	; select bank5
   961  0088                     l708:	
   962                           
   963                           ;main.c: 70: }
   964                           ;main.c: 71: PORTC = 0x14;
   965  0088  3014               	movlw	20
   966  0089  0020               	movlb	0	; select bank0
   967  008A  008E               	movwf	14	;volatile
   968  008B  0008               	return
   969  008C                     __end_of_keep:	
   970                           
   971                           	psect	text4
   972  00D2                     __ptext4:	
   973 ;; *************** function _stop *****************
   974 ;; Defined at:
   975 ;;		line 61 in file "main.c"
   976 ;; Parameters:    Size  Location     Type
   977 ;;		None
   978 ;; Auto vars:     Size  Location     Type
   979 ;;		None
   980 ;; Return value:  Size  Location     Type
   981 ;;		None               void
   982 ;; Registers used:
   983 ;;		status,2
   984 ;; Tracked objects:
   985 ;;		On entry : 0/0
   986 ;;		On exit  : 0/0
   987 ;;		Unchanged: 0/0
   988 ;; Data sizes:     COMMON   BANK0   BANK1   BANK2   BANK3   BANK4   BANK5   BANK6   BANK7   BANK8   BANK9  BANK10  BANK1
      +1  BANK12
   989 ;;      Params:         0       0       0       0       0       0       0       0       0       0       0       0       
      +0       0
   990 ;;      Locals:         0       0       0       0       0       0       0       0       0       0       0       0       
      +0       0
   991 ;;      Temps:          0       0       0       0       0       0       0       0       0       0       0       0       
      +0       0
   992 ;;      Totals:         0       0       0       0       0       0       0       0       0       0       0       0       
      +0       0
   993 ;;Total ram usage:        0 bytes
   994 ;; Hardware stack levels used:    1
   995 ;; Hardware stack levels required when called:    3
   996 ;; This function calls:
   997 ;;		Nothing
   998 ;; This function is called by:
   999 ;;		_keep
  1000 ;; This function uses a non-reentrant model
  1001 ;;
  1002                           
  1003                           
  1004                           ;psect for function _stop
  1005  00D2                     _stop:	
  1006                           
  1007                           ;main.c: 62: PORTC = 0x00;
  1008                           
  1009                           ;incstack = 0
  1010                           ; Regs used in _stop: [status,2]
  1011  00D2  0020               	movlb	0	; select bank0
  1012  00D3  018E               	clrf	14	;volatile
  1013                           
  1014                           ;main.c: 63: CCP1CON = 0x00;
  1015  00D4  0025               	movlb	5	; select bank5
  1016  00D5  0193               	clrf	19	;volatile
  1017  00D6  0008               	return
  1018  00D7                     __end_of_stop:	
  1019                           
  1020                           	psect	intentry
  1021  0004                     __pintentry:	
  1022 ;; *************** function _inter *****************
  1023 ;; Defined at:
  1024 ;;		line 12 in file "main.c"
  1025 ;; Parameters:    Size  Location     Type
  1026 ;;		None
  1027 ;; Auto vars:     Size  Location     Type
  1028 ;;		None
  1029 ;; Return value:  Size  Location     Type
  1030 ;;		None               void
  1031 ;; Registers used:
  1032 ;;		wreg, status,2, status,0, pclath, cstack
  1033 ;; Tracked objects:
  1034 ;;		On entry : 0/0
  1035 ;;		On exit  : 0/0
  1036 ;;		Unchanged: 0/0
  1037 ;; Data sizes:     COMMON   BANK0   BANK1   BANK2   BANK3   BANK4   BANK5   BANK6   BANK7   BANK8   BANK9  BANK10  BANK1
      +1  BANK12
  1038 ;;      Params:         0       0       0       0       0       0       0       0       0       0       0       0       
      +0       0
  1039 ;;      Locals:         0       0       0       0       0       0       0       0       0       0       0       0       
      +0       0
  1040 ;;      Temps:          1       0       0       0       0       0       0       0       0       0       0       0       
      +0       0
  1041 ;;      Totals:         1       0       0       0       0       0       0       0       0       0       0       0       
      +0       0
  1042 ;;Total ram usage:        1 bytes
  1043 ;; Hardware stack levels used:    1
  1044 ;; Hardware stack levels required when called:    2
  1045 ;; This function calls:
  1046 ;;		_left
  1047 ;;		_right
  1048 ;;		_slave_read
  1049 ;;		_speed
  1050 ;;		i1_keep
  1051 ;; This function is called by:
  1052 ;;		Interrupt level 1
  1053 ;; This function uses a non-reentrant model
  1054 ;;
  1055                           
  1056  0004                     _inter:	
  1057                           
  1058                           ;incstack = 0
  1059                           ; Regs used in _inter: [wreg+status,2+status,0+pclath+cstack]
  1060  0004  147E               	bsf	126,0	;set compiler interrupt flag
  1061  0005  3180               	pagesel	$
  1062  0006  0020               	movlb	0	; select bank0
  1063  0007  087F               	movf	127,w
  1064  0008  00F3               	movwf	??_inter
  1065                           
  1066                           ;main.c: 14: if((slave_read()) == 0){
  1067  0009  3180  2055  3180   	fcall	_slave_read
  1068  000C  0871               	movf	?_slave_read+1,w
  1069  000D  0470               	iorwf	?_slave_read,w
  1070  000E  1D03               	skipz
  1071  000F  2827               	goto	i1l778
  1072                           
  1073                           ;main.c: 16: if((r_data & 0x7F) == 0x00){
  1074  0010  0875               	movf	_r_data,w
  1075  0011  397F               	andlw	127
  1076  0012  1D03               	btfss	3,2
  1077  0013  2818               	goto	i1l50
  1078                           
  1079                           ;main.c: 17: keep();
  1080  0014  3180  208C  3180   	fcall	i1_keep
  1081                           
  1082                           ;main.c: 18: }else if((r_data & 0x80) == 0x80){
  1083  0017  2827               	goto	i1l778
  1084  0018                     i1l50:	
  1085  0018  1FF5               	btfss	_r_data,7
  1086  0019  281E               	goto	i1l52
  1087                           
  1088                           ;main.c: 19: right();
  1089  001A  3180  209C  3180   	fcall	_right
  1090  001D  2823               	goto	L1
  1091  001E                     i1l52:	
  1092                           ;main.c: 21: }else if((r_data & 0x80) == 0x00){
  1093                           
  1094                           ;main.c: 20: speed(r_data & 0x7E);
  1095                           
  1096  001E  1BF5               	btfsc	_r_data,7
  1097  001F  2827               	goto	i1l778
  1098                           
  1099                           ;main.c: 22: left();
  1100  0020  3180  20AC  3180   	fcall	_left
  1101  0023                     L1:	
  1102                           
  1103                           ;main.c: 23: speed(r_data & 0x7E);
  1104  0023  0875               	movf	_r_data,w
  1105  0024  397E               	andlw	126
  1106  0025  3180  20BC         	fcall	_speed
  1107  0027                     i1l778:	
  1108                           
  1109                           ;main.c: 24: }
  1110                           ;main.c: 26: }
  1111                           ;main.c: 28: GIE = 1;
  1112  0027  178B               	bsf	11,7	;volatile
  1113  0028  0873               	movf	??_inter,w
  1114  0029  0020               	movlb	0	; select bank0
  1115  002A  00FF               	movwf	127
  1116  002B  107E               	bcf	126,0	;clear compiler interrupt flag
  1117  002C  0009               	retfie
  1118  002D                     __end_of_inter:	
  1119                           
  1120                           	psect	text6
  1121  008C                     __ptext6:	
  1122 ;; *************** function i1_keep *****************
  1123 ;; Defined at:
  1124 ;;		line 66 in file "main.c"
  1125 ;; Parameters:    Size  Location     Type
  1126 ;;		None
  1127 ;; Auto vars:     Size  Location     Type
  1128 ;;		None
  1129 ;; Return value:  Size  Location     Type
  1130 ;;		None               void
  1131 ;; Registers used:
  1132 ;;		wreg, status,2, status,0, pclath, cstack
  1133 ;; Tracked objects:
  1134 ;;		On entry : 0/0
  1135 ;;		On exit  : 0/0
  1136 ;;		Unchanged: 0/0
  1137 ;; Data sizes:     COMMON   BANK0   BANK1   BANK2   BANK3   BANK4   BANK5   BANK6   BANK7   BANK8   BANK9  BANK10  BANK1
      +1  BANK12
  1138 ;;      Params:         0       0       0       0       0       0       0       0       0       0       0       0       
      +0       0
  1139 ;;      Locals:         0       0       0       0       0       0       0       0       0       0       0       0       
      +0       0
  1140 ;;      Temps:          1       0       0       0       0       0       0       0       0       0       0       0       
      +0       0
  1141 ;;      Totals:         1       0       0       0       0       0       0       0       0       0       0       0       
      +0       0
  1142 ;;Total ram usage:        1 bytes
  1143 ;; Hardware stack levels used:    1
  1144 ;; Hardware stack levels required when called:    1
  1145 ;; This function calls:
  1146 ;;		i1_stop
  1147 ;; This function is called by:
  1148 ;;		_inter
  1149 ;; This function uses a non-reentrant model
  1150 ;;
  1151                           
  1152                           
  1153                           ;psect for function i1_keep
  1154  008C                     i1_keep:	
  1155                           
  1156                           ;main.c: 67: if(CCP1CON != 0x00){
  1157                           
  1158                           ;incstack = 0
  1159                           ; Regs used in i1_keep: [wreg+status,2+status,0+pclath+cstack]
  1160  008C  0025               	movlb	5	; select bank5
  1161  008D  0813               	movf	19,w	;volatile
  1162  008E  1903               	btfsc	3,2
  1163  008F  2898               	goto	i1l766
  1164                           
  1165                           ;main.c: 68: stop();
  1166  0090  3180  20D7  3180   	fcall	i1_stop
  1167                           
  1168                           ;main.c: 69: _delay((unsigned long)((50)*(8000000/4000000.0)));
  1169  0093  3021               	movlw	33
  1170  0094  00F0               	movwf	??i1_keep
  1171  0095                     u41_27:	
  1172  0095  0BF0               	decfsz	??i1_keep,f
  1173  0096  2895               	goto	u41_27
  1174  0097  0025               	movlb	5	; select bank5
  1175  0098                     i1l766:	
  1176                           
  1177                           ;main.c: 70: }
  1178                           ;main.c: 71: PORTC = 0x14;
  1179  0098  3014               	movlw	20
  1180  0099  0020               	movlb	0	; select bank0
  1181  009A  008E               	movwf	14	;volatile
  1182  009B  0008               	return
  1183  009C                     __end_ofi1_keep:	
  1184                           
  1185                           	psect	text7
  1186  00BC                     __ptext7:	
  1187 ;; *************** function _speed *****************
  1188 ;; Defined at:
  1189 ;;		line 90 in file "main.c"
  1190 ;; Parameters:    Size  Location     Type
  1191 ;;  ration          1    wreg     unsigned char 
  1192 ;; Auto vars:     Size  Location     Type
  1193 ;;  ration          1    0[COMMON] unsigned char 
  1194 ;; Return value:  Size  Location     Type
  1195 ;;		None               void
  1196 ;; Registers used:
  1197 ;;		wreg
  1198 ;; Tracked objects:
  1199 ;;		On entry : 0/0
  1200 ;;		On exit  : 0/0
  1201 ;;		Unchanged: 0/0
  1202 ;; Data sizes:     COMMON   BANK0   BANK1   BANK2   BANK3   BANK4   BANK5   BANK6   BANK7   BANK8   BANK9  BANK10  BANK1
      +1  BANK12
  1203 ;;      Params:         0       0       0       0       0       0       0       0       0       0       0       0       
      +0       0
  1204 ;;      Locals:         1       0       0       0       0       0       0       0       0       0       0       0       
      +0       0
  1205 ;;      Temps:          0       0       0       0       0       0       0       0       0       0       0       0       
      +0       0
  1206 ;;      Totals:         1       0       0       0       0       0       0       0       0       0       0       0       
      +0       0
  1207 ;;Total ram usage:        1 bytes
  1208 ;; Hardware stack levels used:    1
  1209 ;; This function calls:
  1210 ;;		Nothing
  1211 ;; This function is called by:
  1212 ;;		_inter
  1213 ;; This function uses a non-reentrant model
  1214 ;;
  1215                           
  1216                           
  1217                           ;psect for function _speed
  1218  00BC                     _speed:	
  1219                           
  1220                           ;incstack = 0
  1221                           ; Regs used in _speed: [wreg]
  1222                           ;speed@ration stored from wreg
  1223  00BC  00F0               	movwf	speed@ration
  1224                           
  1225                           ;main.c: 91: if(ration >= 124){
  1226  00BD  307C               	movlw	124
  1227  00BE  0270               	subwf	speed@ration,w
  1228  00BF  1C03               	skipc
  1229  00C0  28C5               	goto	i1l722
  1230                           
  1231                           ;main.c: 92: CCPR1L = 124;
  1232  00C1  307C               	movlw	124
  1233  00C2  0025               	movlb	5	; select bank5
  1234  00C3  0091               	movwf	17	;volatile
  1235                           
  1236                           ;main.c: 93: }else{
  1237  00C4  0008               	return
  1238  00C5                     i1l722:	
  1239                           
  1240                           ;main.c: 94: CCPR1L = ration;
  1241  00C5  0870               	movf	speed@ration,w
  1242  00C6  0025               	movlb	5	; select bank5
  1243  00C7  0091               	movwf	17	;volatile
  1244  00C8  0008               	return
  1245  00C9                     __end_of_speed:	
  1246                           
  1247                           	psect	text8
  1248  0055                     __ptext8:	
  1249 ;; *************** function _slave_read *****************
  1250 ;; Defined at:
  1251 ;;		line 38 in file "spi.c"
  1252 ;; Parameters:    Size  Location     Type
  1253 ;;		None
  1254 ;; Auto vars:     Size  Location     Type
  1255 ;;		None
  1256 ;; Return value:  Size  Location     Type
  1257 ;;                  2    0[COMMON] int 
  1258 ;; Registers used:
  1259 ;;		wreg, status,2
  1260 ;; Tracked objects:
  1261 ;;		On entry : 0/0
  1262 ;;		On exit  : 0/0
  1263 ;;		Unchanged: 0/0
  1264 ;; Data sizes:     COMMON   BANK0   BANK1   BANK2   BANK3   BANK4   BANK5   BANK6   BANK7   BANK8   BANK9  BANK10  BANK1
      +1  BANK12
  1265 ;;      Params:         2       0       0       0       0       0       0       0       0       0       0       0       
      +0       0
  1266 ;;      Locals:         0       0       0       0       0       0       0       0       0       0       0       0       
      +0       0
  1267 ;;      Temps:          1       0       0       0       0       0       0       0       0       0       0       0       
      +0       0
  1268 ;;      Totals:         3       0       0       0       0       0       0       0       0       0       0       0       
      +0       0
  1269 ;;Total ram usage:        3 bytes
  1270 ;; Hardware stack levels used:    1
  1271 ;; This function calls:
  1272 ;;		Nothing
  1273 ;; This function is called by:
  1274 ;;		_inter
  1275 ;; This function uses a non-reentrant model
  1276 ;;
  1277                           
  1278                           
  1279                           ;psect for function _slave_read
  1280  0055                     _slave_read:	
  1281                           
  1282                           ;spi.c: 41: if((SSP1IF == 1) && (SSP1STATbits.BF != 0)){
  1283                           
  1284                           ;incstack = 0
  1285                           ; Regs used in _slave_read: [wreg+status,2]
  1286  0055  0020               	movlb	0	; select bank0
  1287  0056  1D91               	btfss	17,3	;volatile
  1288  0057  2866               	goto	i1l698
  1289  0058  0024               	movlb	4	; select bank4
  1290  0059  1C14               	btfss	20,0	;volatile
  1291  005A  2866               	goto	i1l698
  1292                           
  1293                           ;spi.c: 42: SSP1IF = 0;
  1294  005B  0020               	movlb	0	; select bank0
  1295  005C  1191               	bcf	17,3	;volatile
  1296                           
  1297                           ;spi.c: 43: GIE = 0;
  1298  005D  138B               	bcf	11,7	;volatile
  1299                           
  1300                           ;spi.c: 44: r_data = SSP1BUF;
  1301  005E  0024               	movlb	4	; select bank4
  1302  005F  0811               	movf	17,w	;volatile
  1303  0060  00F2               	movwf	??_slave_read
  1304  0061  0872               	movf	??_slave_read,w
  1305  0062  00F5               	movwf	_r_data
  1306                           
  1307                           ;spi.c: 46: return 0;
  1308  0063  01F0               	clrf	?_slave_read
  1309  0064  01F1               	clrf	?_slave_read+1
  1310  0065  0008               	return
  1311  0066                     i1l698:	
  1312                           
  1313                           ;spi.c: 47: }
  1314                           ;spi.c: 49: return 1;
  1315  0066  3001               	movlw	1
  1316  0067  00F0               	movwf	?_slave_read
  1317  0068  3000               	movlw	0
  1318  0069  00F1               	movwf	?_slave_read+1
  1319  006A  0008               	return
  1320  006B                     __end_of_slave_read:	
  1321                           
  1322                           	psect	text9
  1323  009C                     __ptext9:	
  1324 ;; *************** function _right *****************
  1325 ;; Defined at:
  1326 ;;		line 74 in file "main.c"
  1327 ;; Parameters:    Size  Location     Type
  1328 ;;		None
  1329 ;; Auto vars:     Size  Location     Type
  1330 ;;		None
  1331 ;; Return value:  Size  Location     Type
  1332 ;;		None               void
  1333 ;; Registers used:
  1334 ;;		wreg, status,2, status,0, pclath, cstack
  1335 ;; Tracked objects:
  1336 ;;		On entry : 0/0
  1337 ;;		On exit  : 0/0
  1338 ;;		Unchanged: 0/0
  1339 ;; Data sizes:     COMMON   BANK0   BANK1   BANK2   BANK3   BANK4   BANK5   BANK6   BANK7   BANK8   BANK9  BANK10  BANK1
      +1  BANK12
  1340 ;;      Params:         0       0       0       0       0       0       0       0       0       0       0       0       
      +0       0
  1341 ;;      Locals:         0       0       0       0       0       0       0       0       0       0       0       0       
      +0       0
  1342 ;;      Temps:          1       0       0       0       0       0       0       0       0       0       0       0       
      +0       0
  1343 ;;      Totals:         1       0       0       0       0       0       0       0       0       0       0       0       
      +0       0
  1344 ;;Total ram usage:        1 bytes
  1345 ;; Hardware stack levels used:    1
  1346 ;; Hardware stack levels required when called:    1
  1347 ;; This function calls:
  1348 ;;		i1_stop
  1349 ;; This function is called by:
  1350 ;;		_inter
  1351 ;; This function uses a non-reentrant model
  1352 ;;
  1353                           
  1354                           
  1355                           ;psect for function _right
  1356  009C                     _right:	
  1357                           
  1358                           ;main.c: 75: if(CCP1CON != 0x4C){
  1359                           
  1360                           ;incstack = 0
  1361                           ; Regs used in _right: [wreg+status,2+status,0+pclath+cstack]
  1362  009C  0025               	movlb	5	; select bank5
  1363  009D  0813               	movf	19,w	;volatile
  1364  009E  3A4C               	xorlw	76
  1365  009F  1903               	skipnz
  1366  00A0  28A8               	goto	i1l716
  1367                           
  1368                           ;main.c: 76: stop();
  1369  00A1  3180  20D7  3180   	fcall	i1_stop
  1370                           
  1371                           ;main.c: 77: _delay((unsigned long)((50)*(8000000/4000000.0)));
  1372  00A4  3021               	movlw	33
  1373  00A5  00F0               	movwf	??_right
  1374  00A6                     u42_27:	
  1375  00A6  0BF0               	decfsz	??_right,f
  1376  00A7  28A6               	goto	u42_27
  1377  00A8                     i1l716:	
  1378                           
  1379                           ;main.c: 78: }
  1380                           ;main.c: 79: CCP1CON = 0x4C;
  1381  00A8  304C               	movlw	76
  1382  00A9  0025               	movlb	5	; select bank5
  1383  00AA  0093               	movwf	19	;volatile
  1384  00AB  0008               	return
  1385  00AC                     __end_of_right:	
  1386                           
  1387                           	psect	text10
  1388  00AC                     __ptext10:	
  1389 ;; *************** function _left *****************
  1390 ;; Defined at:
  1391 ;;		line 82 in file "main.c"
  1392 ;; Parameters:    Size  Location     Type
  1393 ;;		None
  1394 ;; Auto vars:     Size  Location     Type
  1395 ;;		None
  1396 ;; Return value:  Size  Location     Type
  1397 ;;		None               void
  1398 ;; Registers used:
  1399 ;;		wreg, status,2, status,0, pclath, cstack
  1400 ;; Tracked objects:
  1401 ;;		On entry : 0/0
  1402 ;;		On exit  : 0/0
  1403 ;;		Unchanged: 0/0
  1404 ;; Data sizes:     COMMON   BANK0   BANK1   BANK2   BANK3   BANK4   BANK5   BANK6   BANK7   BANK8   BANK9  BANK10  BANK1
      +1  BANK12
  1405 ;;      Params:         0       0       0       0       0       0       0       0       0       0       0       0       
      +0       0
  1406 ;;      Locals:         0       0       0       0       0       0       0       0       0       0       0       0       
      +0       0
  1407 ;;      Temps:          1       0       0       0       0       0       0       0       0       0       0       0       
      +0       0
  1408 ;;      Totals:         1       0       0       0       0       0       0       0       0       0       0       0       
      +0       0
  1409 ;;Total ram usage:        1 bytes
  1410 ;; Hardware stack levels used:    1
  1411 ;; Hardware stack levels required when called:    1
  1412 ;; This function calls:
  1413 ;;		i1_stop
  1414 ;; This function is called by:
  1415 ;;		_inter
  1416 ;; This function uses a non-reentrant model
  1417 ;;
  1418                           
  1419                           
  1420                           ;psect for function _left
  1421  00AC                     _left:	
  1422                           
  1423                           ;main.c: 83: if(CCP1CON != 0xCC){
  1424                           
  1425                           ;incstack = 0
  1426                           ; Regs used in _left: [wreg+status,2+status,0+pclath+cstack]
  1427  00AC  0025               	movlb	5	; select bank5
  1428  00AD  0813               	movf	19,w	;volatile
  1429  00AE  3ACC               	xorlw	204
  1430  00AF  1903               	skipnz
  1431  00B0  28B8               	goto	i1l730
  1432                           
  1433                           ;main.c: 84: stop();
  1434  00B1  3180  20D7  3180   	fcall	i1_stop
  1435                           
  1436                           ;main.c: 85: _delay((unsigned long)((50)*(8000000/4000000.0)));
  1437  00B4  3021               	movlw	33
  1438  00B5  00F0               	movwf	??_left
  1439  00B6                     u43_27:	
  1440  00B6  0BF0               	decfsz	??_left,f
  1441  00B7  28B6               	goto	u43_27
  1442  00B8                     i1l730:	
  1443                           
  1444                           ;main.c: 86: }
  1445                           ;main.c: 87: CCP1CON = 0xCC;
  1446  00B8  30CC               	movlw	204
  1447  00B9  0025               	movlb	5	; select bank5
  1448  00BA  0093               	movwf	19	;volatile
  1449  00BB  0008               	return
  1450  00BC                     __end_of_left:	
  1451                           
  1452                           	psect	text11
  1453  00D7                     __ptext11:	
  1454 ;; *************** function i1_stop *****************
  1455 ;; Defined at:
  1456 ;;		line 61 in file "main.c"
  1457 ;; Parameters:    Size  Location     Type
  1458 ;;		None
  1459 ;; Auto vars:     Size  Location     Type
  1460 ;;		None
  1461 ;; Return value:  Size  Location     Type
  1462 ;;		None               void
  1463 ;; Registers used:
  1464 ;;		status,2
  1465 ;; Tracked objects:
  1466 ;;		On entry : 0/0
  1467 ;;		On exit  : 0/0
  1468 ;;		Unchanged: 0/0
  1469 ;; Data sizes:     COMMON   BANK0   BANK1   BANK2   BANK3   BANK4   BANK5   BANK6   BANK7   BANK8   BANK9  BANK10  BANK1
      +1  BANK12
  1470 ;;      Params:         0       0       0       0       0       0       0       0       0       0       0       0       
      +0       0
  1471 ;;      Locals:         0       0       0       0       0       0       0       0       0       0       0       0       
      +0       0
  1472 ;;      Temps:          0       0       0       0       0       0       0       0       0       0       0       0       
      +0       0
  1473 ;;      Totals:         0       0       0       0       0       0       0       0       0       0       0       0       
      +0       0
  1474 ;;Total ram usage:        0 bytes
  1475 ;; Hardware stack levels used:    1
  1476 ;; This function calls:
  1477 ;;		Nothing
  1478 ;; This function is called by:
  1479 ;;		_right
  1480 ;;		_left
  1481 ;;		i1_keep
  1482 ;; This function uses a non-reentrant model
  1483 ;;
  1484                           
  1485                           
  1486                           ;psect for function i1_stop
  1487  00D7                     i1_stop:	
  1488                           
  1489                           ;main.c: 62: PORTC = 0x00;
  1490                           
  1491                           ;incstack = 0
  1492                           ; Regs used in i1_stop: [status,2]
  1493  00D7  0020               	movlb	0	; select bank0
  1494  00D8  018E               	clrf	14	;volatile
  1495                           
  1496                           ;main.c: 63: CCP1CON = 0x00;
  1497  00D9  0025               	movlb	5	; select bank5
  1498  00DA  0193               	clrf	19	;volatile
  1499  00DB  0008               	return
  1500  00DC                     __end_ofi1_stop:	
  1501  007E                     btemp	set	126	;btemp
  1502  007E                     pic14e$flags	set	126
  1503  007E                     wtemp	set	126
  1504  007E                     wtemp0	set	126
  1505  0080                     wtemp1	set	128
  1506  0082                     wtemp2	set	130
  1507  0084                     wtemp3	set	132
  1508  0086                     wtemp4	set	134
  1509  0088                     wtemp5	set	136
  1510  007F                     wtemp6	set	127
  1511  007E                     ttemp	set	126
  1512  007E                     ttemp0	set	126
  1513  0081                     ttemp1	set	129
  1514  0084                     ttemp2	set	132
  1515  0087                     ttemp3	set	135
  1516  007F                     ttemp4	set	127
  1517  007E                     ltemp	set	126
  1518  007E                     ltemp0	set	126
  1519  0082                     ltemp1	set	130
  1520  0086                     ltemp2	set	134
  1521  0080                     ltemp3	set	128


Data Sizes:
    Strings     0
    Constant    0
    Data        0
    BSS         1
    Persistent  0
    Stack       0

Auto Spaces:
    Space          Size  Autos    Used
    COMMON           14      5       6
    BANK0            80      0       0
    BANK1            80      0       0
    BANK2            80      0       0
    BANK3            80      0       0
    BANK4            80      0       0
    BANK5            80      0       0
    BANK6            80      0       0
    BANK7            80      0       0
    BANK8            80      0       0
    BANK9            80      0       0
    BANK10           80      0       0
    BANK11           80      0       0
    BANK12           48      0       0

Pointer List with Targets:

    None.

Critical Paths under _main in COMMON

    _main->_keep

Critical Paths under _inter in COMMON

    _inter->_slave_read

Critical Paths under _main in BANK0

    None.

Critical Paths under _inter in BANK0

    None.

Critical Paths under _main in BANK1

    None.

Critical Paths under _inter in BANK1

    None.

Critical Paths under _main in BANK2

    None.

Critical Paths under _inter in BANK2

    None.

Critical Paths under _main in BANK3

    None.

Critical Paths under _inter in BANK3

    None.

Critical Paths under _main in BANK4

    None.

Critical Paths under _inter in BANK4

    None.

Critical Paths under _main in BANK5

    None.

Critical Paths under _inter in BANK5

    None.

Critical Paths under _main in BANK6

    None.

Critical Paths under _inter in BANK6

    None.

Critical Paths under _main in BANK7

    None.

Critical Paths under _inter in BANK7

    None.

Critical Paths under _main in BANK8

    None.

Critical Paths under _inter in BANK8

    None.

Critical Paths under _main in BANK9

    None.

Critical Paths under _inter in BANK9

    None.

Critical Paths under _main in BANK10

    None.

Critical Paths under _inter in BANK10

    None.

Critical Paths under _main in BANK11

    None.

Critical Paths under _inter in BANK11

    None.

Critical Paths under _main in BANK12

    None.

Critical Paths under _inter in BANK12

    None.

Call Graph Tables:

 ---------------------------------------------------------------------------------
 (Depth) Function   	        Calls       Base Space   Used Autos Params    Refs
 ---------------------------------------------------------------------------------
 (0) _main                                                 0     0      0       0
                               _keep
                            _pic_reg
                          _slave_reg
 ---------------------------------------------------------------------------------
 (1) _slave_reg                                            0     0      0       0
 ---------------------------------------------------------------------------------
 (1) _pic_reg                                              0     0      0       0
 ---------------------------------------------------------------------------------
 (1) _keep                                                 1     1      0       0
                                              4 COMMON     1     1      0
                               _stop
 ---------------------------------------------------------------------------------
 (2) _stop                                                 0     0      0       0
 ---------------------------------------------------------------------------------
 Estimated maximum stack depth 2
 ---------------------------------------------------------------------------------
 (Depth) Function   	        Calls       Base Space   Used Autos Params    Refs
 ---------------------------------------------------------------------------------
 (3) _inter                                                1     1      0      30
                                              3 COMMON     1     1      0
                               _left
                              _right
                         _slave_read
                              _speed
                             i1_keep
 ---------------------------------------------------------------------------------
 (4) i1_keep                                               1     1      0       0
                                              0 COMMON     1     1      0
                             i1_stop
 ---------------------------------------------------------------------------------
 (4) _speed                                                1     1      0      30
                                              0 COMMON     1     1      0
 ---------------------------------------------------------------------------------
 (4) _slave_read                                           3     1      2       0
                                              0 COMMON     3     1      2
 ---------------------------------------------------------------------------------
 (4) _right                                                1     1      0       0
                                              0 COMMON     1     1      0
                             i1_stop
 ---------------------------------------------------------------------------------
 (4) _left                                                 1     1      0       0
                                              0 COMMON     1     1      0
                             i1_stop
 ---------------------------------------------------------------------------------
 (5) i1_stop                                               0     0      0       0
 ---------------------------------------------------------------------------------
 Estimated maximum stack depth 5
 ---------------------------------------------------------------------------------

 Call Graph Graphs:

 _main (ROOT)
   _keep
     _stop
   _pic_reg
   _slave_reg

 _inter (ROOT)
   _left
     i1_stop
   _right
     i1_stop
   _slave_read
   _speed
   i1_keep
     i1_stop

 Address spaces:
Name               Size   Autos  Total    Cost      Usage
BIGRAM             3F0      0       0       0        0.0%
EEDATA             100      0       0       0        0.0%
NULL                 0      0       0       0        0.0%
CODE                 0      0       0       0        0.0%
BITCOMMON            E      0       0       1        0.0%
BITSFR0              0      0       0       1        0.0%
SFR0                 0      0       0       1        0.0%
COMMON               E      5       6       2       42.9%
BITSFR1              0      0       0       2        0.0%
SFR1                 0      0       0       2        0.0%
BITSFR2              0      0       0       3        0.0%
SFR2                 0      0       0       3        0.0%
STACK                0      0       0       3        0.0%
BITBANK0            50      0       0       4        0.0%
BITSFR3              0      0       0       4        0.0%
SFR3                 0      0       0       4        0.0%
BANK0               50      0       0       5        0.0%
BITSFR4              0      0       0       5        0.0%
SFR4                 0      0       0       5        0.0%
BITBANK1            50      0       0       6        0.0%
BITSFR5              0      0       0       6        0.0%
SFR5                 0      0       0       6        0.0%
BANK1               50      0       0       7        0.0%
BITSFR6              0      0       0       7        0.0%
SFR6                 0      0       0       7        0.0%
BITBANK2            50      0       0       8        0.0%
BITSFR7              0      0       0       8        0.0%
SFR7                 0      0       0       8        0.0%
BANK2               50      0       0       9        0.0%
BITSFR8              0      0       0       9        0.0%
SFR8                 0      0       0       9        0.0%
BITBANK3            50      0       0      10        0.0%
BITSFR9              0      0       0      10        0.0%
SFR9                 0      0       0      10        0.0%
BANK3               50      0       0      11        0.0%
BITSFR10             0      0       0      11        0.0%
SFR10                0      0       0      11        0.0%
BITBANK4            50      0       0      12        0.0%
BITSFR11             0      0       0      12        0.0%
SFR11                0      0       0      12        0.0%
BANK4               50      0       0      13        0.0%
BITSFR12             0      0       0      13        0.0%
SFR12                0      0       0      13        0.0%
BITBANK5            50      0       0      14        0.0%
BITSFR13             0      0       0      14        0.0%
SFR13                0      0       0      14        0.0%
BANK5               50      0       0      15        0.0%
BITSFR14             0      0       0      15        0.0%
SFR14                0      0       0      15        0.0%
BITBANK6            50      0       0      16        0.0%
BITSFR15             0      0       0      16        0.0%
SFR15                0      0       0      16        0.0%
BANK6               50      0       0      17        0.0%
BITSFR16             0      0       0      17        0.0%
SFR16                0      0       0      17        0.0%
BITBANK7            50      0       0      18        0.0%
BITSFR17             0      0       0      18        0.0%
SFR17                0      0       0      18        0.0%
BANK7               50      0       0      19        0.0%
BITSFR18             0      0       0      19        0.0%
SFR18                0      0       0      19        0.0%
BITSFR19             0      0       0      20        0.0%
SFR19                0      0       0      20        0.0%
ABS                  0      0       6      20        0.0%
BITBANK8            50      0       0      21        0.0%
BITSFR20             0      0       0      21        0.0%
SFR20                0      0       0      21        0.0%
BANK8               50      0       0      22        0.0%
BITSFR21             0      0       0      22        0.0%
SFR21                0      0       0      22        0.0%
BITBANK9            50      0       0      23        0.0%
BITSFR22             0      0       0      23        0.0%
SFR22                0      0       0      23        0.0%
BANK9               50      0       0      24        0.0%
BITSFR23             0      0       0      24        0.0%
SFR23                0      0       0      24        0.0%
BITBANK10           50      0       0      25        0.0%
BITSFR24             0      0       0      25        0.0%
SFR24                0      0       0      25        0.0%
BANK10              50      0       0      26        0.0%
BITSFR25             0      0       0      26        0.0%
SFR25                0      0       0      26        0.0%
BITBANK11           50      0       0      27        0.0%
BITSFR26             0      0       0      27        0.0%
SFR26                0      0       0      27        0.0%
BANK11              50      0       0      28        0.0%
BITSFR27             0      0       0      28        0.0%
SFR27                0      0       0      28        0.0%
BITBANK12           30      0       0      29        0.0%
BITSFR28             0      0       0      29        0.0%
SFR28                0      0       0      29        0.0%
BANK12              30      0       0      30        0.0%
BITSFR29             0      0       0      30        0.0%
SFR29                0      0       0      30        0.0%
BITSFR30             0      0       0      31        0.0%
SFR30                0      0       0      31        0.0%
DATA                 0      0       6      31        0.0%
BITSFR31             0      0       0      32        0.0%
SFR31                0      0       0      32        0.0%


Microchip Technology PIC Macro Assembler V1.33 build 59893 
Symbol Table                                                                                   Thu Sep 24 12:20:06 2015

            __CFG_CP$OFF 0000                       l58 0054                      l708 0088  
                    _GIE 005F                      _RA0 0060                      _RA1 0061  
                    _RA2 0062                      _RA3 0063                      _RC0 0070  
                    _RA4 0064                      _RC1 0071                      _RA5 0065  
                    _RC2 0072                      _RC3 0073                      _RB5 006D  
                    _RC4 0074                      _RC5 0075                      _RB7 006F  
                    _PR2 001B                      u407 0085             __CFG_CPD$OFF 0000  
           __CFG_BORV$LO 0000             __CFG_LVP$OFF 0000                     _PEIE 005E  
                   i1l50 0018                     i1l52 001E                     _TMR2 001A  
           __CFG_WRT$OFF 0000                     _keep 007C                     _main 0034  
                   _left 00AC                     btemp 007E                     _stop 00D2  
                   ltemp 007E                     start 002D                     ttemp 007E  
                   wtemp 007E            __CFG_IESO$OFF 0000                    ?_keep 0070  
                  ?_main 0070                    ?_left 0070            __CFG_WDTE$OFF 0000  
                  ?_stop 0070                    _T2CON 001C                    i1l730 00B8  
                  i1l722 00C5                    i1l716 00A8                    i1l766 0098  
                  i1l698 0066                    i1l778 0027                    u41_27 0095  
                  u42_27 00A6                    _PORTA 000C                    _PORTB 000D  
                  _PORTC 000E                    u43_27 00B6                    _TRISA 008C  
                  _TRISB 008D                    _TRISC 008E           __CFG_FCMEN$OFF 0000  
                  _inter 0004                    _right 009C          __end_of_pic_reg 007C  
                  _speed 00BC           __CFG_BOREN$OFF 0000                    ltemp0 007E  
                  ltemp1 0082                    ltemp2 0086                    ltemp3 0080  
                  ttemp0 007E                    ttemp1 0081                    ttemp2 0084  
                  ttemp3 0087                    ttemp4 007F                    status 0003  
                  wtemp0 007E                    wtemp1 0080                    wtemp2 0082  
                  wtemp3 0084                    wtemp4 0086                    wtemp5 0088  
                  wtemp6 007F           __CFG_MCLRE$OFF 0000          __initialization 002F  
           __end_of_keep 008C             __end_of_main 0055             __end_of_left 00BC  
           __end_of_stop 00D7                   ??_keep 0074                   ??_main 0075  
                 ??_left 0070                   ??_stop 0074           __CFG_PLLEN$OFF 0000  
                 ?_inter 0070                   _CCPR1H 0292                   _CCPR1L 0291  
                 ?_right 0070                   _P1CSEL 08F2                   ?_speed 0070  
                 _P1DSEL 08F3                   _ANSELA 018C                   _ANSELB 018D  
                 _ANSELC 018E                   _OSCCON 0099                   _TMR2ON 00E2  
                 _SSP1IE 048B                   _SSP1IF 008B                   i1_keep 008C  
                 i1_stop 00D7           __CFG_PWRTE$OFF 0000                   _r_data 0075  
              ??_pic_reg 0074  __end_of__initialization 0030           __pcstackCOMMON 0070  
          __end_of_inter 002D            __end_of_right 00AC            __end_of_speed 00C9  
                ??_inter 0073                  ??_right 0070                  ??_speed 0070  
                ?i1_keep 0070                  ?i1_stop 0070               __pmaintext 0034  
             __pintentry 0004                  _CCP1CON 0293                  _CCPTMRS 029E  
     __size_of_slave_reg 0009                  _SSP1BUF 0211          __size_ofi1_keep 0010  
        __size_ofi1_stop 0005          __CFG_STVREN$OFF 0000                  __ptext0 0000  
                __ptext1 00C9                  __ptext2 006B                  __ptext3 007C  
                __ptext4 00D2                  __ptext6 008C                  __ptext7 00BC  
                __ptext8 0055                  __ptext9 009C                  _pic_reg 006B  
   end_of_initialization 0030        __end_of_slave_reg 00D2              speed@ration 0070  
             _slave_read 0055         __CFG_FOSC$INTOSC 0000           __end_ofi1_keep 009C  
         __end_ofi1_stop 00DC      start_initialization 002F                 ??i1_keep 0070  
               ??i1_stop 0070              ?_slave_read 0070              __pbssCOMMON 0075  
              ___latbits 0002                 ?_pic_reg 0070           __size_of_inter 0029  
         __size_of_right 0010           __size_of_speed 000D      __size_of_slave_read 0016  
              _slave_reg 00C9                 _SSP1CON1 0215                 _PSTR1CON 0296  
               _SSP1STAT 0214               ?_slave_reg 0070         __size_of_pic_reg 0011  
               __ptext10 00AC                 __ptext11 00D7            __size_of_keep 0010  
          __size_of_main 0021            __size_of_left 0010            __size_of_stop 0005  
           ??_slave_read 0072             _SSP1STATbits 0214              pic14e$flags 007E  
               intlevel1 0000       __end_of_slave_read 006B        __CFG_CLKOUTEN$OFF 0000  
            ??_slave_reg 0074  
