

Microchip Technology PIC LITE Macro Assembler V1.34 build -361300703 
                                                                                               Mon Mar 30 11:36:22 2015

Microchip Technology Omniscient Code Generator (Lite mode) build 201502162209
     1                           	processor	16F1827
     2                           	opt	pw 120
     3                           	opt	lm
     4                           	psect	maintext,global,class=CODE,merge=1,split=1,delta=2
     5                           	psect	cinit,global,class=CODE,merge=1,delta=2
     6                           	psect	cstackCOMMON,global,class=COMMON,space=1,delta=1
     7                           	dabs	1,0x7E,2
     8  0000                     	;# 
     9  0001                     	;# 
    10  0002                     	;# 
    11  0003                     	;# 
    12  0004                     	;# 
    13  0005                     	;# 
    14  0006                     	;# 
    15  0007                     	;# 
    16  0008                     	;# 
    17  0009                     	;# 
    18  000A                     	;# 
    19  000B                     	;# 
    20  000C                     	;# 
    21  000D                     	;# 
    22  0011                     	;# 
    23  0012                     	;# 
    24  0013                     	;# 
    25  0014                     	;# 
    26  0015                     	;# 
    27  0016                     	;# 
    28  0016                     	;# 
    29  0017                     	;# 
    30  0018                     	;# 
    31  0019                     	;# 
    32  001A                     	;# 
    33  001B                     	;# 
    34  001C                     	;# 
    35  001E                     	;# 
    36  001F                     	;# 
    37  008C                     	;# 
    38  008D                     	;# 
    39  0091                     	;# 
    40  0092                     	;# 
    41  0093                     	;# 
    42  0094                     	;# 
    43  0095                     	;# 
    44  0096                     	;# 
    45  0097                     	;# 
    46  0098                     	;# 
    47  0099                     	;# 
    48  009A                     	;# 
    49  009B                     	;# 
    50  009B                     	;# 
    51  009C                     	;# 
    52  009D                     	;# 
    53  009E                     	;# 
    54  010C                     	;# 
    55  010D                     	;# 
    56  0111                     	;# 
    57  0112                     	;# 
    58  0113                     	;# 
    59  0114                     	;# 
    60  0115                     	;# 
    61  0116                     	;# 
    62  0117                     	;# 
    63  0118                     	;# 
    64  0119                     	;# 
    65  011A                     	;# 
    66  011B                     	;# 
    67  011D                     	;# 
    68  011E                     	;# 
    69  018C                     	;# 
    70  018D                     	;# 
    71  0191                     	;# 
    72  0191                     	;# 
    73  0192                     	;# 
    74  0193                     	;# 
    75  0193                     	;# 
    76  0193                     	;# 
    77  0194                     	;# 
    78  0195                     	;# 
    79  0196                     	;# 
    80  0199                     	;# 
    81  019A                     	;# 
    82  019B                     	;# 
    83  019B                     	;# 
    84  019B                     	;# 
    85  019B                     	;# 
    86  019C                     	;# 
    87  019C                     	;# 
    88  019D                     	;# 
    89  019E                     	;# 
    90  019F                     	;# 
    91  020C                     	;# 
    92  020D                     	;# 
    93  0211                     	;# 
    94  0211                     	;# 
    95  0212                     	;# 
    96  0212                     	;# 
    97  0213                     	;# 
    98  0213                     	;# 
    99  0214                     	;# 
   100  0214                     	;# 
   101  0215                     	;# 
   102  0215                     	;# 
   103  0215                     	;# 
   104  0216                     	;# 
   105  0216                     	;# 
   106  0217                     	;# 
   107  0217                     	;# 
   108  0219                     	;# 
   109  021A                     	;# 
   110  021B                     	;# 
   111  021C                     	;# 
   112  021D                     	;# 
   113  021E                     	;# 
   114  021F                     	;# 
   115  0291                     	;# 
   116  0291                     	;# 
   117  0292                     	;# 
   118  0293                     	;# 
   119  0294                     	;# 
   120  0295                     	;# 
   121  0295                     	;# 
   122  0296                     	;# 
   123  0298                     	;# 
   124  0298                     	;# 
   125  0299                     	;# 
   126  029A                     	;# 
   127  029B                     	;# 
   128  029C                     	;# 
   129  029C                     	;# 
   130  029D                     	;# 
   131  029E                     	;# 
   132  029E                     	;# 
   133  0311                     	;# 
   134  0311                     	;# 
   135  0312                     	;# 
   136  0313                     	;# 
   137  0318                     	;# 
   138  0318                     	;# 
   139  0319                     	;# 
   140  031A                     	;# 
   141  0394                     	;# 
   142  0395                     	;# 
   143  0396                     	;# 
   144  039A                     	;# 
   145  039C                     	;# 
   146  039D                     	;# 
   147  039E                     	;# 
   148  039F                     	;# 
   149  0415                     	;# 
   150  0416                     	;# 
   151  0417                     	;# 
   152  041C                     	;# 
   153  041D                     	;# 
   154  041E                     	;# 
   155  0FE4                     	;# 
   156  0FE5                     	;# 
   157  0FE6                     	;# 
   158  0FE7                     	;# 
   159  0FE8                     	;# 
   160  0FE9                     	;# 
   161  0FEA                     	;# 
   162  0FEB                     	;# 
   163  0FED                     	;# 
   164  0FEE                     	;# 
   165  0FEF                     	;# 
   166  000C                     _PORTA	set	12
   167  000D                     _PORTB	set	13
   168  0060                     _RA0	set	96
   169  0099                     _OSCCON	set	153
   170  008C                     _TRISA	set	140
   171  008D                     _TRISB	set	141
   172  018C                     _ANSELA	set	396
   173  018D                     _ANSELB	set	397
   174                           
   175                           	psect	maintext
   176  07CF                     __pmaintext:	
   177                           ; #config settings
   178                           
   179                           
   180                           ;psect for function _main
   181  0000                     
   182 ;;
   183 ;;Main: autosize = 0, tempsize = 3, incstack = 0, save=0
   184 ;;
   185 ;; *************** function _main *****************
   186 ;; Defined at:
   187 ;;		line 28 in file "main.c"
   188 ;; Parameters:    Size  Location     Type
   189 ;;		None
   190 ;; Auto vars:     Size  Location     Type
   191 ;;		None
   192 ;; Return value:  Size  Location     Type
   193 ;;		None               void
   194 ;; Registers used:
   195 ;;		wreg, status,2
   196 ;; Tracked objects:
   197 ;;		On entry : B1F/0
   198 ;;		On exit  : 0/0
   199 ;;		Unchanged: 0/0
   200 ;; Data sizes:     COMMON   BANK0   BANK1   BANK2   BANK3   BANK4
   201 ;;      Params:         0       0       0       0       0       0
   202 ;;      Locals:         0       0       0       0       0       0
   203 ;;      Temps:          3       0       0       0       0       0
   204 ;;      Totals:         3       0       0       0       0       0
   205 ;;Total ram usage:        3 bytes
   206 ;; This function calls:
   207 ;;		Nothing
   208 ;; This function is called by:
   209 ;;		Startup code after reset
   210 ;; This function uses a non-reentrant model
   211 ;;
   212  07CF                     _main:	
   213                           
   214                           ;main.c: 30: OSCCON = 0x72;
   215                           
   216                           ;incstack = 0
   217                           ; Regs used in _main: [wreg+status,2]
   218  07CF  3072               	movlw	114
   219  07D0  0021               	movlb	1	; select bank1
   220  07D1  0099               	movwf	25	;volatile
   221                           
   222                           ;main.c: 31: TRISA = 0x20;
   223  07D2  3020               	movlw	32
   224  07D3  008C               	movwf	12	;volatile
   225                           
   226                           ;main.c: 32: PORTA = 0x00;
   227  07D4  0020               	movlb	0	; select bank0
   228  07D5  018C               	clrf	12	;volatile
   229                           
   230                           ;main.c: 33: ANSELA = 0x00;
   231  07D6  0023               	movlb	3	; select bank3
   232  07D7  018C               	clrf	12	;volatile
   233                           
   234                           ;main.c: 34: TRISB = 0x00;
   235  07D8  0021               	movlb	1	; select bank1
   236  07D9  018D               	clrf	13	;volatile
   237                           
   238                           ;main.c: 35: PORTB = 0x00;
   239  07DA  0020               	movlb	0	; select bank0
   240  07DB  018D               	clrf	13	;volatile
   241                           
   242                           ;main.c: 36: ANSELB = 0x00;
   243  07DC  0023               	movlb	3	; select bank3
   244  07DD  018D               	clrf	13	;volatile
   245  07DE                     l496:	
   246                           ;main.c: 38: while(1){
   247                           
   248                           
   249                           ;main.c: 39: RA0 = 1;
   250  07DE  0020               	movlb	0	; select bank0
   251  07DF  140C               	bsf	12,0	;volatile
   252                           
   253                           ;main.c: 40: _delay((unsigned long)((100)*(8000000/4000.0)));
   254  07E0  3002               	movlw	2
   255  07E1  00F2               	movwf	??_main+2
   256  07E2  3004               	movlw	4
   257  07E3  00F1               	movwf	??_main+1
   258  07E4  30BA               	movlw	186
   259  07E5  00F0               	movwf	??_main
   260  07E6                     u17:	
   261  07E6  0BF0               	decfsz	??_main,f
   262  07E7  2FE6               	goto	u17
   263  07E8  0BF1               	decfsz	??_main+1,f
   264  07E9  2FE6               	goto	u17
   265  07EA  0BF2               	decfsz	??_main+2,f
   266  07EB  2FE6               	goto	u17
   267  07EC  0000               	nop
   268                           
   269                           ;main.c: 41: RA0 = 0;
   270  07ED  0020               	movlb	0	; select bank0
   271  07EE  100C               	bcf	12,0	;volatile
   272                           
   273                           ;main.c: 42: _delay((unsigned long)((100)*(8000000/4000.0)));
   274  07EF  3002               	movlw	2
   275  07F0  00F2               	movwf	??_main+2
   276  07F1  3004               	movlw	4
   277  07F2  00F1               	movwf	??_main+1
   278  07F3  30BA               	movlw	186
   279  07F4  00F0               	movwf	??_main
   280  07F5                     u27:	
   281  07F5  0BF0               	decfsz	??_main,f
   282  07F6  2FF5               	goto	u27
   283  07F7  0BF1               	decfsz	??_main+1,f
   284  07F8  2FF5               	goto	u27
   285  07F9  0BF2               	decfsz	??_main+2,f
   286  07FA  2FF5               	goto	u27
   287  07FB  0000               	nop
   288  07FC  2FDE               	goto	l496
   289  07FD                     __end_of_main:	
   290  007E                     btemp	set	126	;btemp
   291  007E                     wtemp	set	126
   292  007E                     wtemp0	set	126
   293  0080                     wtemp1	set	128
   294  0082                     wtemp2	set	130
   295  0084                     wtemp3	set	132
   296  0086                     wtemp4	set	134
   297  0088                     wtemp5	set	136
   298  007F                     wtemp6	set	127
   299  007E                     ttemp	set	126
   300  007E                     ttemp0	set	126
   301  0081                     ttemp1	set	129
   302  0084                     ttemp2	set	132
   303  0087                     ttemp3	set	135
   304  007F                     ttemp4	set	127
   305  007E                     ltemp	set	126
   306  007E                     ltemp0	set	126
   307  0082                     ltemp1	set	130
   308  0086                     ltemp2	set	134
   309  0080                     ltemp3	set	128
   310                           
   311                           	psect	cinit
   312  07FD                     start_initialization:	
   313  07FD                     __initialization:	
   314  07FD                     end_of_initialization:	
   315                           ;End of C runtime variable initialization code
   316                           
   317  07FD                     __end_of__initialization:	
   318  07FD  0020               	movlb	0
   319  07FE  3187  2FCF         	ljmp	_main	;jump to C main() function
   320                           
   321                           	psect	cstackCOMMON
   322  0070                     __pcstackCOMMON:	
   323  0070                     ?_main:	
   324  0070                     ??_main:	
   325                           ; 0 bytes @ 0x0
   326                           
   327                           
   328                           ; 0 bytes @ 0x0
   329  0070                     	ds	3


Data Sizes:
    Strings     0
    Constant    0
    Data        0
    BSS         0
    Persistent  0
    Stack       0

Auto Spaces:
    Space          Size  Autos    Used
    COMMON           14      3       3
    BANK0            80      0       0
    BANK1            80      0       0
    BANK2            80      0       0
    BANK3            80      0       0
    BANK4            48      0       0

Pointer List with Targets:

    None.

Critical Paths under _main in COMMON

    None.

Critical Paths under _main in BANK0

    None.

Critical Paths under _main in BANK1

    None.

Critical Paths under _main in BANK2

    None.

Critical Paths under _main in BANK3

    None.

Critical Paths under _main in BANK4

    None.

Call Graph Tables:

 ---------------------------------------------------------------------------------
 (Depth) Function   	        Calls       Base Space   Used Autos Params    Refs
 ---------------------------------------------------------------------------------
 (0) _main                                                 3     3      0       0
                                              0 COMMON     3     3      0
 ---------------------------------------------------------------------------------
 Estimated maximum stack depth 0
 ---------------------------------------------------------------------------------

 Call Graph Graphs:

 _main (ROOT)

 Address spaces:
Name               Size   Autos  Total    Cost      Usage
BIGRAM             170      0       0       0        0.0%
EEDATA             100      0       0       0        0.0%
NULL                 0      0       0       0        0.0%
CODE                 0      0       0       0        0.0%
BITCOMMON            E      0       0       1        0.0%
BITSFR0              0      0       0       1        0.0%
SFR0                 0      0       0       1        0.0%
COMMON               E      3       3       2       21.4%
BITSFR1              0      0       0       2        0.0%
SFR1                 0      0       0       2        0.0%
BITSFR2              0      0       0       3        0.0%
SFR2                 0      0       0       3        0.0%
STACK                0      0       0       3        0.0%
BITSFR3              0      0       0       4        0.0%
SFR3                 0      0       0       4        0.0%
ABS                  0      0       0       4        0.0%
BITBANK0            50      0       0       5        0.0%
BITSFR4              0      0       0       5        0.0%
SFR4                 0      0       0       5        0.0%
BANK0               50      0       0       6        0.0%
BITSFR5              0      0       0       6        0.0%
SFR5                 0      0       0       6        0.0%
BITBANK1            50      0       0       7        0.0%
BITSFR6              0      0       0       7        0.0%
SFR6                 0      0       0       7        0.0%
BANK1               50      0       0       8        0.0%
BITSFR7              0      0       0       8        0.0%
SFR7                 0      0       0       8        0.0%
BITBANK2            50      0       0       9        0.0%
BITSFR8              0      0       0       9        0.0%
SFR8                 0      0       0       9        0.0%
BANK2               50      0       0      10        0.0%
BITSFR9              0      0       0      10        0.0%
SFR9                 0      0       0      10        0.0%
BITBANK3            50      0       0      11        0.0%
BITSFR10             0      0       0      11        0.0%
SFR10                0      0       0      11        0.0%
BANK3               50      0       0      12        0.0%
BITSFR11             0      0       0      12        0.0%
SFR11                0      0       0      12        0.0%
BITBANK4            30      0       0      13        0.0%
BITSFR12             0      0       0      13        0.0%
SFR12                0      0       0      13        0.0%
BANK4               30      0       0      14        0.0%
BITSFR13             0      0       0      14        0.0%
SFR13                0      0       0      14        0.0%
BITSFR14             0      0       0      15        0.0%
SFR14                0      0       0      15        0.0%
DATA                 0      0       0      15        0.0%
BITSFR15             0      0       0      16        0.0%
SFR15                0      0       0      16        0.0%
BITSFR16             0      0       0      17        0.0%
SFR16                0      0       0      17        0.0%
BITSFR17             0      0       0      18        0.0%
SFR17                0      0       0      18        0.0%
BITSFR18             0      0       0      19        0.0%
SFR18                0      0       0      19        0.0%
BITSFR19             0      0       0      20        0.0%
SFR19                0      0       0      20        0.0%
BITSFR20             0      0       0      21        0.0%
SFR20                0      0       0      21        0.0%
BITSFR21             0      0       0      22        0.0%
SFR21                0      0       0      22        0.0%
BITSFR22             0      0       0      23        0.0%
SFR22                0      0       0      23        0.0%
BITSFR23             0      0       0      24        0.0%
SFR23                0      0       0      24        0.0%
BITSFR24             0      0       0      25        0.0%
SFR24                0      0       0      25        0.0%
BITSFR25             0      0       0      26        0.0%
SFR25                0      0       0      26        0.0%
BITSFR26             0      0       0      27        0.0%
SFR26                0      0       0      27        0.0%
BITSFR27             0      0       0      28        0.0%
SFR27                0      0       0      28        0.0%
BITSFR28             0      0       0      29        0.0%
SFR28                0      0       0      29        0.0%
BITSFR29             0      0       0      30        0.0%
SFR29                0      0       0      30        0.0%
BITSFR30             0      0       0      31        0.0%
SFR30                0      0       0      31        0.0%
BITSFR31             0      0       0      32        0.0%
SFR31                0      0       0      32        0.0%


Microchip Technology PIC Macro Assembler V1.34 build -361300703 
Symbol Table                                                                                   Mon Mar 30 11:36:22 2015

            __CFG_CP$OFF 0000                       u17 07E6                       u27 07F5  
                    l496 07DE                      _RA0 0060             __CFG_CPD$OFF 0000  
           __CFG_BORV$LO 0000             __CFG_LVP$OFF 0000             __CFG_WRT$OFF 0000  
                   _main 07CF                     btemp 007E                     ltemp 007E  
                   start 0002                     ttemp 007E                     wtemp 007E  
          __CFG_IESO$OFF 0000            __CFG_MCLRE$ON 0000                    ?_main 0070  
          __CFG_WDTE$OFF 0000                    _PORTA 000C                    _PORTB 000D  
                  _TRISA 008C                    _TRISB 008D           __CFG_FCMEN$OFF 0000  
         __CFG_BOREN$OFF 0000                    ltemp0 007E                    ltemp1 0082  
                  ltemp2 0086                    ltemp3 0080                    ttemp0 007E  
                  ttemp1 0081                    ttemp2 0084                    ttemp3 0087  
                  ttemp4 007F                    wtemp0 007E                    wtemp1 0080  
                  wtemp2 0082                    wtemp3 0084                    wtemp4 0086  
                  wtemp5 0088                    wtemp6 007F          __initialization 07FD  
           __end_of_main 07FD                   ??_main 0070           __CFG_PLLEN$OFF 0000  
                 _ANSELA 018C                   _ANSELB 018D                   _OSCCON 0099  
         __CFG_PWRTE$OFF 0000  __end_of__initialization 07FD           __pcstackCOMMON 0070  
             __pmaintext 07CF          __CFG_STVREN$OFF 0000     end_of_initialization 07FD  
       __CFG_FOSC$INTOSC 0000      start_initialization 07FD                ___latbits 0001  
          __size_of_main 002E        __CFG_CLKOUTEN$OFF 0000  
