

Microchip Technology PIC LITE Macro Assembler V1.34 build -361300703 
                                                                                               Tue Aug 18 10:59:38 2015

Microchip Technology Omniscient Code Generator (Lite mode) build 201502162209
     1                           	processor	16F1829
     2                           	opt	pw 120
     3                           	opt	lm
     4                           	psect	text0,local,class=CODE,merge=1,delta=2
     5                           	psect	cinit,global,class=CODE,merge=1,delta=2
     6                           	psect	bssCOMMON,global,class=COMMON,space=1,delta=1
     7                           	psect	cstackCOMMON,global,class=COMMON,space=1,delta=1
     8                           	psect	maintext,global,class=CODE,merge=1,split=1,delta=2
     9                           	psect	text1,local,class=CODE,merge=1,delta=2
    10                           	psect	text2,local,class=CODE,merge=1,delta=2
    11                           	dabs	1,0x7E,2
    12  0000                     	;# 
    13  0001                     	;# 
    14  0002                     	;# 
    15  0003                     	;# 
    16  0004                     	;# 
    17  0005                     	;# 
    18  0006                     	;# 
    19  0007                     	;# 
    20  0008                     	;# 
    21  0009                     	;# 
    22  000A                     	;# 
    23  000B                     	;# 
    24  000C                     	;# 
    25  000D                     	;# 
    26  000E                     	;# 
    27  0011                     	;# 
    28  0012                     	;# 
    29  0013                     	;# 
    30  0014                     	;# 
    31  0015                     	;# 
    32  0016                     	;# 
    33  0016                     	;# 
    34  0017                     	;# 
    35  0018                     	;# 
    36  0019                     	;# 
    37  001A                     	;# 
    38  001B                     	;# 
    39  001C                     	;# 
    40  001E                     	;# 
    41  001F                     	;# 
    42  008C                     	;# 
    43  008D                     	;# 
    44  008E                     	;# 
    45  0091                     	;# 
    46  0092                     	;# 
    47  0093                     	;# 
    48  0094                     	;# 
    49  0095                     	;# 
    50  0096                     	;# 
    51  0097                     	;# 
    52  0098                     	;# 
    53  0099                     	;# 
    54  009A                     	;# 
    55  009B                     	;# 
    56  009B                     	;# 
    57  009C                     	;# 
    58  009D                     	;# 
    59  009E                     	;# 
    60  010C                     	;# 
    61  010D                     	;# 
    62  010E                     	;# 
    63  0111                     	;# 
    64  0112                     	;# 
    65  0113                     	;# 
    66  0114                     	;# 
    67  0115                     	;# 
    68  0116                     	;# 
    69  0117                     	;# 
    70  0118                     	;# 
    71  0119                     	;# 
    72  011A                     	;# 
    73  011B                     	;# 
    74  011D                     	;# 
    75  011E                     	;# 
    76  018C                     	;# 
    77  018D                     	;# 
    78  018E                     	;# 
    79  0191                     	;# 
    80  0191                     	;# 
    81  0192                     	;# 
    82  0193                     	;# 
    83  0193                     	;# 
    84  0193                     	;# 
    85  0194                     	;# 
    86  0195                     	;# 
    87  0196                     	;# 
    88  0199                     	;# 
    89  019A                     	;# 
    90  019B                     	;# 
    91  019B                     	;# 
    92  019C                     	;# 
    93  019D                     	;# 
    94  019E                     	;# 
    95  019F                     	;# 
    96  020C                     	;# 
    97  020D                     	;# 
    98  020E                     	;# 
    99  0211                     	;# 
   100  0211                     	;# 
   101  0212                     	;# 
   102  0212                     	;# 
   103  0213                     	;# 
   104  0213                     	;# 
   105  0214                     	;# 
   106  0214                     	;# 
   107  0215                     	;# 
   108  0215                     	;# 
   109  0215                     	;# 
   110  0216                     	;# 
   111  0216                     	;# 
   112  0217                     	;# 
   113  0217                     	;# 
   114  0219                     	;# 
   115  021A                     	;# 
   116  021B                     	;# 
   117  021C                     	;# 
   118  021D                     	;# 
   119  021E                     	;# 
   120  021F                     	;# 
   121  0291                     	;# 
   122  0291                     	;# 
   123  0292                     	;# 
   124  0293                     	;# 
   125  0294                     	;# 
   126  0295                     	;# 
   127  0295                     	;# 
   128  0296                     	;# 
   129  0298                     	;# 
   130  0298                     	;# 
   131  0299                     	;# 
   132  029A                     	;# 
   133  029B                     	;# 
   134  029C                     	;# 
   135  029D                     	;# 
   136  029E                     	;# 
   137  0311                     	;# 
   138  0311                     	;# 
   139  0312                     	;# 
   140  0313                     	;# 
   141  0318                     	;# 
   142  0318                     	;# 
   143  0319                     	;# 
   144  031A                     	;# 
   145  038C                     	;# 
   146  038D                     	;# 
   147  038E                     	;# 
   148  0391                     	;# 
   149  0392                     	;# 
   150  0393                     	;# 
   151  0394                     	;# 
   152  0395                     	;# 
   153  0396                     	;# 
   154  039A                     	;# 
   155  039C                     	;# 
   156  039D                     	;# 
   157  039E                     	;# 
   158  039F                     	;# 
   159  0415                     	;# 
   160  0416                     	;# 
   161  0417                     	;# 
   162  041C                     	;# 
   163  041D                     	;# 
   164  041E                     	;# 
   165  0FE4                     	;# 
   166  0FE5                     	;# 
   167  0FE6                     	;# 
   168  0FE7                     	;# 
   169  0FE8                     	;# 
   170  0FE9                     	;# 
   171  0FEA                     	;# 
   172  0FEB                     	;# 
   173  0FED                     	;# 
   174  0FEE                     	;# 
   175  0FEF                     	;# 
   176  0000                     	;# 
   177  0001                     	;# 
   178  0002                     	;# 
   179  0003                     	;# 
   180  0004                     	;# 
   181  0005                     	;# 
   182  0006                     	;# 
   183  0007                     	;# 
   184  0008                     	;# 
   185  0009                     	;# 
   186  000A                     	;# 
   187  000B                     	;# 
   188  000C                     	;# 
   189  000D                     	;# 
   190  000E                     	;# 
   191  0011                     	;# 
   192  0012                     	;# 
   193  0013                     	;# 
   194  0014                     	;# 
   195  0015                     	;# 
   196  0016                     	;# 
   197  0016                     	;# 
   198  0017                     	;# 
   199  0018                     	;# 
   200  0019                     	;# 
   201  001A                     	;# 
   202  001B                     	;# 
   203  001C                     	;# 
   204  001E                     	;# 
   205  001F                     	;# 
   206  008C                     	;# 
   207  008D                     	;# 
   208  008E                     	;# 
   209  0091                     	;# 
   210  0092                     	;# 
   211  0093                     	;# 
   212  0094                     	;# 
   213  0095                     	;# 
   214  0096                     	;# 
   215  0097                     	;# 
   216  0098                     	;# 
   217  0099                     	;# 
   218  009A                     	;# 
   219  009B                     	;# 
   220  009B                     	;# 
   221  009C                     	;# 
   222  009D                     	;# 
   223  009E                     	;# 
   224  010C                     	;# 
   225  010D                     	;# 
   226  010E                     	;# 
   227  0111                     	;# 
   228  0112                     	;# 
   229  0113                     	;# 
   230  0114                     	;# 
   231  0115                     	;# 
   232  0116                     	;# 
   233  0117                     	;# 
   234  0118                     	;# 
   235  0119                     	;# 
   236  011A                     	;# 
   237  011B                     	;# 
   238  011D                     	;# 
   239  011E                     	;# 
   240  018C                     	;# 
   241  018D                     	;# 
   242  018E                     	;# 
   243  0191                     	;# 
   244  0191                     	;# 
   245  0192                     	;# 
   246  0193                     	;# 
   247  0193                     	;# 
   248  0193                     	;# 
   249  0194                     	;# 
   250  0195                     	;# 
   251  0196                     	;# 
   252  0199                     	;# 
   253  019A                     	;# 
   254  019B                     	;# 
   255  019B                     	;# 
   256  019C                     	;# 
   257  019D                     	;# 
   258  019E                     	;# 
   259  019F                     	;# 
   260  020C                     	;# 
   261  020D                     	;# 
   262  020E                     	;# 
   263  0211                     	;# 
   264  0211                     	;# 
   265  0212                     	;# 
   266  0212                     	;# 
   267  0213                     	;# 
   268  0213                     	;# 
   269  0214                     	;# 
   270  0214                     	;# 
   271  0215                     	;# 
   272  0215                     	;# 
   273  0215                     	;# 
   274  0216                     	;# 
   275  0216                     	;# 
   276  0217                     	;# 
   277  0217                     	;# 
   278  0219                     	;# 
   279  021A                     	;# 
   280  021B                     	;# 
   281  021C                     	;# 
   282  021D                     	;# 
   283  021E                     	;# 
   284  021F                     	;# 
   285  0291                     	;# 
   286  0291                     	;# 
   287  0292                     	;# 
   288  0293                     	;# 
   289  0294                     	;# 
   290  0295                     	;# 
   291  0295                     	;# 
   292  0296                     	;# 
   293  0298                     	;# 
   294  0298                     	;# 
   295  0299                     	;# 
   296  029A                     	;# 
   297  029B                     	;# 
   298  029C                     	;# 
   299  029D                     	;# 
   300  029E                     	;# 
   301  0311                     	;# 
   302  0311                     	;# 
   303  0312                     	;# 
   304  0313                     	;# 
   305  0318                     	;# 
   306  0318                     	;# 
   307  0319                     	;# 
   308  031A                     	;# 
   309  038C                     	;# 
   310  038D                     	;# 
   311  038E                     	;# 
   312  0391                     	;# 
   313  0392                     	;# 
   314  0393                     	;# 
   315  0394                     	;# 
   316  0395                     	;# 
   317  0396                     	;# 
   318  039A                     	;# 
   319  039C                     	;# 
   320  039D                     	;# 
   321  039E                     	;# 
   322  039F                     	;# 
   323  0415                     	;# 
   324  0416                     	;# 
   325  0417                     	;# 
   326  041C                     	;# 
   327  041D                     	;# 
   328  041E                     	;# 
   329  0FE4                     	;# 
   330  0FE5                     	;# 
   331  0FE6                     	;# 
   332  0FE7                     	;# 
   333  0FE8                     	;# 
   334  0FE9                     	;# 
   335  0FEA                     	;# 
   336  0FEB                     	;# 
   337  0FED                     	;# 
   338  0FEE                     	;# 
   339  0FEF                     	;# 
   340  000C                     _PORTA	set	12
   341  000D                     _PORTB	set	13
   342  000E                     _PORTC	set	14
   343  005F                     _GIE	set	95
   344  005E                     _PEIE	set	94
   345  0060                     _RA0	set	96
   346  0061                     _RA1	set	97
   347  0062                     _RA2	set	98
   348  0063                     _RA3	set	99
   349  0064                     _RA4	set	100
   350  0065                     _RA5	set	101
   351  006D                     _RB5	set	109
   352  006F                     _RB7	set	111
   353  0070                     _RC0	set	112
   354  0071                     _RC1	set	113
   355  0072                     _RC2	set	114
   356  0073                     _RC3	set	115
   357  0074                     _RC4	set	116
   358  0075                     _RC5	set	117
   359  0076                     _RC6	set	118
   360  008B                     _SSP1IF	set	139
   361  0099                     _OSCCON	set	153
   362  008C                     _TRISA	set	140
   363  008D                     _TRISB	set	141
   364  008E                     _TRISC	set	142
   365  048B                     _SSP1IE	set	1163
   366  018C                     _ANSELA	set	396
   367  018D                     _ANSELB	set	397
   368  018E                     _ANSELC	set	398
   369  0211                     _SSP1BUF	set	529
   370  0215                     _SSP1CON1	set	533
   371  0214                     _SSP1STAT	set	532
   372  0214                     _SSP1STATbits	set	532
   373                           
   374                           	psect	text0
   375  0000                     __ptext0:	
   376                           ; #config settings
   377                           
   378                           
   379                           ;psect for function _master_reg
   380  0000                     
   381                           	psect	cinit
   382  07FC                     start_initialization:	
   383  07FC                     __initialization:	
   384                           
   385                           ; Clear objects allocated to COMMON
   386  07FC  01FA               	clrf	__pbssCOMMON& (0+127)
   387  07FD                     end_of_initialization:	
   388                           ;End of C runtime variable initialization code
   389                           
   390  07FD                     __end_of__initialization:	
   391  07FD  0020               	movlb	0
   392  07FE  3186  2EB0         	ljmp	_main	;jump to C main() function
   393                           
   394                           	psect	bssCOMMON
   395  007A                     __pbssCOMMON:	
   396  007A                     _r_data:	
   397  007A                     	ds	1
   398                           
   399                           	psect	cstackCOMMON
   400  0070                     __pcstackCOMMON:	
   401  0070                     ?_master_reg:	
   402  0070                     ??_master_reg:	
   403                           ; 0 bytes @ 0x0
   404                           
   405  0070                     ?_mastersend:	
   406                           ; 0 bytes @ 0x0
   407                           
   408  0070                     ?_main:	
   409                           ; 0 bytes @ 0x0
   410                           
   411  0070                     mastersend@obj:	
   412                           ; 0 bytes @ 0x0
   413                           
   414                           
   415                           ; 2 bytes @ 0x0
   416  0070                     	ds	2
   417  0072                     mastersend@s_data:	
   418                           
   419                           ; 1 bytes @ 0x2
   420  0072                     	ds	1
   421  0073                     ??_mastersend:	
   422  0073                     ??_main:	
   423                           ; 0 bytes @ 0x3
   424                           
   425                           
   426                           ; 0 bytes @ 0x3
   427  0073                     	ds	3
   428  0076                     main@a:	
   429                           
   430                           ; 1 bytes @ 0x6
   431  0076                     	ds	1
   432  0077                     main@b:	
   433                           
   434                           ; 1 bytes @ 0x7
   435  0077                     	ds	1
   436  0078                     main@c:	
   437                           
   438                           ; 1 bytes @ 0x8
   439  0078                     	ds	1
   440  0079                     main@d:	
   441                           
   442                           ; 1 bytes @ 0x9
   443  0079                     	ds	1
   444                           
   445                           	psect	maintext
   446  06B0                     __pmaintext:	
   447 ;;
   448 ;;Main: autosize = 0, tempsize = 3, incstack = 0, save=0
   449 ;;
   450 ;; *************** function _main *****************
   451 ;; Defined at:
   452 ;;		line 6 in file "main.c"
   453 ;; Parameters:    Size  Location     Type
   454 ;;		None
   455 ;; Auto vars:     Size  Location     Type
   456 ;;  d               1    9[COMMON] unsigned char 
   457 ;;  c               1    8[COMMON] unsigned char 
   458 ;;  b               1    7[COMMON] unsigned char 
   459 ;;  a               1    6[COMMON] unsigned char 
   460 ;; Return value:  Size  Location     Type
   461 ;;		None               void
   462 ;; Registers used:
   463 ;;		wreg, status,2, status,0, pclath, cstack
   464 ;; Tracked objects:
   465 ;;		On entry : B1F/0
   466 ;;		On exit  : 0/0
   467 ;;		Unchanged: 0/0
   468 ;; Data sizes:     COMMON   BANK0   BANK1   BANK2   BANK3   BANK4   BANK5   BANK6   BANK7   BANK8   BANK9  BANK10  BANK1
      +1  BANK12
   469 ;;      Params:         0       0       0       0       0       0       0       0       0       0       0       0       
      +0       0
   470 ;;      Locals:         4       0       0       0       0       0       0       0       0       0       0       0       
      +0       0
   471 ;;      Temps:          3       0       0       0       0       0       0       0       0       0       0       0       
      +0       0
   472 ;;      Totals:         7       0       0       0       0       0       0       0       0       0       0       0       
      +0       0
   473 ;;Total ram usage:        7 bytes
   474 ;; Hardware stack levels required when called:    1
   475 ;; This function calls:
   476 ;;		_master_reg
   477 ;;		_mastersend
   478 ;; This function is called by:
   479 ;;		Startup code after reset
   480 ;; This function uses a non-reentrant model
   481 ;;
   482                           
   483                           
   484                           ;psect for function _main
   485  06B0                     _main:	
   486                           
   487                           ;main.c: 8: unsigned char a = 0x01;
   488                           
   489                           ;incstack = 0
   490                           ; Regs used in _main: [wreg+status,2+status,0+pclath+cstack]
   491  06B0  01F6               	clrf	main@a
   492  06B1  0AF6               	incf	main@a,f
   493                           
   494                           ;main.c: 9: unsigned char b = 0x02;
   495  06B2  3002               	movlw	2
   496  06B3  00F3               	movwf	??_main
   497  06B4  0873               	movf	??_main,w
   498  06B5  00F7               	movwf	main@b
   499                           
   500                           ;main.c: 10: unsigned char c = 0x04;
   501  06B6  3004               	movlw	4
   502  06B7  00F3               	movwf	??_main
   503  06B8  0873               	movf	??_main,w
   504  06B9  00F8               	movwf	main@c
   505                           
   506                           ;main.c: 11: unsigned char d = 0x08;
   507  06BA  3008               	movlw	8
   508  06BB  00F3               	movwf	??_main
   509  06BC  0873               	movf	??_main,w
   510  06BD  00F9               	movwf	main@d
   511                           
   512                           ;main.c: 13: OSCCON = 0x72;
   513  06BE  3072               	movlw	114
   514  06BF  0021               	movlb	1	; select bank1
   515  06C0  0099               	movwf	25	;volatile
   516                           
   517                           ;main.c: 14: master_reg();
   518  06C1  3186  2698  3186   	fcall	_master_reg
   519  06C4                     l873:	
   520                           ;main.c: 16: while(1){
   521                           
   522                           
   523                           ;main.c: 18: mastersend(0,a);
   524  06C4  3000               	movlw	0
   525  06C5  00F0               	movwf	mastersend@obj
   526  06C6  00F1               	movwf	mastersend@obj+1
   527  06C7  0876               	movf	main@a,w
   528  06C8  00F3               	movwf	??_main
   529  06C9  0873               	movf	??_main,w
   530  06CA  00F2               	movwf	mastersend@s_data
   531  06CB  3187  271D  3186   	fcall	_mastersend
   532                           
   533                           ;main.c: 19: _delay((unsigned long)((200)*(8000000/4000.0)));
   534  06CE  3003               	movlw	3
   535  06CF  00F5               	movwf	??_main+2
   536  06D0  3008               	movlw	8
   537  06D1  00F4               	movwf	??_main+1
   538  06D2  3078               	movlw	120
   539  06D3  00F3               	movwf	??_main
   540  06D4                     u637:	
   541  06D4  0BF3               	decfsz	??_main,f
   542  06D5  2ED4               	goto	u637
   543  06D6  0BF4               	decfsz	??_main+1,f
   544  06D7  2ED4               	goto	u637
   545  06D8  0BF5               	decfsz	??_main+2,f
   546  06D9  2ED4               	goto	u637
   547                           
   548                           ;main.c: 20: mastersend(0,b);
   549  06DA  3000               	movlw	0
   550  06DB  00F0               	movwf	mastersend@obj
   551  06DC  00F1               	movwf	mastersend@obj+1
   552  06DD  0877               	movf	main@b,w
   553  06DE  00F3               	movwf	??_main
   554  06DF  0873               	movf	??_main,w
   555  06E0  00F2               	movwf	mastersend@s_data
   556  06E1  3187  271D  3186   	fcall	_mastersend
   557                           
   558                           ;main.c: 21: _delay((unsigned long)((200)*(8000000/4000.0)));
   559  06E4  3003               	movlw	3
   560  06E5  00F5               	movwf	??_main+2
   561  06E6  3008               	movlw	8
   562  06E7  00F4               	movwf	??_main+1
   563  06E8  3078               	movlw	120
   564  06E9  00F3               	movwf	??_main
   565  06EA                     u647:	
   566  06EA  0BF3               	decfsz	??_main,f
   567  06EB  2EEA               	goto	u647
   568  06EC  0BF4               	decfsz	??_main+1,f
   569  06ED  2EEA               	goto	u647
   570  06EE  0BF5               	decfsz	??_main+2,f
   571  06EF  2EEA               	goto	u647
   572                           
   573                           ;main.c: 22: mastersend(0,c);
   574  06F0  3000               	movlw	0
   575  06F1  00F0               	movwf	mastersend@obj
   576  06F2  00F1               	movwf	mastersend@obj+1
   577  06F3  0878               	movf	main@c,w
   578  06F4  00F3               	movwf	??_main
   579  06F5  0873               	movf	??_main,w
   580  06F6  00F2               	movwf	mastersend@s_data
   581  06F7  3187  271D  3186   	fcall	_mastersend
   582                           
   583                           ;main.c: 23: _delay((unsigned long)((200)*(8000000/4000.0)));
   584  06FA  3003               	movlw	3
   585  06FB  00F5               	movwf	??_main+2
   586  06FC  3008               	movlw	8
   587  06FD  00F4               	movwf	??_main+1
   588  06FE  3078               	movlw	120
   589  06FF  00F3               	movwf	??_main
   590  0700                     u657:	
   591  0700  0BF3               	decfsz	??_main,f
   592  0701  2F00               	goto	u657
   593  0702  0BF4               	decfsz	??_main+1,f
   594  0703  2F00               	goto	u657
   595  0704  0BF5               	decfsz	??_main+2,f
   596  0705  2F00               	goto	u657
   597                           
   598                           ;main.c: 24: mastersend(0,d);
   599  0706  3000               	movlw	0
   600  0707  00F0               	movwf	mastersend@obj
   601  0708  00F1               	movwf	mastersend@obj+1
   602  0709  0879               	movf	main@d,w
   603  070A  00F3               	movwf	??_main
   604  070B  0873               	movf	??_main,w
   605  070C  00F2               	movwf	mastersend@s_data
   606  070D  3187  271D  3186   	fcall	_mastersend
   607                           
   608                           ;main.c: 25: _delay((unsigned long)((200)*(8000000/4000.0)));
   609  0710  3003               	movlw	3
   610  0711  00F5               	movwf	??_main+2
   611  0712  3008               	movlw	8
   612  0713  00F4               	movwf	??_main+1
   613  0714  3078               	movlw	120
   614  0715  00F3               	movwf	??_main
   615  0716                     u667:	
   616  0716  0BF3               	decfsz	??_main,f
   617  0717  2F16               	goto	u667
   618  0718  0BF4               	decfsz	??_main+1,f
   619  0719  2F16               	goto	u667
   620  071A  0BF5               	decfsz	??_main+2,f
   621  071B  2F16               	goto	u667
   622  071C  2EC4               	goto	l873
   623  071D                     __end_of_main:	
   624                           
   625                           	psect	text1
   626  071D                     __ptext1:	
   627 ;; *************** function _mastersend *****************
   628 ;; Defined at:
   629 ;;		line 93 in file "spi.c"
   630 ;; Parameters:    Size  Location     Type
   631 ;;  obj             2    0[COMMON] int 
   632 ;;  s_data          1    2[COMMON] unsigned char 
   633 ;; Auto vars:     Size  Location     Type
   634 ;;		None
   635 ;; Return value:  Size  Location     Type
   636 ;;		None               void
   637 ;; Registers used:
   638 ;;		wreg, status,2, status,0
   639 ;; Tracked objects:
   640 ;;		On entry : 0/0
   641 ;;		On exit  : 0/0
   642 ;;		Unchanged: 0/0
   643 ;; Data sizes:     COMMON   BANK0   BANK1   BANK2   BANK3   BANK4   BANK5   BANK6   BANK7   BANK8   BANK9  BANK10  BANK1
      +1  BANK12
   644 ;;      Params:         3       0       0       0       0       0       0       0       0       0       0       0       
      +0       0
   645 ;;      Locals:         0       0       0       0       0       0       0       0       0       0       0       0       
      +0       0
   646 ;;      Temps:          0       0       0       0       0       0       0       0       0       0       0       0       
      +0       0
   647 ;;      Totals:         3       0       0       0       0       0       0       0       0       0       0       0       
      +0       0
   648 ;;Total ram usage:        3 bytes
   649 ;; Hardware stack levels used:    1
   650 ;; This function calls:
   651 ;;		Nothing
   652 ;; This function is called by:
   653 ;;		_main
   654 ;; This function uses a non-reentrant model
   655 ;;
   656                           
   657                           
   658                           ;psect for function _mastersend
   659  071D                     _mastersend:	
   660                           
   661                           ;spi.c: 95: if(obj == 0){
   662                           
   663                           ;incstack = 0
   664                           ; Regs used in _mastersend: [wreg+status,2+status,0]
   665  071D  0870               	movf	mastersend@obj,w
   666  071E  0471               	iorwf	mastersend@obj+1,w
   667  071F  1D03               	btfss	3,2
   668  0720  2F2B               	goto	l783
   669                           
   670                           ;spi.c: 96: RA0 = 0;
   671  0721  0020               	movlb	0	; select bank0
   672  0722  100C               	bcf	12,0	;volatile
   673                           
   674                           ;spi.c: 97: SSP1BUF = s_data;
   675  0723  0872               	movf	mastersend@s_data,w
   676  0724  0024               	movlb	4	; select bank4
   677  0725  0091               	movwf	17	;volatile
   678  0726                     l96:	
   679                           ;spi.c: 98: while(SSP1STATbits.BF == 0);
   680                           
   681  0726  1C14               	btfss	20,0	;volatile
   682  0727  2F26               	goto	l96
   683                           
   684                           ;spi.c: 99: RA0 = 1;
   685  0728  0020               	movlb	0	; select bank0
   686  0729  140C               	bsf	12,0	;volatile
   687                           
   688                           ;spi.c: 100: return ;
   689  072A  0008               	return
   690  072B                     l783:	
   691                           
   692                           ;spi.c: 101: }
   693                           ;spi.c: 103: if(obj == 1){
   694  072B  0370               	decf	mastersend@obj,w
   695  072C  0471               	iorwf	mastersend@obj+1,w
   696  072D  1D03               	btfss	3,2
   697  072E  2F39               	goto	l789
   698                           
   699                           ;spi.c: 104: RA1 = 0;
   700  072F  0020               	movlb	0	; select bank0
   701  0730  108C               	bcf	12,1	;volatile
   702                           
   703                           ;spi.c: 105: SSP1BUF = s_data;
   704  0731  0872               	movf	mastersend@s_data,w
   705  0732  0024               	movlb	4	; select bank4
   706  0733  0091               	movwf	17	;volatile
   707  0734                     l101:	
   708                           ;spi.c: 106: while(SSP1STATbits.BF == 0);
   709                           
   710  0734  1C14               	btfss	20,0	;volatile
   711  0735  2F34               	goto	l101
   712                           
   713                           ;spi.c: 107: RA1 = 1;
   714  0736  0020               	movlb	0	; select bank0
   715  0737  148C               	bsf	12,1	;volatile
   716                           
   717                           ;spi.c: 108: return;
   718  0738  0008               	return
   719  0739                     l789:	
   720                           
   721                           ;spi.c: 109: }
   722                           ;spi.c: 111: if(obj == 2){
   723  0739  3002               	movlw	2
   724  073A  0670               	xorwf	mastersend@obj,w
   725  073B  0471               	iorwf	mastersend@obj+1,w
   726  073C  1D03               	btfss	3,2
   727  073D  2F48               	goto	l795
   728                           
   729                           ;spi.c: 112: RA2 = 0;
   730  073E  0020               	movlb	0	; select bank0
   731  073F  110C               	bcf	12,2	;volatile
   732                           
   733                           ;spi.c: 113: SSP1BUF = s_data;
   734  0740  0872               	movf	mastersend@s_data,w
   735  0741  0024               	movlb	4	; select bank4
   736  0742  0091               	movwf	17	;volatile
   737  0743                     l105:	
   738                           ;spi.c: 114: while(SSP1STATbits.BF == 0);
   739                           
   740  0743  1C14               	btfss	20,0	;volatile
   741  0744  2F43               	goto	l105
   742                           
   743                           ;spi.c: 115: RA2 = 1;
   744  0745  0020               	movlb	0	; select bank0
   745  0746  150C               	bsf	12,2	;volatile
   746                           
   747                           ;spi.c: 116: return;
   748  0747  0008               	return
   749  0748                     l795:	
   750                           
   751                           ;spi.c: 117: }
   752                           ;spi.c: 119: if(obj == 3){
   753  0748  3003               	movlw	3
   754  0749  0670               	xorwf	mastersend@obj,w
   755  074A  0471               	iorwf	mastersend@obj+1,w
   756  074B  1D03               	btfss	3,2
   757  074C  2F57               	goto	l801
   758                           
   759                           ;spi.c: 120: RA3 = 0;
   760  074D  0020               	movlb	0	; select bank0
   761  074E  118C               	bcf	12,3	;volatile
   762                           
   763                           ;spi.c: 121: SSP1BUF = s_data;
   764  074F  0872               	movf	mastersend@s_data,w
   765  0750  0024               	movlb	4	; select bank4
   766  0751  0091               	movwf	17	;volatile
   767  0752                     l109:	
   768                           ;spi.c: 122: while(SSP1STATbits.BF == 0);
   769                           
   770  0752  1C14               	btfss	20,0	;volatile
   771  0753  2F52               	goto	l109
   772                           
   773                           ;spi.c: 123: RA3 = 1;
   774  0754  0020               	movlb	0	; select bank0
   775  0755  158C               	bsf	12,3	;volatile
   776                           
   777                           ;spi.c: 124: return;
   778  0756  0008               	return
   779  0757                     l801:	
   780                           
   781                           ;spi.c: 125: }
   782                           ;spi.c: 127: if(obj == 4){
   783  0757  3004               	movlw	4
   784  0758  0670               	xorwf	mastersend@obj,w
   785  0759  0471               	iorwf	mastersend@obj+1,w
   786  075A  1D03               	btfss	3,2
   787  075B  2F66               	goto	l807
   788                           
   789                           ;spi.c: 128: RA4 = 0;
   790  075C  0020               	movlb	0	; select bank0
   791  075D  120C               	bcf	12,4	;volatile
   792                           
   793                           ;spi.c: 129: SSP1BUF = s_data;
   794  075E  0872               	movf	mastersend@s_data,w
   795  075F  0024               	movlb	4	; select bank4
   796  0760  0091               	movwf	17	;volatile
   797  0761                     l113:	
   798                           ;spi.c: 130: while(SSP1STATbits.BF == 0);
   799                           
   800  0761  1C14               	btfss	20,0	;volatile
   801  0762  2F61               	goto	l113
   802                           
   803                           ;spi.c: 131: RA4 = 1;
   804  0763  0020               	movlb	0	; select bank0
   805  0764  160C               	bsf	12,4	;volatile
   806                           
   807                           ;spi.c: 132: return;
   808  0765  0008               	return
   809  0766                     l807:	
   810                           
   811                           ;spi.c: 133: }
   812                           ;spi.c: 135: if(obj == 5){
   813  0766  3005               	movlw	5
   814  0767  0670               	xorwf	mastersend@obj,w
   815  0768  0471               	iorwf	mastersend@obj+1,w
   816  0769  1D03               	btfss	3,2
   817  076A  2F75               	goto	l813
   818                           
   819                           ;spi.c: 136: RA5 = 0;
   820  076B  0020               	movlb	0	; select bank0
   821  076C  128C               	bcf	12,5	;volatile
   822                           
   823                           ;spi.c: 137: SSP1BUF = s_data;
   824  076D  0872               	movf	mastersend@s_data,w
   825  076E  0024               	movlb	4	; select bank4
   826  076F  0091               	movwf	17	;volatile
   827  0770                     l117:	
   828                           ;spi.c: 138: while(SSP1STATbits.BF == 0);
   829                           
   830  0770  1C14               	btfss	20,0	;volatile
   831  0771  2F70               	goto	l117
   832                           
   833                           ;spi.c: 139: RA5 = 1;
   834  0772  0020               	movlb	0	; select bank0
   835  0773  168C               	bsf	12,5	;volatile
   836                           
   837                           ;spi.c: 140: return;
   838  0774  0008               	return
   839  0775                     l813:	
   840                           
   841                           ;spi.c: 141: }
   842                           ;spi.c: 143: if(obj == 6){
   843  0775  3006               	movlw	6
   844  0776  0670               	xorwf	mastersend@obj,w
   845  0777  0471               	iorwf	mastersend@obj+1,w
   846  0778  1D03               	btfss	3,2
   847  0779  2F84               	goto	l819
   848                           
   849                           ;spi.c: 144: RB5 = 0;
   850  077A  0020               	movlb	0	; select bank0
   851  077B  128D               	bcf	13,5	;volatile
   852                           
   853                           ;spi.c: 145: SSP1BUF = s_data;
   854  077C  0872               	movf	mastersend@s_data,w
   855  077D  0024               	movlb	4	; select bank4
   856  077E  0091               	movwf	17	;volatile
   857  077F                     l121:	
   858                           ;spi.c: 146: while(SSP1STATbits.BF == 0);
   859                           
   860  077F  1C14               	btfss	20,0	;volatile
   861  0780  2F7F               	goto	l121
   862                           
   863                           ;spi.c: 147: RB5 = 1;
   864  0781  0020               	movlb	0	; select bank0
   865  0782  168D               	bsf	13,5	;volatile
   866                           
   867                           ;spi.c: 148: return;
   868  0783  0008               	return
   869  0784                     l819:	
   870                           
   871                           ;spi.c: 149: }
   872                           ;spi.c: 151: if(obj == 7){
   873  0784  3007               	movlw	7
   874  0785  0670               	xorwf	mastersend@obj,w
   875  0786  0471               	iorwf	mastersend@obj+1,w
   876  0787  1D03               	btfss	3,2
   877  0788  2F93               	goto	l825
   878                           
   879                           ;spi.c: 152: RB7 = 0;
   880  0789  0020               	movlb	0	; select bank0
   881  078A  138D               	bcf	13,7	;volatile
   882                           
   883                           ;spi.c: 153: SSP1BUF = s_data;
   884  078B  0872               	movf	mastersend@s_data,w
   885  078C  0024               	movlb	4	; select bank4
   886  078D  0091               	movwf	17	;volatile
   887  078E                     l125:	
   888                           ;spi.c: 154: while(SSP1STATbits.BF == 0);
   889                           
   890  078E  1C14               	btfss	20,0	;volatile
   891  078F  2F8E               	goto	l125
   892                           
   893                           ;spi.c: 155: RB7 = 1;
   894  0790  0020               	movlb	0	; select bank0
   895  0791  178D               	bsf	13,7	;volatile
   896                           
   897                           ;spi.c: 156: return;
   898  0792  0008               	return
   899  0793                     l825:	
   900                           
   901                           ;spi.c: 157: }
   902                           ;spi.c: 159: if(obj == 8){
   903  0793  3008               	movlw	8
   904  0794  0670               	xorwf	mastersend@obj,w
   905  0795  0471               	iorwf	mastersend@obj+1,w
   906  0796  1D03               	btfss	3,2
   907  0797  2FA2               	goto	l831
   908                           
   909                           ;spi.c: 160: RC0 = 0;
   910  0798  0020               	movlb	0	; select bank0
   911  0799  100E               	bcf	14,0	;volatile
   912                           
   913                           ;spi.c: 161: SSP1BUF = s_data;
   914  079A  0872               	movf	mastersend@s_data,w
   915  079B  0024               	movlb	4	; select bank4
   916  079C  0091               	movwf	17	;volatile
   917  079D                     l129:	
   918                           ;spi.c: 162: while(SSP1STATbits.BF == 0);
   919                           
   920  079D  1C14               	btfss	20,0	;volatile
   921  079E  2F9D               	goto	l129
   922                           
   923                           ;spi.c: 163: RC0 = 1;
   924  079F  0020               	movlb	0	; select bank0
   925  07A0  140E               	bsf	14,0	;volatile
   926                           
   927                           ;spi.c: 164: return;
   928  07A1  0008               	return
   929  07A2                     l831:	
   930                           
   931                           ;spi.c: 165: }
   932                           ;spi.c: 167: if(obj == 9){
   933  07A2  3009               	movlw	9
   934  07A3  0670               	xorwf	mastersend@obj,w
   935  07A4  0471               	iorwf	mastersend@obj+1,w
   936  07A5  1D03               	btfss	3,2
   937  07A6  2FB1               	goto	l837
   938                           
   939                           ;spi.c: 168: RC1 = 0;
   940  07A7  0020               	movlb	0	; select bank0
   941  07A8  108E               	bcf	14,1	;volatile
   942                           
   943                           ;spi.c: 169: SSP1BUF = s_data;
   944  07A9  0872               	movf	mastersend@s_data,w
   945  07AA  0024               	movlb	4	; select bank4
   946  07AB  0091               	movwf	17	;volatile
   947  07AC                     l133:	
   948                           ;spi.c: 170: while(SSP1STATbits.BF == 0);
   949                           
   950  07AC  1C14               	btfss	20,0	;volatile
   951  07AD  2FAC               	goto	l133
   952                           
   953                           ;spi.c: 171: RC1 = 1;
   954  07AE  0020               	movlb	0	; select bank0
   955  07AF  148E               	bsf	14,1	;volatile
   956                           
   957                           ;spi.c: 172: return;
   958  07B0  0008               	return
   959  07B1                     l837:	
   960                           
   961                           ;spi.c: 173: }
   962                           ;spi.c: 175: if(obj == 10){
   963  07B1  300A               	movlw	10
   964  07B2  0670               	xorwf	mastersend@obj,w
   965  07B3  0471               	iorwf	mastersend@obj+1,w
   966  07B4  1D03               	btfss	3,2
   967  07B5  2FC0               	goto	l843
   968                           
   969                           ;spi.c: 176: RC2 = 0;
   970  07B6  0020               	movlb	0	; select bank0
   971  07B7  110E               	bcf	14,2	;volatile
   972                           
   973                           ;spi.c: 177: SSP1BUF = s_data;
   974  07B8  0872               	movf	mastersend@s_data,w
   975  07B9  0024               	movlb	4	; select bank4
   976  07BA  0091               	movwf	17	;volatile
   977  07BB                     l137:	
   978                           ;spi.c: 178: while(SSP1STATbits.BF == 0);
   979                           
   980  07BB  1C14               	btfss	20,0	;volatile
   981  07BC  2FBB               	goto	l137
   982                           
   983                           ;spi.c: 179: RC2 = 1;
   984  07BD  0020               	movlb	0	; select bank0
   985  07BE  150E               	bsf	14,2	;volatile
   986                           
   987                           ;spi.c: 180: return;
   988  07BF  0008               	return
   989  07C0                     l843:	
   990                           
   991                           ;spi.c: 181: }
   992                           ;spi.c: 183: if(obj == 11){
   993  07C0  300B               	movlw	11
   994  07C1  0670               	xorwf	mastersend@obj,w
   995  07C2  0471               	iorwf	mastersend@obj+1,w
   996  07C3  1D03               	btfss	3,2
   997  07C4  2FCF               	goto	l849
   998                           
   999                           ;spi.c: 184: RC3 = 0;
  1000  07C5  0020               	movlb	0	; select bank0
  1001  07C6  118E               	bcf	14,3	;volatile
  1002                           
  1003                           ;spi.c: 185: SSP1BUF = s_data;
  1004  07C7  0872               	movf	mastersend@s_data,w
  1005  07C8  0024               	movlb	4	; select bank4
  1006  07C9  0091               	movwf	17	;volatile
  1007  07CA                     l141:	
  1008                           ;spi.c: 186: while(SSP1STATbits.BF == 0);
  1009                           
  1010  07CA  1C14               	btfss	20,0	;volatile
  1011  07CB  2FCA               	goto	l141
  1012                           
  1013                           ;spi.c: 187: RC3 = 1;
  1014  07CC  0020               	movlb	0	; select bank0
  1015  07CD  158E               	bsf	14,3	;volatile
  1016                           
  1017                           ;spi.c: 188: return;
  1018  07CE  0008               	return
  1019  07CF                     l849:	
  1020                           
  1021                           ;spi.c: 189: }
  1022                           ;spi.c: 191: if(obj == 12){
  1023  07CF  300C               	movlw	12
  1024  07D0  0670               	xorwf	mastersend@obj,w
  1025  07D1  0471               	iorwf	mastersend@obj+1,w
  1026  07D2  1D03               	btfss	3,2
  1027  07D3  2FDE               	goto	l855
  1028                           
  1029                           ;spi.c: 192: RC4 = 0;
  1030  07D4  0020               	movlb	0	; select bank0
  1031  07D5  120E               	bcf	14,4	;volatile
  1032                           
  1033                           ;spi.c: 193: SSP1BUF = s_data;
  1034  07D6  0872               	movf	mastersend@s_data,w
  1035  07D7  0024               	movlb	4	; select bank4
  1036  07D8  0091               	movwf	17	;volatile
  1037  07D9                     l145:	
  1038                           ;spi.c: 194: while(SSP1STATbits.BF == 0);
  1039                           
  1040  07D9  1C14               	btfss	20,0	;volatile
  1041  07DA  2FD9               	goto	l145
  1042                           
  1043                           ;spi.c: 195: RC4 = 1;
  1044  07DB  0020               	movlb	0	; select bank0
  1045  07DC  160E               	bsf	14,4	;volatile
  1046                           
  1047                           ;spi.c: 196: return;
  1048  07DD  0008               	return
  1049  07DE                     l855:	
  1050                           
  1051                           ;spi.c: 197: }
  1052                           ;spi.c: 199: if(obj == 13){
  1053  07DE  300D               	movlw	13
  1054  07DF  0670               	xorwf	mastersend@obj,w
  1055  07E0  0471               	iorwf	mastersend@obj+1,w
  1056  07E1  1D03               	btfss	3,2
  1057  07E2  2FED               	goto	l861
  1058                           
  1059                           ;spi.c: 200: RC5 = 0;
  1060  07E3  0020               	movlb	0	; select bank0
  1061  07E4  128E               	bcf	14,5	;volatile
  1062                           
  1063                           ;spi.c: 201: SSP1BUF = s_data;
  1064  07E5  0872               	movf	mastersend@s_data,w
  1065  07E6  0024               	movlb	4	; select bank4
  1066  07E7  0091               	movwf	17	;volatile
  1067  07E8                     l149:	
  1068                           ;spi.c: 202: while(SSP1STATbits.BF == 0);
  1069                           
  1070  07E8  1C14               	btfss	20,0	;volatile
  1071  07E9  2FE8               	goto	l149
  1072                           
  1073                           ;spi.c: 203: RC5 = 1;
  1074  07EA  0020               	movlb	0	; select bank0
  1075  07EB  168E               	bsf	14,5	;volatile
  1076                           
  1077                           ;spi.c: 204: return ;
  1078  07EC  0008               	return
  1079  07ED                     l861:	
  1080                           
  1081                           ;spi.c: 205: }
  1082                           ;spi.c: 207: if(obj == 14){
  1083  07ED  300E               	movlw	14
  1084  07EE  0670               	xorwf	mastersend@obj,w
  1085  07EF  0471               	iorwf	mastersend@obj+1,w
  1086  07F0  1D03               	btfss	3,2
  1087  07F1  0008               	return
  1088                           
  1089                           ;spi.c: 208: RC6 = 0;
  1090  07F2  0020               	movlb	0	; select bank0
  1091  07F3  130E               	bcf	14,6	;volatile
  1092                           
  1093                           ;spi.c: 209: SSP1BUF = s_data;
  1094  07F4  0872               	movf	mastersend@s_data,w
  1095  07F5  0024               	movlb	4	; select bank4
  1096  07F6  0091               	movwf	17	;volatile
  1097  07F7                     l153:	
  1098                           ;spi.c: 210: while(SSP1STATbits.BF == 0);
  1099                           
  1100  07F7  1C14               	btfss	20,0	;volatile
  1101  07F8  2FF7               	goto	l153
  1102                           
  1103                           ;spi.c: 211: RC6 = 1;
  1104  07F9  0020               	movlb	0	; select bank0
  1105  07FA  170E               	bsf	14,6	;volatile
  1106                           
  1107                           ;spi.c: 212: return;
  1108  07FB  0008               	return
  1109  07FC                     __end_of_mastersend:	
  1110                           
  1111                           	psect	text2
  1112  0698                     __ptext2:	
  1113 ;; *************** function _master_reg *****************
  1114 ;; Defined at:
  1115 ;;		line 64 in file "spi.c"
  1116 ;; Parameters:    Size  Location     Type
  1117 ;;		None
  1118 ;; Auto vars:     Size  Location     Type
  1119 ;;		None
  1120 ;; Return value:  Size  Location     Type
  1121 ;;		None               void
  1122 ;; Registers used:
  1123 ;;		wreg, status,2
  1124 ;; Tracked objects:
  1125 ;;		On entry : 0/0
  1126 ;;		On exit  : 0/0
  1127 ;;		Unchanged: 0/0
  1128 ;; Data sizes:     COMMON   BANK0   BANK1   BANK2   BANK3   BANK4   BANK5   BANK6   BANK7   BANK8   BANK9  BANK10  BANK1
      +1  BANK12
  1129 ;;      Params:         0       0       0       0       0       0       0       0       0       0       0       0       
      +0       0
  1130 ;;      Locals:         0       0       0       0       0       0       0       0       0       0       0       0       
      +0       0
  1131 ;;      Temps:          0       0       0       0       0       0       0       0       0       0       0       0       
      +0       0
  1132 ;;      Totals:         0       0       0       0       0       0       0       0       0       0       0       0       
      +0       0
  1133 ;;Total ram usage:        0 bytes
  1134 ;; Hardware stack levels used:    1
  1135 ;; This function calls:
  1136 ;;		Nothing
  1137 ;; This function is called by:
  1138 ;;		_main
  1139 ;; This function uses a non-reentrant model
  1140 ;;
  1141                           
  1142                           
  1143                           ;psect for function _master_reg
  1144  0698                     _master_reg:	
  1145                           
  1146                           ;spi.c: 67: TRISA = 0x00;
  1147                           
  1148                           ;incstack = 0
  1149                           ; Regs used in _master_reg: [wreg+status,2]
  1150  0698  0021               	movlb	1	; select bank1
  1151  0699  018C               	clrf	12	;volatile
  1152                           
  1153                           ;spi.c: 68: TRISB = 0x10;
  1154  069A  3010               	movlw	16
  1155  069B  008D               	movwf	13	;volatile
  1156                           
  1157                           ;spi.c: 69: TRISC = 0x00;
  1158  069C  018E               	clrf	14	;volatile
  1159                           
  1160                           ;spi.c: 70: PORTA = 0x00;
  1161  069D  0020               	movlb	0	; select bank0
  1162  069E  018C               	clrf	12	;volatile
  1163                           
  1164                           ;spi.c: 71: PORTB = 0x00;
  1165  069F  018D               	clrf	13	;volatile
  1166                           
  1167                           ;spi.c: 72: PORTC = 0x00;
  1168  06A0  018E               	clrf	14	;volatile
  1169                           
  1170                           ;spi.c: 73: ANSELA = 0x00;
  1171  06A1  0023               	movlb	3	; select bank3
  1172  06A2  018C               	clrf	12	;volatile
  1173                           
  1174                           ;spi.c: 74: ANSELB = 0x00;
  1175  06A3  018D               	clrf	13	;volatile
  1176                           
  1177                           ;spi.c: 75: ANSELC = 0x00;
  1178  06A4  018E               	clrf	14	;volatile
  1179                           
  1180                           ;spi.c: 78: SSP1CON1 = 0b00100001;
  1181  06A5  3021               	movlw	33
  1182  06A6  0024               	movlb	4	; select bank4
  1183  06A7  0095               	movwf	21	;volatile
  1184                           
  1185                           ;spi.c: 79: SSP1STAT = 0b00000000;
  1186  06A8  0194               	clrf	20	;volatile
  1187                           
  1188                           ;spi.c: 82: SSP1IF = 0;
  1189  06A9  0020               	movlb	0	; select bank0
  1190  06AA  1191               	bcf	17,3	;volatile
  1191                           
  1192                           ;spi.c: 83: SSP1IE = 1;
  1193  06AB  0021               	movlb	1	; select bank1
  1194  06AC  1591               	bsf	17,3	;volatile
  1195                           
  1196                           ;spi.c: 84: PEIE = 1;
  1197  06AD  170B               	bsf	11,6	;volatile
  1198                           
  1199                           ;spi.c: 85: GIE = 1;
  1200  06AE  178B               	bsf	11,7	;volatile
  1201  06AF  0008               	return
  1202  06B0                     __end_of_master_reg:	
  1203  007E                     btemp	set	126	;btemp
  1204  007E                     wtemp	set	126
  1205  007E                     wtemp0	set	126
  1206  0080                     wtemp1	set	128
  1207  0082                     wtemp2	set	130
  1208  0084                     wtemp3	set	132
  1209  0086                     wtemp4	set	134
  1210  0088                     wtemp5	set	136
  1211  007F                     wtemp6	set	127
  1212  007E                     ttemp	set	126
  1213  007E                     ttemp0	set	126
  1214  0081                     ttemp1	set	129
  1215  0084                     ttemp2	set	132
  1216  0087                     ttemp3	set	135
  1217  007F                     ttemp4	set	127
  1218  007E                     ltemp	set	126
  1219  007E                     ltemp0	set	126
  1220  0082                     ltemp1	set	130
  1221  0086                     ltemp2	set	134
  1222  0080                     ltemp3	set	128


Data Sizes:
    Strings     0
    Constant    0
    Data        0
    BSS         1
    Persistent  0
    Stack       0

Auto Spaces:
    Space          Size  Autos    Used
    COMMON           14     10      11
    BANK0            80      0       0
    BANK1            80      0       0
    BANK2            80      0       0
    BANK3            80      0       0
    BANK4            80      0       0
    BANK5            80      0       0
    BANK6            80      0       0
    BANK7            80      0       0
    BANK8            80      0       0
    BANK9            80      0       0
    BANK10           80      0       0
    BANK11           80      0       0
    BANK12           48      0       0

Pointer List with Targets:

    None.

Critical Paths under _main in COMMON

    _main->_mastersend

Critical Paths under _main in BANK0

    None.

Critical Paths under _main in BANK1

    None.

Critical Paths under _main in BANK2

    None.

Critical Paths under _main in BANK3

    None.

Critical Paths under _main in BANK4

    None.

Critical Paths under _main in BANK5

    None.

Critical Paths under _main in BANK6

    None.

Critical Paths under _main in BANK7

    None.

Critical Paths under _main in BANK8

    None.

Critical Paths under _main in BANK9

    None.

Critical Paths under _main in BANK10

    None.

Critical Paths under _main in BANK11

    None.

Critical Paths under _main in BANK12

    None.

Call Graph Tables:

 ---------------------------------------------------------------------------------
 (Depth) Function   	        Calls       Base Space   Used Autos Params    Refs
 ---------------------------------------------------------------------------------
 (0) _main                                                 7     7      0    1176
                                              3 COMMON     7     7      0
                         _master_reg
                         _mastersend
 ---------------------------------------------------------------------------------
 (1) _mastersend                                           3     0      3    1084
                                              0 COMMON     3     0      3
 ---------------------------------------------------------------------------------
 (1) _master_reg                                           0     0      0       0
 ---------------------------------------------------------------------------------
 Estimated maximum stack depth 1
 ---------------------------------------------------------------------------------

 Call Graph Graphs:

 _main (ROOT)
   _master_reg
   _mastersend

 Address spaces:
Name               Size   Autos  Total    Cost      Usage
BIGRAM             3F0      0       0       0        0.0%
EEDATA             100      0       0       0        0.0%
NULL                 0      0       0       0        0.0%
CODE                 0      0       0       0        0.0%
BITCOMMON            E      0       0       1        0.0%
BITSFR0              0      0       0       1        0.0%
SFR0                 0      0       0       1        0.0%
COMMON               E      A       B       2       78.6%
BITSFR1              0      0       0       2        0.0%
SFR1                 0      0       0       2        0.0%
BITSFR2              0      0       0       3        0.0%
SFR2                 0      0       0       3        0.0%
STACK                0      0       0       3        0.0%
BITBANK0            50      0       0       4        0.0%
BITSFR3              0      0       0       4        0.0%
SFR3                 0      0       0       4        0.0%
BANK0               50      0       0       5        0.0%
BITSFR4              0      0       0       5        0.0%
SFR4                 0      0       0       5        0.0%
BITBANK1            50      0       0       6        0.0%
BITSFR5              0      0       0       6        0.0%
SFR5                 0      0       0       6        0.0%
BANK1               50      0       0       7        0.0%
BITSFR6              0      0       0       7        0.0%
SFR6                 0      0       0       7        0.0%
BITBANK2            50      0       0       8        0.0%
BITSFR7              0      0       0       8        0.0%
SFR7                 0      0       0       8        0.0%
BANK2               50      0       0       9        0.0%
BITSFR8              0      0       0       9        0.0%
SFR8                 0      0       0       9        0.0%
BITBANK3            50      0       0      10        0.0%
BITSFR9              0      0       0      10        0.0%
SFR9                 0      0       0      10        0.0%
BANK3               50      0       0      11        0.0%
BITSFR10             0      0       0      11        0.0%
SFR10                0      0       0      11        0.0%
BITBANK4            50      0       0      12        0.0%
BITSFR11             0      0       0      12        0.0%
SFR11                0      0       0      12        0.0%
BANK4               50      0       0      13        0.0%
BITSFR12             0      0       0      13        0.0%
SFR12                0      0       0      13        0.0%
BITBANK5            50      0       0      14        0.0%
BITSFR13             0      0       0      14        0.0%
SFR13                0      0       0      14        0.0%
BANK5               50      0       0      15        0.0%
BITSFR14             0      0       0      15        0.0%
SFR14                0      0       0      15        0.0%
BITBANK6            50      0       0      16        0.0%
BITSFR15             0      0       0      16        0.0%
SFR15                0      0       0      16        0.0%
BANK6               50      0       0      17        0.0%
BITSFR16             0      0       0      17        0.0%
SFR16                0      0       0      17        0.0%
BITBANK7            50      0       0      18        0.0%
BITSFR17             0      0       0      18        0.0%
SFR17                0      0       0      18        0.0%
BANK7               50      0       0      19        0.0%
BITSFR18             0      0       0      19        0.0%
SFR18                0      0       0      19        0.0%
BITSFR19             0      0       0      20        0.0%
SFR19                0      0       0      20        0.0%
ABS                  0      0       B      20        0.0%
BITBANK8            50      0       0      21        0.0%
BITSFR20             0      0       0      21        0.0%
SFR20                0      0       0      21        0.0%
BANK8               50      0       0      22        0.0%
BITSFR21             0      0       0      22        0.0%
SFR21                0      0       0      22        0.0%
BITBANK9            50      0       0      23        0.0%
BITSFR22             0      0       0      23        0.0%
SFR22                0      0       0      23        0.0%
BANK9               50      0       0      24        0.0%
BITSFR23             0      0       0      24        0.0%
SFR23                0      0       0      24        0.0%
BITBANK10           50      0       0      25        0.0%
BITSFR24             0      0       0      25        0.0%
SFR24                0      0       0      25        0.0%
BANK10              50      0       0      26        0.0%
BITSFR25             0      0       0      26        0.0%
SFR25                0      0       0      26        0.0%
BITBANK11           50      0       0      27        0.0%
BITSFR26             0      0       0      27        0.0%
SFR26                0      0       0      27        0.0%
BANK11              50      0       0      28        0.0%
BITSFR27             0      0       0      28        0.0%
SFR27                0      0       0      28        0.0%
BITBANK12           30      0       0      29        0.0%
BITSFR28             0      0       0      29        0.0%
SFR28                0      0       0      29        0.0%
BANK12              30      0       0      30        0.0%
BITSFR29             0      0       0      30        0.0%
SFR29                0      0       0      30        0.0%
BITSFR30             0      0       0      31        0.0%
SFR30                0      0       0      31        0.0%
DATA                 0      0       B      31        0.0%
BITSFR31             0      0       0      32        0.0%
SFR31                0      0       0      32        0.0%


Microchip Technology PIC Macro Assembler V1.34 build -361300703 
Symbol Table                                                                                   Tue Aug 18 10:59:38 2015

            __CFG_CP$OFF 0000                       l96 0726                      l101 0734  
                    l121 077F                      l113 0761                      l105 0743  
                    l141 07CA                      l133 07AC                      l125 078E  
                    l117 0770                      l109 0752                      l153 07F7  
                    l145 07D9                      l137 07BB                      l129 079D  
                    l149 07E8                      l801 0757                      l813 0775  
                    l831 07A2                      l807 0766                      l825 0793  
                    l843 07C0                      l819 0784                      l861 07ED  
                    l837 07B1                      l855 07DE                      l783 072B  
                    l849 07CF                      l873 06C4                      l795 0748  
                    l789 0739                      _GIE 005F                      _RA0 0060  
                    _RA1 0061                      _RA2 0062                      _RA3 0063  
                    _RC0 0070                      _RA4 0064                      _RC1 0071  
                    _RA5 0065                      _RC2 0072                      _RC3 0073  
                    _RB5 006D                      _RC4 0074                      _RC5 0075  
                    _RB7 006F                      _RC6 0076             __CFG_CPD$OFF 0000  
                    u637 06D4                      u647 06EA                      u657 0700  
                    u667 0716             __CFG_BORV$LO 0000             __CFG_LVP$OFF 0000  
                   _PEIE 005E             __CFG_WRT$OFF 0000                     _main 06B0  
                   btemp 007E                     ltemp 007E                     start 0002  
                   ttemp 007E                     wtemp 007E            __CFG_IESO$OFF 0000  
                  ?_main 0070            __CFG_WDTE$OFF 0000                    _PORTA 000C  
                  _PORTB 000D                    _PORTC 000E                    _TRISA 008C  
                  _TRISB 008D                    _TRISC 008E           __CFG_FCMEN$OFF 0000  
                  main@a 0076                    main@b 0077                    main@c 0078  
                  main@d 0079           __CFG_BOREN$OFF 0000                    ltemp0 007E  
                  ltemp1 0082                    ltemp2 0086                    ltemp3 0080  
                  ttemp0 007E                    ttemp1 0081                    ttemp2 0084  
                  ttemp3 0087                    ttemp4 007F                    status 0003  
                  wtemp0 007E                    wtemp1 0080                    wtemp2 0082  
                  wtemp3 0084                    wtemp4 0086                    wtemp5 0088  
                  wtemp6 007F           __CFG_MCLRE$OFF 0000          __initialization 07FC  
           __end_of_main 071D                   ??_main 0073           __CFG_PLLEN$OFF 0000  
                 _ANSELA 018C                   _ANSELB 018D                   _ANSELC 018E  
                 _OSCCON 0099                   _SSP1IE 048B                   _SSP1IF 008B  
         __CFG_PWRTE$OFF 0000                   _r_data 007A  __end_of__initialization 07FD  
         __pcstackCOMMON 0070               __pmaintext 06B0                  _SSP1BUF 0211  
        __CFG_STVREN$OFF 0000               _master_reg 0698                  __ptext0 0000  
                __ptext1 071D                  __ptext2 0698               _mastersend 071D  
   end_of_initialization 07FD         __CFG_FOSC$INTOSC 0000              ?_master_reg 0070  
            ?_mastersend 0070      start_initialization 07FC              __pbssCOMMON 007A  
              ___latbits 0002      __size_of_master_reg 0018      __size_of_mastersend 00DF  
               _SSP1CON1 0215                 _SSP1STAT 0214             ??_master_reg 0070  
           ??_mastersend 0073         mastersend@s_data 0072            __size_of_main 006D  
     __end_of_master_reg 06B0       __end_of_mastersend 07FC             _SSP1STATbits 0214  
      __CFG_CLKOUTEN$OFF 0000            mastersend@obj 0070  
